TN:
SF:/usr/include/c++/4.4/bits/allocator.h
FN:101,_ZNSaISt13_Rb_tree_nodeI10CoordinateEEC2Ev
FN:109,_ZNSaISt13_Rb_tree_nodeI10CoordinateEED2Ev
FN:101,_ZNSaI10CoordinateEC1Ev
FN:103,_ZNSaI10CoordinateEC2ERKS0_
FN:109,_ZNSaI10CoordinateED2Ev
FN:109,_ZNSaI10CoordinateED1Ev
FN:107,_ZNSaI10CoordinateEC1ISt13_Rb_tree_nodeIS_EEERKSaIT_E
FN:101,_ZNSaIcEC1Ev
FN:103,_ZNSaIcEC1ERKS_
FN:109,_ZNSaIcED2Ev
FN:109,_ZNSaIcED1Ev
FNDA:42,_ZNSaISt13_Rb_tree_nodeI10CoordinateEEC2Ev
FNDA:0,_ZNSaI10CoordinateEC1Ev
FNDA:0,_ZNSaIcEC1Ev
FNDA:0,_ZNSaI10CoordinateEC2ERKS0_
FNDA:0,_ZNSaIcEC1ERKS_
FNDA:564,_ZNSaI10CoordinateEC1ISt13_Rb_tree_nodeIS_EEERKSaIT_E
FNDA:42,_ZNSaISt13_Rb_tree_nodeI10CoordinateEED2Ev
FNDA:0,_ZNSaI10CoordinateED2Ev
FNDA:0,_ZNSaI10CoordinateED1Ev
FNDA:0,_ZNSaIcED2Ev
FNDA:0,_ZNSaIcED1Ev
FNF:11
FNH:3
DA:101,42
DA:103,0
DA:104,0
DA:107,564
DA:109,42
LF:5
LH:3
end_of_record
SF:/usr/include/c++/4.4/bits/basic_ios.h
FN:127,_ZNKSt9basic_iosIcSt11char_traitsIcEE7rdstateEv
FN:147,_ZNSt9basic_iosIcSt11char_traitsIcEE8setstateESt12_Ios_Iostate
FN:46,_ZSt13__check_facetISt5ctypeIcEERKT_PS3_
FN:439,_ZNKSt9basic_iosIcSt11char_traitsIcEE5widenEc
FNDA:0,_ZSt13__check_facetISt5ctypeIcEERKT_PS3_
FNDA:0,_ZNKSt9basic_iosIcSt11char_traitsIcEE7rdstateEv
FNDA:0,_ZNSt9basic_iosIcSt11char_traitsIcEE8setstateESt12_Ios_Iostate
FNDA:0,_ZNKSt9basic_iosIcSt11char_traitsIcEE5widenEc
FNF:4
FNH:0
DA:46,0
DA:48,0
DA:49,0
DA:50,0
DA:127,0
DA:128,0
DA:147,0
DA:148,0
DA:439,0
DA:440,0
BA:48,0
BA:48,0
LF:10
LH:0
end_of_record
SF:/usr/include/c++/4.4/bits/basic_string.h
FN:272,_ZNKSs7_M_dataEv
FN:280,_ZNKSs6_M_repEv
FN:173,_ZNSs4_Rep12_S_empty_repEv
FN:1632,_ZNKSs13get_allocatorEv
FN:253,_ZNSs12_Alloc_hiderD1Ev
FN:224,_ZNSs4_Rep10_M_disposeERKSaIcE
FN:497,_ZNSsD1Ev
FNDA:0,_ZNSs4_Rep12_S_empty_repEv
FNDA:0,_ZNSs4_Rep10_M_disposeERKSaIcE
FNDA:0,_ZNSs12_Alloc_hiderD1Ev
FNDA:0,_ZNKSs7_M_dataEv
FNDA:0,_ZNKSs6_M_repEv
FNDA:0,_ZNSsD1Ev
FNDA:0,_ZNKSs13get_allocatorEv
FNF:7
FNH:0
DA:173,0
DA:178,0
DA:179,0
DA:224,0
DA:227,0
DA:229,0
DA:231,0
DA:232,0
DA:253,0
DA:272,0
DA:273,0
DA:280,0
DA:281,0
DA:497,0
DA:498,0
DA:1632,0
DA:1633,0
BA:227,0
BA:227,0
BA:229,0
BA:229,0
LF:17
LH:0
end_of_record
SF:/usr/include/c++/4.4/bits/char_traits.h
FN:262,_ZNSt11char_traitsIcE6lengthEPKc
FNDA:0,_ZNSt11char_traitsIcE6lengthEPKc
FNF:1
FNH:0
DA:262,0
DA:263,0
LF:2
LH:0
end_of_record
SF:/usr/include/c++/4.4/bits/ios_base.h
FN:166,_ZStorSt12_Ios_IostateS_
FNDA:0,_ZStorSt12_Ios_IostateS_
FNF:1
FNH:0
DA:166,0
DA:167,0
LF:2
LH:0
end_of_record
SF:/usr/include/c++/4.4/bits/locale_facets.h
FN:865,_ZNKSt5ctypeIcE5widenEc
FNDA:0,_ZNKSt5ctypeIcE5widenEc
FNF:1
FNH:0
DA:865,0
DA:867,0
DA:868,0
DA:869,0
DA:870,0
BA:867,0
BA:867,0
LF:5
LH:0
end_of_record
SF:/usr/include/c++/4.4/bits/stl_construct.h
FN:82,_ZSt8_DestroyI10CoordinateEvPT_
FN:90,_ZNSt12_Destroy_auxILb0EE9__destroyIP10CoordinateEEvT_S4_
FN:112,_ZSt8_DestroyIP10CoordinateEvT_S2_
FN:139,_ZSt8_DestroyIP10CoordinateS0_EvT_S2_RSaIT0_E
FN:70,_ZSt10_ConstructI10CoordinateS0_EvPT_RKT0_
FNDA:0,_ZSt10_ConstructI10CoordinateS0_EvPT_RKT0_
FNDA:0,_ZSt8_DestroyI10CoordinateEvPT_
FNDA:0,_ZNSt12_Destroy_auxILb0EE9__destroyIP10CoordinateEEvT_S4_
FNDA:0,_ZSt8_DestroyIP10CoordinateEvT_S2_
FNDA:0,_ZSt8_DestroyIP10CoordinateS0_EvT_S2_RSaIT0_E
FNF:5
FNH:0
DA:70,0
DA:74,0
DA:75,0
DA:82,0
DA:83,0
DA:90,0
DA:92,0
DA:93,0
DA:94,0
DA:112,0
DA:116,0
DA:118,0
DA:139,0
DA:142,0
DA:143,0
BA:74,0
BA:74,0
BA:92,0
BA:92,0
LF:15
LH:0
end_of_record
SF:/usr/include/c++/4.4/bits/stl_function.h
FN:475,_ZNKSt9_IdentityI10CoordinateEclERKS0_
FNDA:2786,_ZNKSt9_IdentityI10CoordinateEclERKS0_
FNF:1
FNH:1
DA:475,2786
DA:476,2786
LF:2
LH:2
end_of_record
SF:/usr/include/c++/4.4/bits/stl_iterator.h
FN:702,_ZNK9__gnu_cxx17__normal_iteratorIPK10CoordinateSt6vectorIS1_SaIS1_EEEptEv
FN:686,_ZN9__gnu_cxx17__normal_iteratorIPK10CoordinateSt6vectorIS1_SaIS1_EEEC1ERKS3_
FN:713,_ZN9__gnu_cxx17__normal_iteratorIPK10CoordinateSt6vectorIS1_SaIS1_EEEppEi
FN:750,_ZNK9__gnu_cxx17__normal_iteratorIPK10CoordinateSt6vectorIS1_SaIS1_EEE4baseEv
FN:783,_ZN9__gnu_cxxneIPK10CoordinateSt6vectorIS1_SaIS1_EEEEbRKNS_17__normal_iteratorIT_T0_EESC_
FNDA:0,_ZN9__gnu_cxx17__normal_iteratorIPK10CoordinateSt6vectorIS1_SaIS1_EEEC1ERKS3_
FNDA:0,_ZNK9__gnu_cxx17__normal_iteratorIPK10CoordinateSt6vectorIS1_SaIS1_EEEptEv
FNDA:0,_ZN9__gnu_cxx17__normal_iteratorIPK10CoordinateSt6vectorIS1_SaIS1_EEEppEi
FNDA:0,_ZNK9__gnu_cxx17__normal_iteratorIPK10CoordinateSt6vectorIS1_SaIS1_EEE4baseEv
FNDA:0,_ZN9__gnu_cxxneIPK10CoordinateSt6vectorIS1_SaIS1_EEEEbRKNS_17__normal_iteratorIT_T0_EESC_
FNF:5
FNH:0
DA:686,0
DA:702,0
DA:703,0
DA:713,0
DA:714,0
DA:750,0
DA:751,0
DA:783,0
DA:785,0
LF:9
LH:0
end_of_record
SF:/usr/include/c++/4.4/bits/stl_list.h
FN:200,_ZNSt20_List_const_iteratorISt6vectorI10CoordinateSaIS1_EEEC1Ev
FN:255,_ZNKSt20_List_const_iteratorISt6vectorI10CoordinateSaIS1_EEEneERKS4_
FN:228,_ZNSt20_List_const_iteratorISt6vectorI10CoordinateSaIS1_EEEppEi
FN:213,_ZNKSt20_List_const_iteratorISt6vectorI10CoordinateSaIS1_EEEdeEv
FN:204,_ZNSt20_List_const_iteratorISt6vectorI10CoordinateSaIS1_EEEC1EPKSt15_List_node_base
FN:698,_ZNKSt4listISt6vectorI10CoordinateSaIS1_EESaIS3_EE5beginEv
FN:716,_ZNKSt4listISt6vectorI10CoordinateSaIS1_EESaIS3_EE3endEv
FNDA:0,_ZNSt20_List_const_iteratorISt6vectorI10CoordinateSaIS1_EEEC1Ev
FNDA:0,_ZNSt20_List_const_iteratorISt6vectorI10CoordinateSaIS1_EEEC1EPKSt15_List_node_base
FNDA:0,_ZNKSt20_List_const_iteratorISt6vectorI10CoordinateSaIS1_EEEdeEv
FNDA:0,_ZNSt20_List_const_iteratorISt6vectorI10CoordinateSaIS1_EEEppEi
FNDA:0,_ZNKSt20_List_const_iteratorISt6vectorI10CoordinateSaIS1_EEEneERKS4_
FNDA:0,_ZNKSt4listISt6vectorI10CoordinateSaIS1_EESaIS3_EE5beginEv
FNDA:0,_ZNKSt4listISt6vectorI10CoordinateSaIS1_EESaIS3_EE3endEv
FNF:7
FNH:0
DA:200,0
DA:201,0
DA:204,0
DA:205,0
DA:213,0
DA:214,0
DA:228,0
DA:230,0
DA:231,0
DA:255,0
DA:256,0
DA:698,0
DA:699,0
DA:716,0
DA:717,0
LF:15
LH:0
end_of_record
SF:/usr/include/c++/4.4/bits/stl_pair.h
FN:83,_ZNSt4pairISt23_Rb_tree_const_iteratorI10CoordinateEbEC1ERKS2_RKb
FN:83,_ZNSt4pairISt17_Rb_tree_iteratorI10CoordinateEbEC1ERKS2_RKb
FNDA:282,_ZNSt4pairISt23_Rb_tree_const_iteratorI10CoordinateEbEC1ERKS2_RKb
FNDA:282,_ZNSt4pairISt17_Rb_tree_iteratorI10CoordinateEbEC1ERKS2_RKb
FNF:2
FNH:2
DA:83,564
DA:84,564
LF:2
LH:2
end_of_record
SF:/usr/include/c++/4.4/bits/stl_set.h
FN:291,_ZNKSt3setI10CoordinateNS0_10comparatorESaIS0_EE5beginEv
FN:300,_ZNKSt3setI10CoordinateNS0_10comparatorESaIS0_EE3endEv
FN:547,_ZNSt3setI10CoordinateNS0_10comparatorESaIS0_EE4findERKS0_
FN:136,_ZNSt3setI10CoordinateNS0_10comparatorESaIS0_EEC1Ev
FN:515,_ZNSt3setI10CoordinateNS0_10comparatorESaIS0_EE5clearEv
FN:88,_ZNSt3setI10CoordinateNS0_10comparatorESaIS0_EED1Ev
FN:408,_ZNSt3setI10CoordinateNS0_10comparatorESaIS0_EE6insertERKS0_
FNDA:42,_ZNSt3setI10CoordinateNS0_10comparatorESaIS0_EED1Ev
FNDA:42,_ZNSt3setI10CoordinateNS0_10comparatorESaIS0_EEC1Ev
FNDA:23,_ZNKSt3setI10CoordinateNS0_10comparatorESaIS0_EE5beginEv
FNDA:201,_ZNKSt3setI10CoordinateNS0_10comparatorESaIS0_EE3endEv
FNDA:282,_ZNSt3setI10CoordinateNS0_10comparatorESaIS0_EE6insertERKS0_
FNDA:3,_ZNSt3setI10CoordinateNS0_10comparatorESaIS0_EE5clearEv
FNDA:32,_ZNSt3setI10CoordinateNS0_10comparatorESaIS0_EE4findERKS0_
FNF:7
FNH:7
DA:88,42
DA:136,42
DA:137,42
DA:291,23
DA:292,23
DA:300,201
DA:301,201
DA:408,282
DA:411,282
DA:412,282
DA:515,3
DA:516,3
DA:547,32
DA:548,32
LF:14
LH:14
end_of_record
SF:/usr/include/c++/4.4/bits/stl_tree.h
FN:291,_ZNKSt23_Rb_tree_const_iteratorI10CoordinateEneERKS1_
FN:238,_ZNSt23_Rb_tree_const_iteratorI10CoordinateEC1Ev
FN:249,_ZNKSt23_Rb_tree_const_iteratorI10CoordinateEdeEv
FN:287,_ZNKSt23_Rb_tree_const_iteratorI10CoordinateEeqERKS1_
FN:481,_ZNSt8_Rb_treeI10CoordinateS0_St9_IdentityIS0_ENS0_10comparatorESaIS0_EE8_M_beginEv
FN:245,_ZNSt23_Rb_tree_const_iteratorI10CoordinateEC1ERKSt17_Rb_tree_iteratorIS0_E
FN:516,_ZNSt8_Rb_treeI10CoordinateS0_St9_IdentityIS0_ENS0_10comparatorESaIS0_EE8_S_rightEPSt18_Rb_tree_node_base
FN:508,_ZNSt8_Rb_treeI10CoordinateS0_St9_IdentityIS0_ENS0_10comparatorESaIS0_EE7_S_leftEPSt18_Rb_tree_node_base
FN:242,_ZNSt23_Rb_tree_const_iteratorI10CoordinateEC1EPKSt13_Rb_tree_nodeIS0_E
FN:632,_ZNKSt8_Rb_treeI10CoordinateS0_St9_IdentityIS0_ENS0_10comparatorESaIS0_EE5beginEv
FN:643,_ZNKSt8_Rb_treeI10CoordinateS0_St9_IdentityIS0_ENS0_10comparatorESaIS0_EE3endEv
FN:492,_ZNSt8_Rb_treeI10CoordinateS0_St9_IdentityIS0_ENS0_10comparatorESaIS0_EE6_M_endEv
FN:212,_ZNKSt17_Rb_tree_iteratorI10CoordinateEeqERKS1_
FN:170,_ZNSt17_Rb_tree_iteratorI10CoordinateEC1EPSt13_Rb_tree_nodeIS0_E
FN:639,_ZNSt8_Rb_treeI10CoordinateS0_St9_IdentityIS0_ENS0_10comparatorESaIS0_EE3endEv
FN:625,_ZNSt8_Rb_treeI10CoordinateS0_St9_IdentityIS0_ENS0_10comparatorESaIS0_EE5beginEv
FN:465,_ZNSt8_Rb_treeI10CoordinateS0_St9_IdentityIS0_ENS0_10comparatorESaIS0_EE11_M_leftmostEv
FN:457,_ZNSt8_Rb_treeI10CoordinateS0_St9_IdentityIS0_ENS0_10comparatorESaIS0_EE7_M_rootEv
FN:473,_ZNSt8_Rb_treeI10CoordinateS0_St9_IdentityIS0_ENS0_10comparatorESaIS0_EE12_M_rightmostEv
FN:444,_ZNSt8_Rb_treeI10CoordinateS0_St9_IdentityIS0_ENS0_10comparatorESaIS0_EE13_Rb_tree_implIS3_Lb1EE13_M_initializeEv
FN:524,_ZNSt8_Rb_treeI10CoordinateS0_St9_IdentityIS0_ENS0_10comparatorESaIS0_EE8_S_valueEPKSt18_Rb_tree_node_base
FN:528,_ZNSt8_Rb_treeI10CoordinateS0_St9_IdentityIS0_ENS0_10comparatorESaIS0_EE6_S_keyEPKSt18_Rb_tree_node_base
FN:500,_ZNSt8_Rb_treeI10CoordinateS0_St9_IdentityIS0_ENS0_10comparatorESaIS0_EE8_S_valueEPKSt13_Rb_tree_nodeIS0_E
FN:504,_ZNSt8_Rb_treeI10CoordinateS0_St9_IdentityIS0_ENS0_10comparatorESaIS0_EE6_S_keyEPKSt13_Rb_tree_nodeIS0_E
FN:981,_ZNSt8_Rb_treeI10CoordinateS0_St9_IdentityIS0_ENS0_10comparatorESaIS0_EE14_M_lower_boundEPSt13_Rb_tree_nodeIS0_ES8_RKS0_
FN:1418,_ZNSt8_Rb_treeI10CoordinateS0_St9_IdentityIS0_ENS0_10comparatorESaIS0_EE4findERKS0_
FN:349,_ZNKSt8_Rb_treeI10CoordinateS0_St9_IdentityIS0_ENS0_10comparatorESaIS0_EE21_M_get_Node_allocatorEv
FN:432,_ZNSt8_Rb_treeI10CoordinateS0_St9_IdentityIS0_ENS0_10comparatorESaIS0_EE13_Rb_tree_implIS3_Lb1EEC1Ev
FN:591,_ZNSt8_Rb_treeI10CoordinateS0_St9_IdentityIS0_ENS0_10comparatorESaIS0_EEC1Ev
FN:427,_ZNSt8_Rb_treeI10CoordinateS0_St9_IdentityIS0_ENS0_10comparatorESaIS0_EE13_Rb_tree_implIS3_Lb1EED1Ev
FN:353,_ZNKSt8_Rb_treeI10CoordinateS0_St9_IdentityIS0_ENS0_10comparatorESaIS0_EE13get_allocatorEv
FN:362,_ZNSt8_Rb_treeI10CoordinateS0_St9_IdentityIS0_ENS0_10comparatorESaIS0_EE11_M_put_nodeEPSt13_Rb_tree_nodeIS0_E
FN:381,_ZNSt8_Rb_treeI10CoordinateS0_St9_IdentityIS0_ENS0_10comparatorESaIS0_EE15_M_destroy_nodeEPSt13_Rb_tree_nodeIS0_E
FN:964,_ZNSt8_Rb_treeI10CoordinateS0_St9_IdentityIS0_ENS0_10comparatorESaIS0_EE8_M_eraseEPSt13_Rb_tree_nodeIS0_E
FN:724,_ZNSt8_Rb_treeI10CoordinateS0_St9_IdentityIS0_ENS0_10comparatorESaIS0_EE5clearEv
FN:613,_ZNSt8_Rb_treeI10CoordinateS0_St9_IdentityIS0_ENS0_10comparatorESaIS0_EED1Ev
FN:358,_ZNSt8_Rb_treeI10CoordinateS0_St9_IdentityIS0_ENS0_10comparatorESaIS0_EE11_M_get_nodeEv
FN:367,_ZNSt8_Rb_treeI10CoordinateS0_St9_IdentityIS0_ENS0_10comparatorESaIS0_EE14_M_create_nodeERKS0_
FN:197,_ZNSt17_Rb_tree_iteratorI10CoordinateEmmEv
FN:874,_ZNSt8_Rb_treeI10CoordinateS0_St9_IdentityIS0_ENS0_10comparatorESaIS0_EE10_M_insert_EPKSt18_Rb_tree_node_baseS8_RKS0_
FN:1161,_ZNSt8_Rb_treeI10CoordinateS0_St9_IdentityIS0_ENS0_10comparatorESaIS0_EE16_M_insert_uniqueERKS0_
FN:264,_ZNSt23_Rb_tree_const_iteratorI10CoordinateEppEi
FNDA:689,_ZNSt17_Rb_tree_iteratorI10CoordinateEC1EPSt13_Rb_tree_nodeIS0_E
FNDA:0,_ZNSt17_Rb_tree_iteratorI10CoordinateEmmEv
FNDA:72,_ZNKSt17_Rb_tree_iteratorI10CoordinateEeqERKS1_
FNDA:12,_ZNSt23_Rb_tree_const_iteratorI10CoordinateEC1Ev
FNDA:224,_ZNSt23_Rb_tree_const_iteratorI10CoordinateEC1EPKSt13_Rb_tree_nodeIS0_E
FNDA:314,_ZNSt23_Rb_tree_const_iteratorI10CoordinateEC1ERKSt17_Rb_tree_iteratorIS0_E
FNDA:167,_ZNKSt23_Rb_tree_const_iteratorI10CoordinateEdeEv
FNDA:146,_ZNSt23_Rb_tree_const_iteratorI10CoordinateEppEi
FNDA:20,_ZNKSt23_Rb_tree_const_iteratorI10CoordinateEeqERKS1_
FNDA:181,_ZNKSt23_Rb_tree_const_iteratorI10CoordinateEneERKS1_
FNDA:564,_ZNKSt8_Rb_treeI10CoordinateS0_St9_IdentityIS0_ENS0_10comparatorESaIS0_EE21_M_get_Node_allocatorEv
FNDA:564,_ZNKSt8_Rb_treeI10CoordinateS0_St9_IdentityIS0_ENS0_10comparatorESaIS0_EE13get_allocatorEv
FNDA:282,_ZNSt8_Rb_treeI10CoordinateS0_St9_IdentityIS0_ENS0_10comparatorESaIS0_EE11_M_get_nodeEv
FNDA:282,_ZNSt8_Rb_treeI10CoordinateS0_St9_IdentityIS0_ENS0_10comparatorESaIS0_EE11_M_put_nodeEPSt13_Rb_tree_nodeIS0_E
FNDA:282,_ZNSt8_Rb_treeI10CoordinateS0_St9_IdentityIS0_ENS0_10comparatorESaIS0_EE14_M_create_nodeERKS0_
FNDA:282,_ZNSt8_Rb_treeI10CoordinateS0_St9_IdentityIS0_ENS0_10comparatorESaIS0_EE15_M_destroy_nodeEPSt13_Rb_tree_nodeIS0_E
FNDA:42,_ZNSt8_Rb_treeI10CoordinateS0_St9_IdentityIS0_ENS0_10comparatorESaIS0_EE13_Rb_tree_implIS3_Lb1EED1Ev
FNDA:42,_ZNSt8_Rb_treeI10CoordinateS0_St9_IdentityIS0_ENS0_10comparatorESaIS0_EE13_Rb_tree_implIS3_Lb1EEC1Ev
FNDA:42,_ZNSt8_Rb_treeI10CoordinateS0_St9_IdentityIS0_ENS0_10comparatorESaIS0_EE13_Rb_tree_implIS3_Lb1EE13_M_initializeEv
FNDA:3,_ZNSt8_Rb_treeI10CoordinateS0_St9_IdentityIS0_ENS0_10comparatorESaIS0_EE7_M_rootEv
FNDA:3,_ZNSt8_Rb_treeI10CoordinateS0_St9_IdentityIS0_ENS0_10comparatorESaIS0_EE11_M_leftmostEv
FNDA:3,_ZNSt8_Rb_treeI10CoordinateS0_St9_IdentityIS0_ENS0_10comparatorESaIS0_EE12_M_rightmostEv
FNDA:359,_ZNSt8_Rb_treeI10CoordinateS0_St9_IdentityIS0_ENS0_10comparatorESaIS0_EE8_M_beginEv
FNDA:602,_ZNSt8_Rb_treeI10CoordinateS0_St9_IdentityIS0_ENS0_10comparatorESaIS0_EE6_M_endEv
FNDA:927,_ZNSt8_Rb_treeI10CoordinateS0_St9_IdentityIS0_ENS0_10comparatorESaIS0_EE8_S_valueEPKSt13_Rb_tree_nodeIS0_E
FNDA:927,_ZNSt8_Rb_treeI10CoordinateS0_St9_IdentityIS0_ENS0_10comparatorESaIS0_EE6_S_keyEPKSt13_Rb_tree_nodeIS0_E
FNDA:303,_ZNSt8_Rb_treeI10CoordinateS0_St9_IdentityIS0_ENS0_10comparatorESaIS0_EE7_S_leftEPSt18_Rb_tree_node_base
FNDA:1188,_ZNSt8_Rb_treeI10CoordinateS0_St9_IdentityIS0_ENS0_10comparatorESaIS0_EE8_S_rightEPSt18_Rb_tree_node_base
FNDA:495,_ZNSt8_Rb_treeI10CoordinateS0_St9_IdentityIS0_ENS0_10comparatorESaIS0_EE8_S_valueEPKSt18_Rb_tree_node_base
FNDA:495,_ZNSt8_Rb_treeI10CoordinateS0_St9_IdentityIS0_ENS0_10comparatorESaIS0_EE6_S_keyEPKSt18_Rb_tree_node_base
FNDA:42,_ZNSt8_Rb_treeI10CoordinateS0_St9_IdentityIS0_ENS0_10comparatorESaIS0_EEC1Ev
FNDA:42,_ZNSt8_Rb_treeI10CoordinateS0_St9_IdentityIS0_ENS0_10comparatorESaIS0_EED1Ev
FNDA:40,_ZNSt8_Rb_treeI10CoordinateS0_St9_IdentityIS0_ENS0_10comparatorESaIS0_EE5beginEv
FNDA:23,_ZNKSt8_Rb_treeI10CoordinateS0_St9_IdentityIS0_ENS0_10comparatorESaIS0_EE5beginEv
FNDA:53,_ZNSt8_Rb_treeI10CoordinateS0_St9_IdentityIS0_ENS0_10comparatorESaIS0_EE3endEv
FNDA:201,_ZNKSt8_Rb_treeI10CoordinateS0_St9_IdentityIS0_ENS0_10comparatorESaIS0_EE3endEv
FNDA:3,_ZNSt8_Rb_treeI10CoordinateS0_St9_IdentityIS0_ENS0_10comparatorESaIS0_EE5clearEv
FNDA:282,_ZNSt8_Rb_treeI10CoordinateS0_St9_IdentityIS0_ENS0_10comparatorESaIS0_EE10_M_insert_EPKSt18_Rb_tree_node_baseS8_RKS0_
FNDA:327,_ZNSt8_Rb_treeI10CoordinateS0_St9_IdentityIS0_ENS0_10comparatorESaIS0_EE8_M_eraseEPSt13_Rb_tree_nodeIS0_E
FNDA:32,_ZNSt8_Rb_treeI10CoordinateS0_St9_IdentityIS0_ENS0_10comparatorESaIS0_EE14_M_lower_boundEPSt13_Rb_tree_nodeIS0_ES8_RKS0_
FNDA:282,_ZNSt8_Rb_treeI10CoordinateS0_St9_IdentityIS0_ENS0_10comparatorESaIS0_EE16_M_insert_uniqueERKS0_
FNDA:32,_ZNSt8_Rb_treeI10CoordinateS0_St9_IdentityIS0_ENS0_10comparatorESaIS0_EE4findERKS0_
FNF:42
FNH:41
DA:170,689
DA:171,689
DA:197,0
DA:199,0
DA:200,0
DA:212,72
DA:213,72
DA:238,12
DA:239,12
DA:242,224
DA:243,224
DA:245,314
DA:246,314
DA:249,167
DA:250,167
DA:264,146
DA:266,146
DA:267,146
DA:287,20
DA:288,20
DA:291,181
DA:292,181
DA:349,564
DA:350,564
DA:353,564
DA:354,564
DA:358,282
DA:359,282
DA:362,282
DA:363,282
DA:367,282
DA:369,282
DA:371,282
DA:372,0
DA:374,0
DA:375,0
DA:377,282
DA:381,282
DA:383,282
DA:384,282
DA:385,282
DA:427,42
DA:432,42
DA:434,42
DA:435,42
DA:444,42
DA:446,42
DA:447,42
DA:448,42
DA:449,42
DA:450,42
DA:457,3
DA:458,3
DA:465,3
DA:466,3
DA:473,3
DA:474,3
DA:481,359
DA:482,359
DA:492,602
DA:493,602
DA:500,927
DA:501,927
DA:504,927
DA:505,927
DA:508,303
DA:509,303
DA:516,1188
DA:517,1188
DA:524,495
DA:525,495
DA:528,495
DA:529,495
DA:591,42
DA:613,42
DA:614,42
DA:625,40
DA:628,40
DA:632,23
DA:635,23
DA:639,53
DA:640,53
DA:643,201
DA:646,201
DA:724,3
DA:726,3
DA:727,3
DA:728,3
DA:729,3
DA:730,3
DA:731,3
DA:874,282
DA:879,282
DA:881,282
DA:883,282
DA:886,282
DA:887,282
DA:964,327
DA:968,936
DA:970,282
DA:971,282
DA:972,282
DA:973,282
DA:975,327
DA:981,32
DA:985,111
DA:986,47
DA:987,21
DA:989,26
DA:990,32
DA:1161,282
DA:1164,282
DA:1165,282
DA:1166,282
DA:1167,1444
DA:1169,880
DA:1170,880
DA:1171,880
DA:1173,282
DA:1174,282
DA:1176,40
DA:1177,40
DA:1179,0
DA:1181,242
DA:1182,242
DA:1183,0
DA:1418,32
DA:1421,32
DA:1424,32
BA:879,2
BA:879,1
BA:879,2
BA:879,2
BA:879,1
BA:879,2
BA:968,2
BA:968,2
BA:985,2
BA:985,2
BA:986,2
BA:986,2
BA:1167,2
BA:1167,2
BA:1171,1
BA:1171,2
BA:1174,2
BA:1174,2
BA:1176,2
BA:1176,1
BA:1181,2
BA:1181,1
BA:1424,2
BA:1424,2
BA:1424,1
BA:1424,2
LF:129
LH:121
end_of_record
SF:/usr/include/c++/4.4/bits/stl_uninitialized.h
FN:180,_ZNSt22__uninitialized_fill_nILb0EE20uninitialized_fill_nIP10CoordinatejS2_EEvT_T0_RKT1_
FN:218,_ZSt20uninitialized_fill_nIP10CoordinatejS0_EvT_T0_RKT1_
FN:316,_ZSt24__uninitialized_fill_n_aIP10CoordinatejS0_S0_EvT_T0_RKT1_RSaIT2_E
FNDA:0,_ZNSt22__uninitialized_fill_nILb0EE20uninitialized_fill_nIP10CoordinatejS2_EEvT_T0_RKT1_
FNDA:0,_ZSt20uninitialized_fill_nIP10CoordinatejS0_EvT_T0_RKT1_
FNDA:0,_ZSt24__uninitialized_fill_n_aIP10CoordinatejS0_S0_EvT_T0_RKT1_RSaIT2_E
FNF:3
FNH:0
DA:180,0
DA:183,0
DA:186,0
DA:187,0
DA:189,0
DA:191,0
DA:192,0
DA:194,0
DA:218,0
DA:223,0
DA:225,0
DA:316,0
DA:318,0
BA:186,0
BA:186,0
LF:13
LH:0
end_of_record
SF:/usr/include/c++/4.4/bits/stl_vector.h
FN:610,_ZNSt6vectorI10CoordinateSaIS0_EEixEj
FN:434,_ZNKSt6vectorI10CoordinateSaIS0_EE5beginEv
FN:452,_ZNKSt6vectorI10CoordinateSaIS0_EE3endEv
FN:93,_ZNSt12_Vector_baseI10CoordinateSaIS0_EE19_M_get_Tp_allocatorEv
FN:84,_ZNSt12_Vector_baseI10CoordinateSaIS0_EE12_Vector_implC1ERKS1_
FN:75,_ZNSt12_Vector_baseI10CoordinateSaIS0_EE12_Vector_implD1Ev
FN:143,_ZNSt12_Vector_baseI10CoordinateSaIS0_EE13_M_deallocateEPS0_j
FN:131,_ZNSt12_Vector_baseI10CoordinateSaIS0_EED2Ev
FN:312,_ZNSt6vectorI10CoordinateSaIS0_EED1Ev
FN:139,_ZNSt12_Vector_baseI10CoordinateSaIS0_EE11_M_allocateEj
FN:110,_ZNSt12_Vector_baseI10CoordinateSaIS0_EEC2EjRKS1_
FN:1033,_ZNSt6vectorI10CoordinateSaIS0_EE18_M_fill_initializeEjRKS0_
FN:227,_ZNSt6vectorI10CoordinateSaIS0_EEC1EjRKS0_RKS1_
FNDA:0,_ZNSt12_Vector_baseI10CoordinateSaIS0_EE12_Vector_implD1Ev
FNDA:0,_ZNSt12_Vector_baseI10CoordinateSaIS0_EE12_Vector_implC1ERKS1_
FNDA:0,_ZNSt12_Vector_baseI10CoordinateSaIS0_EE19_M_get_Tp_allocatorEv
FNDA:0,_ZNSt12_Vector_baseI10CoordinateSaIS0_EEC2EjRKS1_
FNDA:0,_ZNSt12_Vector_baseI10CoordinateSaIS0_EED2Ev
FNDA:0,_ZNSt12_Vector_baseI10CoordinateSaIS0_EE11_M_allocateEj
FNDA:0,_ZNSt12_Vector_baseI10CoordinateSaIS0_EE13_M_deallocateEPS0_j
FNDA:0,_ZNSt6vectorI10CoordinateSaIS0_EEC1EjRKS0_RKS1_
FNDA:0,_ZNSt6vectorI10CoordinateSaIS0_EED1Ev
FNDA:0,_ZNKSt6vectorI10CoordinateSaIS0_EE5beginEv
FNDA:0,_ZNKSt6vectorI10CoordinateSaIS0_EE3endEv
FNDA:0,_ZNSt6vectorI10CoordinateSaIS0_EEixEj
FNDA:0,_ZNSt6vectorI10CoordinateSaIS0_EE18_M_fill_initializeEjRKS0_
FNF:13
FNH:0
DA:75,0
DA:84,0
DA:85,0
DA:86,0
DA:93,0
DA:94,0
DA:110,0
DA:111,0
DA:113,0
DA:114,0
DA:115,0
DA:116,0
DA:131,0
DA:132,0
DA:133,0
DA:139,0
DA:140,0
DA:143,0
DA:145,0
DA:146,0
DA:147,0
DA:227,0
DA:229,0
DA:230,0
DA:312,0
DA:313,0
DA:314,0
DA:434,0
DA:435,0
DA:452,0
DA:453,0
DA:610,0
DA:611,0
DA:1033,0
DA:1035,0
DA:1037,0
DA:1038,0
BA:140,0
BA:140,0
BA:145,0
BA:145,0
LF:37
LH:0
end_of_record
SF:/usr/include/c++/4.4/ext/atomicity.h
FN:62,_ZN9__gnu_cxxL25__exchange_and_add_singleEPii
FN:45,_ZN9__gnu_cxxL18__exchange_and_addEPVii
FN:75,_ZN9__gnu_cxxL27__exchange_and_add_dispatchEPii
FNDA:0,_ZN9__gnu_cxxL18__exchange_and_addEPVii
FNDA:0,_ZN9__gnu_cxxL25__exchange_and_add_singleEPii
FNDA:0,_ZN9__gnu_cxxL27__exchange_and_add_dispatchEPii
FNF:3
FNH:0
DA:45,0
DA:46,0
DA:62,0
DA:64,0
DA:65,0
DA:66,0
DA:75,0
DA:78,0
DA:79,0
DA:81,0
BA:78,0
BA:78,0
LF:10
LH:0
end_of_record
SF:/usr/include/c++/4.4/ext/new_allocator.h
FN:66,_ZN9__gnu_cxx13new_allocatorIcEC2Ev
FN:73,_ZN9__gnu_cxx13new_allocatorIcED2Ev
FN:66,_ZN9__gnu_cxx13new_allocatorI10CoordinateEC2Ev
FN:73,_ZN9__gnu_cxx13new_allocatorI10CoordinateED2Ev
FN:73,_ZN9__gnu_cxx13new_allocatorISt13_Rb_tree_nodeI10CoordinateEED2Ev
FN:68,_ZN9__gnu_cxx13new_allocatorIcEC2ERKS1_
FN:115,_ZN9__gnu_cxx13new_allocatorI10CoordinateE7destroyEPS1_
FN:66,_ZN9__gnu_cxx13new_allocatorISt13_Rb_tree_nodeI10CoordinateEEC2Ev
FN:68,_ZN9__gnu_cxx13new_allocatorI10CoordinateEC2ERKS2_
FN:98,_ZNK9__gnu_cxx13new_allocatorI10CoordinateE8max_sizeEv
FN:98,_ZNK9__gnu_cxx13new_allocatorISt13_Rb_tree_nodeI10CoordinateEE8max_sizeEv
FN:104,_ZN9__gnu_cxx13new_allocatorI10CoordinateE9constructEPS1_RKS1_
FN:94,_ZN9__gnu_cxx13new_allocatorI10CoordinateE10deallocateEPS1_j
FN:94,_ZN9__gnu_cxx13new_allocatorISt13_Rb_tree_nodeI10CoordinateEE10deallocateEPS3_j
FN:84,_ZN9__gnu_cxx13new_allocatorI10CoordinateE8allocateEjPKv
FN:84,_ZN9__gnu_cxx13new_allocatorISt13_Rb_tree_nodeI10CoordinateEE8allocateEjPKv
FNDA:0,_ZN9__gnu_cxx13new_allocatorIcEC2Ev
FNDA:0,_ZN9__gnu_cxx13new_allocatorI10CoordinateEC2Ev
FNDA:42,_ZN9__gnu_cxx13new_allocatorISt13_Rb_tree_nodeI10CoordinateEEC2Ev
FNDA:0,_ZN9__gnu_cxx13new_allocatorIcEC2ERKS1_
FNDA:0,_ZN9__gnu_cxx13new_allocatorI10CoordinateEC2ERKS2_
FNDA:0,_ZN9__gnu_cxx13new_allocatorIcED2Ev
FNDA:0,_ZN9__gnu_cxx13new_allocatorI10CoordinateED2Ev
FNDA:42,_ZN9__gnu_cxx13new_allocatorISt13_Rb_tree_nodeI10CoordinateEED2Ev
FNDA:0,_ZN9__gnu_cxx13new_allocatorI10CoordinateE8allocateEjPKv
FNDA:282,_ZN9__gnu_cxx13new_allocatorISt13_Rb_tree_nodeI10CoordinateEE8allocateEjPKv
FNDA:0,_ZN9__gnu_cxx13new_allocatorI10CoordinateE10deallocateEPS1_j
FNDA:282,_ZN9__gnu_cxx13new_allocatorISt13_Rb_tree_nodeI10CoordinateEE10deallocateEPS3_j
FNDA:0,_ZNK9__gnu_cxx13new_allocatorI10CoordinateE8max_sizeEv
FNDA:282,_ZNK9__gnu_cxx13new_allocatorISt13_Rb_tree_nodeI10CoordinateEE8max_sizeEv
FNDA:282,_ZN9__gnu_cxx13new_allocatorI10CoordinateE9constructEPS1_RKS1_
FNDA:282,_ZN9__gnu_cxx13new_allocatorI10CoordinateE7destroyEPS1_
FNF:16
FNH:7
DA:66,42
DA:68,0
DA:73,42
DA:84,282
DA:86,282
DA:87,0
DA:89,282
DA:94,282
DA:95,282
DA:98,282
DA:99,282
DA:104,282
DA:105,282
DA:115,282
BA:86,0
BA:86,0
BA:86,1
BA:86,2
BA:105,2
BA:105,1
LF:14
LH:12
end_of_record
SF:/usr/include/c++/4.4/i486-linux-gnu/bits/gthr-default.h
FN:238,_ZL18__gthread_active_pv
FNDA:0,_ZL18__gthread_active_pv
FNF:1
FNH:0
DA:238,0
DA:242,0
LF:2
LH:0
end_of_record
SF:/usr/include/c++/4.4/iostream
DA:72,1
LF:1
LH:1
end_of_record
SF:/usr/include/c++/4.4/new
FN:101,_ZnwjPv
FN:105,_ZdlPvS_
FNDA:0,_ZnwjPv
FNDA:0,_ZdlPvS_
FNF:2
FNH:0
DA:101,0
DA:105,0
LF:2
LH:0
end_of_record
SF:/usr/include/c++/4.4/ostream
FN:108,_ZNSolsEPFRSoS_E
FN:505,_ZStlsISt11char_traitsIcEERSt13basic_ostreamIcT_ES5_PKc
FN:559,_ZSt5flushIcSt11char_traitsIcEERSt13basic_ostreamIT_T0_ES6_
FN:538,_ZSt4endlIcSt11char_traitsIcEERSt13basic_ostreamIT_T0_ES6_
FNDA:0,_ZNSolsEPFRSoS_E
FNDA:0,_ZStlsISt11char_traitsIcEERSt13basic_ostreamIcT_ES5_PKc
FNDA:0,_ZSt4endlIcSt11char_traitsIcEERSt13basic_ostreamIT_T0_ES6_
FNDA:0,_ZSt5flushIcSt11char_traitsIcEERSt13basic_ostreamIT_T0_ES6_
FNF:4
FNH:0
DA:108,0
DA:113,0
DA:505,0
DA:507,0
DA:508,0
DA:510,0
DA:512,0
DA:538,0
DA:539,0
DA:559,0
DA:560,0
BA:507,0
BA:507,0
LF:11
LH:0
end_of_record
SF:/usr/include/c++/4.4/bits/allocator.h
FN:101,_ZNSaISt13_Rb_tree_nodeI10CoordinateEEC2Ev
FN:109,_ZNSaISt13_Rb_tree_nodeI10CoordinateEED2Ev
FN:101,_ZNSaI10CoordinateEC1Ev
FN:103,_ZNSaI10CoordinateEC2ERKS0_
FN:109,_ZNSaI10CoordinateED2Ev
FN:109,_ZNSaI10CoordinateED1Ev
FN:107,_ZNSaI10CoordinateEC1ISt13_Rb_tree_nodeIS_EEERKSaIT_E
FN:101,_ZNSaIcEC1Ev
FN:103,_ZNSaIcEC1ERKS_
FN:109,_ZNSaIcED2Ev
FN:109,_ZNSaIcED1Ev
DA:101,988
DA:103,1737
DA:104,1737
DA:107,5072
DA:109,7797
DA:167,252
DA:168,252
LF:7
LH:7
end_of_record
SF:/usr/include/c++/4.4/ext/atomicity.h
FN:62,_ZN9__gnu_cxxL25__exchange_and_add_singleEPii
FN:45,_ZN9__gnu_cxxL18__exchange_and_addEPVii
FN:75,_ZN9__gnu_cxxL27__exchange_and_add_dispatchEPii
DA:45,0
DA:46,0
DA:62,0
DA:64,0
DA:65,0
DA:66,0
DA:75,0
DA:78,0
DA:79,0
DA:81,0
LF:10
LH:0
end_of_record
SF:/usr/include/c++/4.4/bits/basic_ios.h
FN:127,_ZNKSt9basic_iosIcSt11char_traitsIcEE7rdstateEv
FN:147,_ZNSt9basic_iosIcSt11char_traitsIcEE8setstateESt12_Ios_Iostate
FN:46,_ZSt13__check_facetISt5ctypeIcEERKT_PS3_
FN:439,_ZNKSt9basic_iosIcSt11char_traitsIcEE5widenEc
DA:46,0
DA:48,0
DA:49,0
DA:50,0
DA:115,0
DA:116,0
DA:127,0
DA:128,0
DA:147,0
DA:148,0
DA:191,0
DA:192,0
DA:360,0
DA:362,0
DA:364,0
DA:365,0
DA:367,0
DA:380,0
DA:382,0
DA:383,0
DA:384,0
DA:439,0
DA:440,0
LF:23
LH:0
end_of_record
SF:/usr/include/c++/4.4/bits/basic_string.h
FN:272,_ZNKSs7_M_dataEv
FN:280,_ZNKSs6_M_repEv
FN:173,_ZNSs4_Rep12_S_empty_repEv
FN:1632,_ZNKSs13get_allocatorEv
FN:253,_ZNSs12_Alloc_hiderD1Ev
FN:224,_ZNSs4_Rep10_M_disposeERKSaIcE
FN:497,_ZNSsD1Ev
DA:173,0
DA:178,0
DA:179,0
DA:183,0
DA:184,0
DA:209,0
DA:210,0
DA:224,0
DA:227,0
DA:229,0
DA:231,0
DA:232,0
DA:253,0
DA:254,0
DA:255,0
DA:272,0
DA:273,0
DA:280,0
DA:281,0
DA:294,0
DA:296,0
DA:297,0
DA:298,0
DA:406,0
DA:407,0
DA:497,0
DA:498,0
DA:505,0
DA:506,0
DA:623,0
DA:624,0
DA:775,0
DA:777,0
DA:778,0
DA:779,0
DA:780,0
DA:1632,0
DA:1633,0
DA:2147,0
DA:2150,0
DA:2541,0
DA:2543,0
LF:42
LH:0
end_of_record
SF:/home/frechilla/workspace/headless/blockem_sourceforge/src/board.h
FN:103,_ZNK5Board8GetNRowsEv
FN:109,_ZNK5Board11GetNColumnsEv
FN:55,_ZNK5Board12IsCoordEmptyERK10Coordinate
FN:91,_ZN5Board16SetPlayerInCoordERK10CoordinateRK6Player
FN:79,_ZNK5Board15IsPlayerInCoordERK10CoordinateRK6Player
FN:67,_ZN5Board10BlankCoordERK10Coordinate
FNDA:0,_ZNK5Board12IsCoordEmptyERK10Coordinate
FNDA:0,_ZN5Board10BlankCoordERK10Coordinate
FNDA:0,_ZNK5Board15IsPlayerInCoordERK10CoordinateRK6Player
FNDA:0,_ZN5Board16SetPlayerInCoordERK10CoordinateRK6Player
FNDA:0,_ZNK5Board8GetNRowsEv
FNDA:0,_ZNK5Board11GetNColumnsEv
FNF:6
FNH:0
DA:55,0
DA:58,0
DA:59,0
DA:60,0
DA:61,0
DA:63,0
DA:67,0
DA:70,0
DA:71,0
DA:72,0
DA:73,0
DA:75,0
DA:76,0
DA:79,0
DA:82,0
DA:83,0
DA:84,0
DA:85,0
DA:87,0
DA:91,0
DA:94,0
DA:95,0
DA:96,0
DA:97,0
DA:99,0
DA:100,0
DA:103,0
DA:105,0
DA:109,0
DA:111,0
BA:58,0
BA:58,0
BA:59,0
BA:59,0
BA:60,0
BA:60,0
BA:61,0
BA:61,0
BA:70,0
BA:70,0
BA:71,0
BA:71,0
BA:72,0
BA:72,0
BA:73,0
BA:73,0
BA:82,0
BA:82,0
BA:83,0
BA:83,0
BA:84,0
BA:84,0
BA:85,0
BA:85,0
BA:94,0
BA:94,0
BA:95,0
BA:95,0
BA:96,0
BA:96,0
BA:97,0
BA:97,0
LF:30
LH:0
end_of_record
SF:/usr/include/c++/4.4/bits/char_traits.h
FN:262,_ZNSt11char_traitsIcE6lengthEPKc
DA:262,0
DA:263,0
LF:2
LH:0
end_of_record
SF:/home/frechilla/workspace/headless/blockem_sourceforge/src/coordinate.h
FN:49,_ZN10CoordinateC1Ev
FN:53,_ZN10CoordinateC1Eii
FN:75,_ZNK10Coordinate10comparatorclERKS_S2_
FN:47,_ZN10CoordinateaSERKS_
FN:47,_ZN10CoordinateC1ERKS_
FN:57,_ZN10CoordinateD0Ev
FN:57,_ZN10CoordinateD1Ev
FNDA:0,_ZN10CoordinateaSERKS_
FNDA:0,_ZN10CoordinateC1ERKS_
FNDA:0,_ZN10CoordinateC1Ev
FNDA:0,_ZN10CoordinateC1Eii
FNDA:0,_ZN10CoordinateD0Ev
FNDA:0,_ZN10CoordinateD1Ev
FNDA:1422,_ZNK10Coordinate10comparatorclERKS_S2_
FNF:7
FNH:1
DA:47,0
DA:49,0
DA:51,0
DA:52,0
DA:53,0
DA:55,0
DA:56,0
DA:57,0
DA:58,0
DA:75,1422
DA:77,1422
DA:80,268
DA:83,1154
BA:58,0
BA:58,0
BA:58,0
BA:58,0
BA:77,2
BA:77,2
BA:77,2
BA:77,2
BA:77,2
BA:77,2
LF:13
LH:4
end_of_record
SF:/home/frechilla/workspace/headless/blockem_sourceforge/src/game_total_allocation.cpp
FN:310,_Z41__static_initialization_and_destruction_0ii
FN:310,_GLOBAL__I__ZN19GameTotalAllocationC2Eii
FN:86,_ZN19GameTotalAllocation12PutDownPieceERK10CoordinateRKSt6vectorIS0_SaIS0_EEi
FN:51,_ZN19GameTotalAllocation11RemovePieceERK10CoordinateRKSt6vectorIS0_SaIS0_EEi
FN:187,_ZN19GameTotalAllocation17AllocateAllPiecesEP12ePieceType_tPPSt3setI10CoordinateNS3_10comparatorESaIS3_EE
FN:121,_ZN19GameTotalAllocation5SolveERK10Coordinate
FN:47,_ZN19GameTotalAllocationD0Ev
FN:47,_ZN19GameTotalAllocationD1Ev
FN:47,_ZN19GameTotalAllocationD2Ev
FN:41,_ZN19GameTotalAllocationC1Eii
FN:41,_ZN19GameTotalAllocationC2Eii
FNDA:1,_ZN19GameTotalAllocationC1Eii
FNDA:0,_ZN19GameTotalAllocationC2Eii
FNDA:0,_ZN19GameTotalAllocationD0Ev
FNDA:1,_ZN19GameTotalAllocationD1Ev
FNDA:0,_ZN19GameTotalAllocationD2Ev
FNDA:0,_ZN19GameTotalAllocation11RemovePieceERK10CoordinateRKSt6vectorIS0_SaIS0_EEi
FNDA:21,_ZN19GameTotalAllocation12PutDownPieceERK10CoordinateRKSt6vectorIS0_SaIS0_EEi
FNDA:1,_ZN19GameTotalAllocation5SolveERK10Coordinate
FNDA:21,_ZN19GameTotalAllocation17AllocateAllPiecesEP12ePieceType_tPPSt3setI10CoordinateNS3_10comparatorESaIS3_EE
FNDA:1,_Z41__static_initialization_and_destruction_0ii
FNDA:1,_GLOBAL__I__ZN19GameTotalAllocationC2Eii
FNF:11
FNH:7
DA:41,1
DA:43,1
DA:45,1
DA:47,1
DA:49,1
DA:51,0
DA:57,0
DA:58,0
DA:60,0
DA:61,0
DA:64,0
DA:69,0
DA:72,0
DA:74,0
DA:76,0
DA:79,0
DA:83,0
DA:84,0
DA:86,21
DA:92,21
DA:93,21
DA:95,21
DA:96,21
DA:99,110
DA:104,89
DA:107,89
DA:109,89
DA:111,89
DA:114,89
DA:118,21
DA:119,21
DA:121,1
DA:123,1
DA:130,22
DA:132,21
DA:133,21
DA:137,1
DA:139,1
DA:141,1
DA:143,1
DA:146,1
DA:147,1
DA:149,1
DA:158,1
DA:159,1
DA:161,1
DA:163,0
DA:164,0
DA:167,1
DA:169,1
DA:171,1
DA:173,1
DA:176,0
DA:180,0
DA:184,0
DA:187,21
DA:193,21
DA:195,21
DA:197,1
DA:202,20
DA:203,20
DA:208,20
DA:210,20
DA:212,230
DA:214,209
DA:217,21
DA:219,21
DA:222,21
DA:223,21
DA:225,24
DA:229,23
DA:230,192
DA:239,1885
DA:248,1730
DA:250,12
DA:251,12
DA:252,12
DA:254,11
DA:255,11
DA:260,166
DA:263,11
DA:272,155
DA:273,155
DA:275,155
DA:278,20
DA:279,20
DA:281,20
DA:283,20
DA:287,20
DA:288,20
DA:290,20
DA:292,20
DA:295,0
DA:299,135
DA:302,3
DA:305,1
DA:309,0
DA:310,3
BA:49,0
BA:49,0
BA:49,1
BA:49,2
BA:49,0
BA:49,0
BA:57,0
BA:57,0
BA:58,0
BA:58,0
BA:60,0
BA:60,0
BA:61,0
BA:61,0
BA:64,0
BA:64,0
BA:72,0
BA:72,0
BA:72,0
BA:72,0
BA:74,0
BA:74,0
BA:74,0
BA:74,0
BA:76,0
BA:76,0
BA:92,1
BA:92,2
BA:93,1
BA:93,2
BA:95,1
BA:95,2
BA:96,1
BA:96,2
BA:99,2
BA:99,2
BA:107,2
BA:107,1
BA:107,1
BA:107,2
BA:109,2
BA:109,1
BA:109,1
BA:109,2
BA:111,2
BA:111,1
BA:130,2
BA:130,2
BA:139,2
BA:139,1
BA:139,2
BA:139,1
BA:149,2
BA:149,1
BA:161,1
BA:161,2
BA:167,2
BA:167,1
BA:171,2
BA:171,1
BA:195,2
BA:195,2
BA:210,2
BA:210,2
BA:210,2
BA:210,1
BA:212,2
BA:212,2
BA:225,2
BA:225,2
BA:230,2
BA:230,2
BA:239,2
BA:239,2
BA:248,2
BA:248,2
BA:252,2
BA:252,2
BA:260,2
BA:260,2
BA:275,2
BA:275,2
BA:279,2
BA:279,1
BA:290,2
BA:290,1
BA:310,2
BA:310,1
BA:310,2
BA:310,1
LF:98
LH:78
end_of_record
SF:/usr/include/c++/4.4/i486-linux-gnu/bits/gthr-default.h
FN:238,_ZL18__gthread_active_pv
DA:238,0
DA:242,0
LF:2
LH:0
end_of_record
SF:/usr/include/c++/4.4/bits/ios_base.h
FN:166,_ZStorSt12_Ios_IostateS_
DA:162,0
DA:163,0
DA:166,0
DA:167,0
DA:657,0
DA:659,0
DA:660,0
DA:661,0
LF:8
LH:0
end_of_record
SF:/usr/include/c++/4.4/iostream
DA:72,3
LF:1
LH:1
end_of_record
SF:/usr/include/c++/4.4/bits/locale_facets.h
FN:865,_ZNKSt5ctypeIcE5widenEc
DA:865,0
DA:867,0
DA:868,0
DA:869,0
DA:870,0
LF:5
LH:0
end_of_record
SF:/usr/include/c++/4.4/new
FN:101,_ZnwjPv
FN:105,_ZdlPvS_
DA:101,10326
DA:105,0
LF:2
LH:1
end_of_record
SF:/usr/include/c++/4.4/ext/new_allocator.h
FN:66,_ZN9__gnu_cxx13new_allocatorIcEC2Ev
FN:73,_ZN9__gnu_cxx13new_allocatorIcED2Ev
FN:66,_ZN9__gnu_cxx13new_allocatorI10CoordinateEC2Ev
FN:73,_ZN9__gnu_cxx13new_allocatorI10CoordinateED2Ev
FN:73,_ZN9__gnu_cxx13new_allocatorISt13_Rb_tree_nodeI10CoordinateEED2Ev
FN:68,_ZN9__gnu_cxx13new_allocatorIcEC2ERKS1_
FN:115,_ZN9__gnu_cxx13new_allocatorI10CoordinateE7destroyEPS1_
FN:66,_ZN9__gnu_cxx13new_allocatorISt13_Rb_tree_nodeI10CoordinateEEC2Ev
FN:68,_ZN9__gnu_cxx13new_allocatorI10CoordinateEC2ERKS2_
FN:98,_ZNK9__gnu_cxx13new_allocatorI10CoordinateE8max_sizeEv
FN:98,_ZNK9__gnu_cxx13new_allocatorISt13_Rb_tree_nodeI10CoordinateEE8max_sizeEv
FN:104,_ZN9__gnu_cxx13new_allocatorI10CoordinateE9constructEPS1_RKS1_
FN:94,_ZN9__gnu_cxx13new_allocatorI10CoordinateE10deallocateEPS1_j
FN:94,_ZN9__gnu_cxx13new_allocatorISt13_Rb_tree_nodeI10CoordinateEE10deallocateEPS3_j
FN:84,_ZN9__gnu_cxx13new_allocatorI10CoordinateE8allocateEjPKv
FN:84,_ZN9__gnu_cxx13new_allocatorISt13_Rb_tree_nodeI10CoordinateEE8allocateEjPKv
DA:66,6060
DA:68,1737
DA:73,7797
DA:84,3769
DA:86,3769
DA:87,0
DA:89,3769
DA:94,3769
DA:95,3769
DA:98,3769
DA:99,3769
DA:104,2284
DA:105,2284
DA:115,2284
LF:14
LH:13
end_of_record
SF:/usr/include/c++/4.4/ostream
FN:108,_ZNSolsEPFRSoS_E
FN:505,_ZStlsISt11char_traitsIcEERSt13basic_ostreamIcT_ES5_PKc
FN:559,_ZSt5flushIcSt11char_traitsIcEERSt13basic_ostreamIT_T0_ES6_
FN:538,_ZSt4endlIcSt11char_traitsIcEERSt13basic_ostreamIT_T0_ES6_
DA:108,0
DA:113,0
DA:457,0
DA:458,0
DA:505,0
DA:507,0
DA:508,0
DA:510,0
DA:512,0
DA:538,0
DA:539,0
DA:559,0
DA:560,0
LF:13
LH:0
end_of_record
SF:/home/frechilla/workspace/headless/blockem_sourceforge/src/piece.h
FN:152,_ZNK5Piece7GetTypeEv
FN:167,_ZNK5Piece9GetRadiusEv
FN:173,_ZNK5Piece21GetPrecalculatedConfsEv
FNDA:0,_ZNK5Piece7GetTypeEv
FNDA:0,_ZNK5Piece9GetRadiusEv
FNDA:0,_ZNK5Piece21GetPrecalculatedConfsEv
FNF:3
FNH:0
DA:152,0
DA:154,0
DA:167,0
DA:169,0
DA:173,0
DA:175,0
LF:6
LH:0
end_of_record
SF:/home/frechilla/workspace/headless/blockem_sourceforge/src/player.h
FN:80,_ZNK6Player16PresentationCharEv
FN:103,_ZN6Player21SetStartingCoordinateERK10Coordinate
FN:109,_ZNK6Player23NumberOfPiecesAvailableEv
FN:142,_ZNK6Player16IsPieceAvailableE12ePieceType_t
FN:120,_ZN6Player10UnsetPieceE12ePieceType_t
FN:131,_ZN6Player8SetPieceE12ePieceType_t
FNDA:0,_ZNK6Player16PresentationCharEv
FNDA:7,_ZN6Player21SetStartingCoordinateERK10Coordinate
FNDA:0,_ZNK6Player23NumberOfPiecesAvailableEv
FNDA:0,_ZN6Player10UnsetPieceE12ePieceType_t
FNDA:0,_ZN6Player8SetPieceE12ePieceType_t
FNDA:0,_ZNK6Player16IsPieceAvailableE12ePieceType_t
FNF:6
FNH:1
DA:80,0
DA:82,0
DA:103,7
DA:105,7
DA:106,7
DA:109,0
DA:111,0
DA:120,0
DA:123,0
DA:124,0
DA:126,0
DA:127,0
DA:128,0
DA:131,0
DA:134,0
DA:135,0
DA:137,0
DA:138,0
DA:139,0
DA:142,0
DA:145,0
DA:147,0
BA:123,0
BA:123,0
BA:123,0
BA:123,0
BA:124,0
BA:124,0
BA:134,0
BA:134,0
BA:134,0
BA:134,0
BA:135,0
BA:135,0
BA:145,0
BA:145,0
BA:145,0
BA:145,0
LF:22
LH:3
end_of_record
SF:/usr/include/c++/4.4/bits/stl_construct.h
FN:82,_ZSt8_DestroyI10CoordinateEvPT_
FN:90,_ZNSt12_Destroy_auxILb0EE9__destroyIP10CoordinateEEvT_S4_
FN:112,_ZSt8_DestroyIP10CoordinateEvT_S2_
FN:139,_ZSt8_DestroyIP10CoordinateS0_EvT_S2_RSaIT0_E
FN:70,_ZSt10_ConstructI10CoordinateS0_EvPT_RKT0_
DA:70,2420
DA:74,2420
DA:75,2420
DA:82,8042
DA:83,8042
DA:90,2093
DA:92,10135
DA:93,8042
DA:94,2093
DA:112,2093
DA:116,2093
DA:118,2093
DA:139,2093
DA:142,2093
DA:143,2093
LF:15
LH:15
end_of_record
SF:/usr/include/c++/4.4/bits/stl_function.h
FN:475,_ZNKSt9_IdentityI10CoordinateEclERKS0_
DA:475,2786
DA:476,2786
LF:2
LH:2
end_of_record
SF:/usr/include/c++/4.4/bits/stl_iterator.h
FN:702,_ZNK9__gnu_cxx17__normal_iteratorIPK10CoordinateSt6vectorIS1_SaIS1_EEEptEv
FN:686,_ZN9__gnu_cxx17__normal_iteratorIPK10CoordinateSt6vectorIS1_SaIS1_EEEC1ERKS3_
FN:713,_ZN9__gnu_cxx17__normal_iteratorIPK10CoordinateSt6vectorIS1_SaIS1_EEEppEi
FN:750,_ZNK9__gnu_cxx17__normal_iteratorIPK10CoordinateSt6vectorIS1_SaIS1_EEE4baseEv
FN:783,_ZN9__gnu_cxxneIPK10CoordinateSt6vectorIS1_SaIS1_EEEEbRKNS_17__normal_iteratorIT_T0_EESC_
DA:686,712040
DA:690,455
DA:694,455
DA:698,4554
DA:699,4554
DA:702,628648
DA:703,628648
DA:706,4554
DA:708,4554
DA:709,4554
DA:713,266286
DA:714,266286
DA:750,721483
DA:751,721483
DA:777,2525
DA:779,2525
DA:783,357590
DA:785,357590
DA:856,0
DA:858,0
LF:20
LH:18
end_of_record
SF:/usr/include/c++/4.4/bits/stl_list.h
FN:200,_ZNSt20_List_const_iteratorISt6vectorI10CoordinateSaIS1_EEEC1Ev
FN:255,_ZNKSt20_List_const_iteratorISt6vectorI10CoordinateSaIS1_EEEneERKS4_
FN:228,_ZNSt20_List_const_iteratorISt6vectorI10CoordinateSaIS1_EEEppEi
FN:213,_ZNKSt20_List_const_iteratorISt6vectorI10CoordinateSaIS1_EEEdeEv
FN:204,_ZNSt20_List_const_iteratorISt6vectorI10CoordinateSaIS1_EEEC1EPKSt15_List_node_base
FN:698,_ZNKSt4listISt6vectorI10CoordinateSaIS1_EESaIS3_EE5beginEv
FN:716,_ZNKSt4listISt6vectorI10CoordinateSaIS1_EESaIS3_EE3endEv
DA:128,3178
DA:129,3178
DA:133,364
DA:134,364
DA:141,364
DA:143,364
DA:144,364
DA:175,784
DA:176,784
DA:200,0
DA:201,0
DA:204,0
DA:205,0
DA:213,0
DA:214,0
DA:221,1456
DA:223,1456
DA:224,1456
DA:228,0
DA:230,0
DA:231,0
DA:251,168
DA:252,168
DA:255,854
DA:256,854
DA:300,714
DA:303,462
DA:304,462
DA:305,462
DA:307,252
DA:308,252
DA:309,252
DA:315,2002
DA:316,2002
DA:319,2002
DA:320,2002
DA:326,756
DA:327,756
DA:330,4004
DA:331,4004
DA:334,4004
DA:335,4004
DA:341,462
DA:342,462
DA:343,462
DA:345,252
DA:346,252
DA:347,504
DA:359,714
DA:360,714
DA:366,714
DA:368,714
DA:369,714
DA:370,714
DA:418,714
DA:459,2002
DA:461,2002
DA:464,2002
DA:466,0
DA:468,0
DA:469,0
DA:471,2002
DA:499,462
DA:500,462
DA:571,252
DA:573,252
DA:577,252
DA:578,252
DA:689,588
DA:690,588
DA:698,0
DA:699,0
DA:707,2590
DA:708,2590
DA:716,0
DA:717,0
DA:799,252
DA:800,252
DA:919,2002
DA:920,2002
DA:1048,252
DA:1051,252
DA:1052,252
DA:1053,252
DA:1092,84
DA:1094,168
DA:1095,0
DA:1096,84
DA:1152,252
DA:1155,252
DA:1157,252
DA:1159,252
DA:1161,252
DA:1357,252
DA:1360,1344
DA:1361,1092
DA:1362,252
DA:1399,252
DA:1400,252
DA:1405,2002
DA:1407,2002
DA:1408,2002
DA:1409,2002
DA:1422,0
DA:1424,0
DA:1425,0
DA:1429,0
DA:1431,0
DA:1432,0
DA:1436,252
DA:1438,252
DA:1440,0
DA:1441,252
LF:113
LH:89
end_of_record
SF:/usr/include/c++/4.4/bits/stl_pair.h
FN:83,_ZNSt4pairISt23_Rb_tree_const_iteratorI10CoordinateEbEC1ERKS2_RKb
FN:83,_ZNSt4pairISt17_Rb_tree_iteratorI10CoordinateEbEC1ERKS2_RKb
DA:83,564
DA:84,564
LF:2
LH:2
end_of_record
SF:/usr/include/c++/4.4/bits/stl_set.h
FN:291,_ZNKSt3setI10CoordinateNS0_10comparatorESaIS0_EE5beginEv
FN:300,_ZNKSt3setI10CoordinateNS0_10comparatorESaIS0_EE3endEv
FN:547,_ZNSt3setI10CoordinateNS0_10comparatorESaIS0_EE4findERKS0_
FN:136,_ZNSt3setI10CoordinateNS0_10comparatorESaIS0_EEC1Ev
FN:515,_ZNSt3setI10CoordinateNS0_10comparatorESaIS0_EE5clearEv
FN:88,_ZNSt3setI10CoordinateNS0_10comparatorESaIS0_EED1Ev
FN:408,_ZNSt3setI10CoordinateNS0_10comparatorESaIS0_EE6insertERKS0_
DA:88,42
DA:136,42
DA:137,42
DA:291,23
DA:292,23
DA:300,201
DA:301,201
DA:408,282
DA:411,282
DA:412,282
DA:515,3
DA:516,3
DA:547,32
DA:548,32
LF:14
LH:14
end_of_record
SF:/usr/include/c++/4.4/bits/stl_tree.h
FN:291,_ZNKSt23_Rb_tree_const_iteratorI10CoordinateEneERKS1_
FN:238,_ZNSt23_Rb_tree_const_iteratorI10CoordinateEC1Ev
FN:249,_ZNKSt23_Rb_tree_const_iteratorI10CoordinateEdeEv
FN:287,_ZNKSt23_Rb_tree_const_iteratorI10CoordinateEeqERKS1_
FN:481,_ZNSt8_Rb_treeI10CoordinateS0_St9_IdentityIS0_ENS0_10comparatorESaIS0_EE8_M_beginEv
FN:245,_ZNSt23_Rb_tree_const_iteratorI10CoordinateEC1ERKSt17_Rb_tree_iteratorIS0_E
FN:516,_ZNSt8_Rb_treeI10CoordinateS0_St9_IdentityIS0_ENS0_10comparatorESaIS0_EE8_S_rightEPSt18_Rb_tree_node_base
FN:508,_ZNSt8_Rb_treeI10CoordinateS0_St9_IdentityIS0_ENS0_10comparatorESaIS0_EE7_S_leftEPSt18_Rb_tree_node_base
FN:242,_ZNSt23_Rb_tree_const_iteratorI10CoordinateEC1EPKSt13_Rb_tree_nodeIS0_E
FN:632,_ZNKSt8_Rb_treeI10CoordinateS0_St9_IdentityIS0_ENS0_10comparatorESaIS0_EE5beginEv
FN:643,_ZNKSt8_Rb_treeI10CoordinateS0_St9_IdentityIS0_ENS0_10comparatorESaIS0_EE3endEv
FN:492,_ZNSt8_Rb_treeI10CoordinateS0_St9_IdentityIS0_ENS0_10comparatorESaIS0_EE6_M_endEv
FN:212,_ZNKSt17_Rb_tree_iteratorI10CoordinateEeqERKS1_
FN:170,_ZNSt17_Rb_tree_iteratorI10CoordinateEC1EPSt13_Rb_tree_nodeIS0_E
FN:639,_ZNSt8_Rb_treeI10CoordinateS0_St9_IdentityIS0_ENS0_10comparatorESaIS0_EE3endEv
FN:625,_ZNSt8_Rb_treeI10CoordinateS0_St9_IdentityIS0_ENS0_10comparatorESaIS0_EE5beginEv
FN:465,_ZNSt8_Rb_treeI10CoordinateS0_St9_IdentityIS0_ENS0_10comparatorESaIS0_EE11_M_leftmostEv
FN:457,_ZNSt8_Rb_treeI10CoordinateS0_St9_IdentityIS0_ENS0_10comparatorESaIS0_EE7_M_rootEv
FN:473,_ZNSt8_Rb_treeI10CoordinateS0_St9_IdentityIS0_ENS0_10comparatorESaIS0_EE12_M_rightmostEv
FN:444,_ZNSt8_Rb_treeI10CoordinateS0_St9_IdentityIS0_ENS0_10comparatorESaIS0_EE13_Rb_tree_implIS3_Lb1EE13_M_initializeEv
FN:524,_ZNSt8_Rb_treeI10CoordinateS0_St9_IdentityIS0_ENS0_10comparatorESaIS0_EE8_S_valueEPKSt18_Rb_tree_node_base
FN:528,_ZNSt8_Rb_treeI10CoordinateS0_St9_IdentityIS0_ENS0_10comparatorESaIS0_EE6_S_keyEPKSt18_Rb_tree_node_base
FN:500,_ZNSt8_Rb_treeI10CoordinateS0_St9_IdentityIS0_ENS0_10comparatorESaIS0_EE8_S_valueEPKSt13_Rb_tree_nodeIS0_E
FN:504,_ZNSt8_Rb_treeI10CoordinateS0_St9_IdentityIS0_ENS0_10comparatorESaIS0_EE6_S_keyEPKSt13_Rb_tree_nodeIS0_E
FN:981,_ZNSt8_Rb_treeI10CoordinateS0_St9_IdentityIS0_ENS0_10comparatorESaIS0_EE14_M_lower_boundEPSt13_Rb_tree_nodeIS0_ES8_RKS0_
FN:1418,_ZNSt8_Rb_treeI10CoordinateS0_St9_IdentityIS0_ENS0_10comparatorESaIS0_EE4findERKS0_
FN:349,_ZNKSt8_Rb_treeI10CoordinateS0_St9_IdentityIS0_ENS0_10comparatorESaIS0_EE21_M_get_Node_allocatorEv
FN:432,_ZNSt8_Rb_treeI10CoordinateS0_St9_IdentityIS0_ENS0_10comparatorESaIS0_EE13_Rb_tree_implIS3_Lb1EEC1Ev
FN:591,_ZNSt8_Rb_treeI10CoordinateS0_St9_IdentityIS0_ENS0_10comparatorESaIS0_EEC1Ev
FN:427,_ZNSt8_Rb_treeI10CoordinateS0_St9_IdentityIS0_ENS0_10comparatorESaIS0_EE13_Rb_tree_implIS3_Lb1EED1Ev
FN:353,_ZNKSt8_Rb_treeI10CoordinateS0_St9_IdentityIS0_ENS0_10comparatorESaIS0_EE13get_allocatorEv
FN:362,_ZNSt8_Rb_treeI10CoordinateS0_St9_IdentityIS0_ENS0_10comparatorESaIS0_EE11_M_put_nodeEPSt13_Rb_tree_nodeIS0_E
FN:381,_ZNSt8_Rb_treeI10CoordinateS0_St9_IdentityIS0_ENS0_10comparatorESaIS0_EE15_M_destroy_nodeEPSt13_Rb_tree_nodeIS0_E
FN:964,_ZNSt8_Rb_treeI10CoordinateS0_St9_IdentityIS0_ENS0_10comparatorESaIS0_EE8_M_eraseEPSt13_Rb_tree_nodeIS0_E
FN:724,_ZNSt8_Rb_treeI10CoordinateS0_St9_IdentityIS0_ENS0_10comparatorESaIS0_EE5clearEv
FN:613,_ZNSt8_Rb_treeI10CoordinateS0_St9_IdentityIS0_ENS0_10comparatorESaIS0_EED1Ev
FN:358,_ZNSt8_Rb_treeI10CoordinateS0_St9_IdentityIS0_ENS0_10comparatorESaIS0_EE11_M_get_nodeEv
FN:367,_ZNSt8_Rb_treeI10CoordinateS0_St9_IdentityIS0_ENS0_10comparatorESaIS0_EE14_M_create_nodeERKS0_
FN:197,_ZNSt17_Rb_tree_iteratorI10CoordinateEmmEv
FN:874,_ZNSt8_Rb_treeI10CoordinateS0_St9_IdentityIS0_ENS0_10comparatorESaIS0_EE10_M_insert_EPKSt18_Rb_tree_node_baseS8_RKS0_
FN:1161,_ZNSt8_Rb_treeI10CoordinateS0_St9_IdentityIS0_ENS0_10comparatorESaIS0_EE16_M_insert_uniqueERKS0_
FN:264,_ZNSt23_Rb_tree_const_iteratorI10CoordinateEppEi
DA:170,689
DA:171,689
DA:197,0
DA:199,0
DA:200,0
DA:212,72
DA:213,72
DA:238,12
DA:239,12
DA:242,224
DA:243,224
DA:245,314
DA:246,314
DA:249,167
DA:250,167
DA:264,146
DA:266,146
DA:267,146
DA:287,20
DA:288,20
DA:291,181
DA:292,181
DA:349,564
DA:350,564
DA:353,564
DA:354,564
DA:358,282
DA:359,282
DA:362,282
DA:363,282
DA:367,282
DA:369,282
DA:371,282
DA:372,0
DA:374,0
DA:375,0
DA:377,282
DA:381,282
DA:383,282
DA:384,282
DA:385,282
DA:427,42
DA:432,42
DA:434,42
DA:435,42
DA:444,42
DA:446,42
DA:447,42
DA:448,42
DA:449,42
DA:450,42
DA:457,3
DA:458,3
DA:465,3
DA:466,3
DA:473,3
DA:474,3
DA:481,359
DA:482,359
DA:492,602
DA:493,602
DA:500,927
DA:501,927
DA:504,927
DA:505,927
DA:508,303
DA:509,303
DA:516,1188
DA:517,1188
DA:524,495
DA:525,495
DA:528,495
DA:529,495
DA:591,42
DA:613,42
DA:614,42
DA:625,40
DA:628,40
DA:632,23
DA:635,23
DA:639,53
DA:640,53
DA:643,201
DA:646,201
DA:724,3
DA:726,3
DA:727,3
DA:728,3
DA:729,3
DA:730,3
DA:731,3
DA:874,282
DA:879,282
DA:881,282
DA:883,282
DA:886,282
DA:887,282
DA:964,327
DA:968,936
DA:970,282
DA:971,282
DA:972,282
DA:973,282
DA:975,327
DA:981,32
DA:985,111
DA:986,47
DA:987,21
DA:989,26
DA:990,32
DA:1161,282
DA:1164,282
DA:1165,282
DA:1166,282
DA:1167,1444
DA:1169,880
DA:1170,880
DA:1171,880
DA:1173,282
DA:1174,282
DA:1176,40
DA:1177,40
DA:1179,0
DA:1181,242
DA:1182,242
DA:1183,0
DA:1418,32
DA:1421,32
DA:1424,32
LF:129
LH:121
end_of_record
SF:/usr/include/c++/4.4/bits/stl_uninitialized.h
FN:180,_ZNSt22__uninitialized_fill_nILb0EE20uninitialized_fill_nIP10CoordinatejS2_EEvT_T0_RKT1_
FN:218,_ZSt20uninitialized_fill_nIP10CoordinatejS0_EvT_T0_RKT1_
FN:316,_ZSt24__uninitialized_fill_n_aIP10CoordinatejS0_S0_EvT_T0_RKT1_RSaIT2_E
DA:67,1253
DA:70,1253
DA:73,6875
DA:74,5622
DA:76,1253
DA:78,0
DA:80,0
DA:81,0
DA:107,1253
DA:117,1253
DA:180,484
DA:183,484
DA:186,2904
DA:187,2420
DA:189,0
DA:191,0
DA:192,0
DA:194,484
DA:218,484
DA:223,484
DA:225,484
DA:255,1253
DA:257,1253
DA:262,0
DA:267,0
DA:316,484
DA:318,484
LF:27
LH:19
end_of_record
SF:/usr/include/c++/4.4/bits/stl_vector.h
FN:610,_ZNSt6vectorI10CoordinateSaIS0_EEixEj
FN:434,_ZNKSt6vectorI10CoordinateSaIS0_EE5beginEv
FN:452,_ZNKSt6vectorI10CoordinateSaIS0_EE3endEv
FN:93,_ZNSt12_Vector_baseI10CoordinateSaIS0_EE19_M_get_Tp_allocatorEv
FN:84,_ZNSt12_Vector_baseI10CoordinateSaIS0_EE12_Vector_implC1ERKS1_
FN:75,_ZNSt12_Vector_baseI10CoordinateSaIS0_EE12_Vector_implD1Ev
FN:143,_ZNSt12_Vector_baseI10CoordinateSaIS0_EE13_M_deallocateEPS0_j
FN:131,_ZNSt12_Vector_baseI10CoordinateSaIS0_EED2Ev
FN:312,_ZNSt6vectorI10CoordinateSaIS0_EED1Ev
FN:139,_ZNSt12_Vector_baseI10CoordinateSaIS0_EE11_M_allocateEj
FN:110,_ZNSt12_Vector_baseI10CoordinateSaIS0_EEC2EjRKS1_
FN:1033,_ZNSt6vectorI10CoordinateSaIS0_EE18_M_fill_initializeEjRKS0_
FN:227,_ZNSt6vectorI10CoordinateSaIS0_EEC1EjRKS0_RKS1_
DA:75,1485
DA:84,1485
DA:85,1485
DA:86,1485
DA:93,3830
DA:94,3830
DA:97,1001
DA:98,1001
DA:110,1485
DA:111,1485
DA:113,1485
DA:114,1485
DA:115,1485
DA:116,1485
DA:131,1485
DA:132,1485
DA:133,1485
DA:139,1485
DA:140,1485
DA:143,1485
DA:145,1485
DA:146,1485
DA:147,1485
DA:227,484
DA:229,484
DA:230,484
DA:241,1001
DA:242,1001
DA:243,1001
DA:247,1001
DA:312,1485
DA:313,1485
DA:314,1485
DA:425,1543
DA:426,1543
DA:434,87998
DA:435,87998
DA:443,7461
DA:444,7461
DA:452,348486
DA:453,348486
DA:532,4609
DA:533,4609
DA:537,0
DA:538,0
DA:552,462
DA:554,462
DA:555,342
DA:557,120
DA:558,462
DA:565,518
DA:567,518
DA:610,6591
DA:611,6591
DA:625,0
DA:626,0
DA:850,120
DA:851,120
DA:960,0
DA:963,0
DA:966,0
DA:968,0
DA:970,0
DA:972,0
DA:973,0
DA:1033,484
DA:1035,484
DA:1037,484
DA:1038,484
DA:1134,0
DA:1136,0
DA:1137,0
DA:1139,0
DA:1140,0
DA:1148,342
DA:1150,342
DA:1151,342
DA:1152,342
LF:78
LH:62
end_of_record
TN:
SF:/usr/include/c++/4.4/bits/basic_ios.h
FN:127,_ZNKSt9basic_iosIcSt11char_traitsIcEE7rdstateEv
FN:46,_ZSt13__check_facetISt5ctypeIcEERKT_PS3_
FN:439,_ZNKSt9basic_iosIcSt11char_traitsIcEE5widenEc
FN:360,_ZNKSt9basic_iosIcSt11char_traitsIcEE4fillEv
FN:380,_ZNSt9basic_iosIcSt11char_traitsIcEE4fillEc
FN:147,_ZNSt9basic_iosIcSt11char_traitsIcEE8setstateESt12_Ios_Iostate
FNDA:0,_ZSt13__check_facetISt5ctypeIcEERKT_PS3_
FNDA:0,_ZNKSt9basic_iosIcSt11char_traitsIcEE7rdstateEv
FNDA:0,_ZNSt9basic_iosIcSt11char_traitsIcEE8setstateESt12_Ios_Iostate
FNDA:0,_ZNKSt9basic_iosIcSt11char_traitsIcEE4fillEv
FNDA:0,_ZNSt9basic_iosIcSt11char_traitsIcEE4fillEc
FNDA:0,_ZNKSt9basic_iosIcSt11char_traitsIcEE5widenEc
FNF:6
FNH:0
DA:46,0
DA:48,0
DA:49,0
DA:50,0
DA:127,0
DA:128,0
DA:147,0
DA:148,0
DA:360,0
DA:362,0
DA:364,0
DA:365,0
DA:367,0
DA:380,0
DA:382,0
DA:383,0
DA:384,0
DA:439,0
DA:440,0
BA:48,0
BA:48,0
BA:362,0
BA:362,0
LF:19
LH:0
end_of_record
SF:/usr/include/c++/4.4/bits/char_traits.h
FN:262,_ZNSt11char_traitsIcE6lengthEPKc
FNDA:0,_ZNSt11char_traitsIcE6lengthEPKc
FNF:1
FNH:0
DA:262,0
DA:263,0
LF:2
LH:0
end_of_record
SF:/usr/include/c++/4.4/bits/ios_base.h
FN:166,_ZStorSt12_Ios_IostateS_
FN:657,_ZNSt8ios_base5widthEi
FNDA:0,_ZStorSt12_Ios_IostateS_
FNDA:0,_ZNSt8ios_base5widthEi
FNF:2
FNH:0
DA:166,0
DA:167,0
DA:657,0
DA:659,0
DA:660,0
DA:661,0
LF:6
LH:0
end_of_record
SF:/usr/include/c++/4.4/bits/locale_facets.h
FN:865,_ZNKSt5ctypeIcE5widenEc
FNDA:0,_ZNKSt5ctypeIcE5widenEc
FNF:1
FNH:0
DA:865,0
DA:867,0
DA:868,0
DA:869,0
DA:870,0
BA:867,0
BA:867,0
LF:5
LH:0
end_of_record
SF:/usr/include/c++/4.4/iomanip
FN:238,_ZSt4setwi
FN:170,_ZSt7setfillIcESt8_SetfillIT_ES1_
FN:255,_ZStlsIcSt11char_traitsIcEERSt13basic_ostreamIT_T0_ES6_St5_Setw
FN:187,_ZStlsIcSt11char_traitsIcEERSt13basic_ostreamIT_T0_ES6_St8_SetfillIS3_E
FNDA:0,_ZSt7setfillIcESt8_SetfillIT_ES1_
FNDA:0,_ZStlsIcSt11char_traitsIcEERSt13basic_ostreamIT_T0_ES6_St8_SetfillIS3_E
FNDA:0,_ZSt4setwi
FNDA:0,_ZStlsIcSt11char_traitsIcEERSt13basic_ostreamIT_T0_ES6_St5_Setw
FNF:4
FNH:0
DA:170,0
DA:173,0
DA:187,0
DA:189,0
DA:190,0
DA:238,0
DA:241,0
DA:255,0
DA:257,0
DA:258,0
LF:10
LH:0
end_of_record
SF:/usr/include/c++/4.4/iostream
DA:72,1
LF:1
LH:1
end_of_record
SF:/usr/include/c++/4.4/ostream
FN:108,_ZNSolsEPFRSoS_E
FN:457,_ZStlsISt11char_traitsIcEERSt13basic_ostreamIcT_ES5_c
FN:505,_ZStlsISt11char_traitsIcEERSt13basic_ostreamIcT_ES5_PKc
FN:559,_ZSt5flushIcSt11char_traitsIcEERSt13basic_ostreamIT_T0_ES6_
FN:538,_ZSt4endlIcSt11char_traitsIcEERSt13basic_ostreamIT_T0_ES6_
FNDA:0,_ZNSolsEPFRSoS_E
FNDA:0,_ZStlsISt11char_traitsIcEERSt13basic_ostreamIcT_ES5_c
FNDA:0,_ZStlsISt11char_traitsIcEERSt13basic_ostreamIcT_ES5_PKc
FNDA:0,_ZSt4endlIcSt11char_traitsIcEERSt13basic_ostreamIT_T0_ES6_
FNDA:0,_ZSt5flushIcSt11char_traitsIcEERSt13basic_ostreamIT_T0_ES6_
FNF:5
FNH:0
DA:108,0
DA:113,0
DA:457,0
DA:458,0
DA:505,0
DA:507,0
DA:508,0
DA:510,0
DA:512,0
DA:538,0
DA:539,0
DA:559,0
DA:560,0
BA:507,0
BA:507,0
LF:13
LH:0
end_of_record
SF:/home/frechilla/workspace/headless/blockem_sourceforge/src/board.cpp
FN:114,_ZN5Board14CopyFromObjectERKS_
FN:164,_ZN5Board5ResetEv
FN:173,_Z41__static_initialization_and_destruction_0ii
FN:173,_GLOBAL__I__ZN5BoardC2EiicPPc
FN:130,_ZNK5Board10PrintBoardERSo
FN:82,_ZN5BoardaSERKS_
FN:70,_ZN5BoardC1ERKS_
FN:70,_ZN5BoardC2ERKS_
FN:34,_ZN5BoardC1EiicPPc
FN:34,_ZN5BoardC2EiicPPc
FN:59,_ZN5BoardD0Ev
FN:59,_ZN5BoardD1Ev
FN:59,_ZN5BoardD2Ev
FNDA:4,_ZN5BoardC1EiicPPc
FNDA:0,_ZN5BoardC2EiicPPc
FNDA:0,_ZN5BoardD0Ev
FNDA:5,_ZN5BoardD1Ev
FNDA:0,_ZN5BoardD2Ev
FNDA:1,_ZN5BoardC1ERKS_
FNDA:0,_ZN5BoardC2ERKS_
FNDA:1,_ZN5BoardaSERKS_
FNDA:2,_ZN5Board14CopyFromObjectERKS_
FNDA:0,_ZNK5Board10PrintBoardERSo
FNDA:3,_ZN5Board5ResetEv
FNDA:1,_Z41__static_initialization_and_destruction_0ii
FNDA:1,_GLOBAL__I__ZN5BoardC2EiicPPc
FNF:13
FNH:8
DA:34,4
DA:37,4
DA:40,4
DA:41,43
DA:43,39
DA:44,492
DA:46,453
DA:49,0
DA:53,453
DA:57,4
DA:59,5
DA:62,48
DA:64,43
DA:67,5
DA:68,5
DA:70,1
DA:73,1
DA:74,6
DA:76,5
DA:79,1
DA:80,1
DA:82,1
DA:84,1
DA:88,1
DA:92,7
DA:94,6
DA:96,1
DA:100,1
DA:101,6
DA:103,5
DA:108,1
DA:111,1
DA:114,2
DA:116,2
DA:117,2
DA:118,2
DA:121,12
DA:123,60
DA:125,50
DA:128,2
DA:130,0
DA:132,0
DA:133,0
DA:135,0
DA:137,0
DA:139,0
DA:141,0
DA:142,0
DA:144,0
DA:146,0
DA:148,0
DA:149,0
DA:151,0
DA:153,0
DA:156,0
DA:157,0
DA:159,0
DA:161,0
DA:162,0
DA:164,3
DA:166,45
DA:168,630
DA:170,588
DA:173,6
BA:41,2
BA:41,2
BA:41,0
BA:41,0
BA:44,2
BA:44,2
BA:44,0
BA:44,0
BA:46,1
BA:46,2
BA:46,0
BA:46,0
BA:62,0
BA:62,0
BA:62,2
BA:62,2
BA:62,0
BA:62,0
BA:64,0
BA:64,0
BA:64,2
BA:64,1
BA:64,0
BA:64,0
BA:67,0
BA:67,0
BA:67,2
BA:67,1
BA:67,0
BA:67,0
BA:68,0
BA:68,0
BA:68,1
BA:68,2
BA:68,0
BA:68,0
BA:74,2
BA:74,2
BA:74,0
BA:74,0
BA:84,2
BA:84,1
BA:88,1
BA:88,2
BA:88,0
BA:88,0
BA:92,2
BA:92,2
BA:94,2
BA:94,1
BA:96,2
BA:96,1
BA:101,2
BA:101,2
BA:121,2
BA:121,2
BA:123,2
BA:123,2
BA:133,0
BA:133,0
BA:139,0
BA:139,0
BA:142,0
BA:142,0
BA:149,0
BA:149,0
BA:157,0
BA:157,0
BA:166,2
BA:166,2
BA:168,2
BA:168,2
BA:173,2
BA:173,1
BA:173,2
BA:173,1
LF:64
LH:44
end_of_record
TN:
SF:/usr/include/c++/4.4/bits/allocator.h
FN:101,_ZNSaIcEC1Ev
FN:109,_ZNSaIcED1Ev
FN:103,_ZNSaIcEC1ERKS_
FN:109,_ZNSaIcED2Ev
FNDA:0,_ZNSaIcEC1Ev
FNDA:0,_ZNSaIcEC1ERKS_
FNDA:0,_ZNSaIcED1Ev
FNDA:0,_ZNSaIcED2Ev
FNF:4
FNH:0
DA:101,0
DA:103,0
DA:104,0
DA:109,0
LF:4
LH:0
end_of_record
SF:/usr/include/c++/4.4/bits/basic_string.h
FN:272,_ZNKSs7_M_dataEv
FN:280,_ZNKSs6_M_repEv
FN:173,_ZNSs4_Rep12_S_empty_repEv
FN:1632,_ZNKSs13get_allocatorEv
FN:253,_ZNSs12_Alloc_hiderD1Ev
FN:224,_ZNSs4_Rep10_M_disposeERKSaIcE
FN:497,_ZNSsD1Ev
FNDA:0,_ZNSs4_Rep12_S_empty_repEv
FNDA:0,_ZNSs4_Rep10_M_disposeERKSaIcE
FNDA:0,_ZNSs12_Alloc_hiderD1Ev
FNDA:0,_ZNKSs7_M_dataEv
FNDA:0,_ZNKSs6_M_repEv
FNDA:0,_ZNSsD1Ev
FNDA:0,_ZNKSs13get_allocatorEv
FNF:7
FNH:0
DA:173,0
DA:178,0
DA:179,0
DA:224,0
DA:227,0
DA:229,0
DA:231,0
DA:232,0
DA:253,0
DA:272,0
DA:273,0
DA:280,0
DA:281,0
DA:497,0
DA:498,0
DA:1632,0
DA:1633,0
BA:227,0
BA:227,0
BA:229,0
BA:229,0
LF:17
LH:0
end_of_record
SF:/usr/include/c++/4.4/bits/stl_algobase.h
FN:209,_ZSt3maxIiERKT_S2_S2_
FNDA:1389,_ZSt3maxIiERKT_S2_S2_
FNF:1
FNH:1
DA:209,1389
DA:214,1389
DA:215,1354
DA:216,35
BA:214,2
BA:214,2
LF:4
LH:4
end_of_record
SF:/usr/include/c++/4.4/bits/stl_list.h
FN:255,_ZNKSt20_List_const_iteratorIyEneERKS0_
FN:213,_ZNKSt20_List_const_iteratorIyEdeEv
FN:228,_ZNSt20_List_const_iteratorIyEppEi
FN:200,_ZNSt20_List_const_iteratorISt6vectorI10CoordinateSaIS1_EEEC1Ev
FN:255,_ZNKSt20_List_const_iteratorISt6vectorI10CoordinateSaIS1_EEEneERKS4_
FN:228,_ZNSt20_List_const_iteratorISt6vectorI10CoordinateSaIS1_EEEppEi
FN:213,_ZNKSt20_List_const_iteratorISt6vectorI10CoordinateSaIS1_EEEdeEv
FN:204,_ZNSt20_List_const_iteratorIyEC1EPKSt15_List_node_base
FN:698,_ZNKSt4listIySaIyEE5beginEv
FN:716,_ZNKSt4listIySaIyEE3endEv
FN:204,_ZNSt20_List_const_iteratorISt6vectorI10CoordinateSaIS1_EEEC1EPKSt15_List_node_base
FN:698,_ZNKSt4listISt6vectorI10CoordinateSaIS1_EESaIS3_EE5beginEv
FN:716,_ZNKSt4listISt6vectorI10CoordinateSaIS1_EESaIS3_EE3endEv
FNDA:0,_ZNSt20_List_const_iteratorISt6vectorI10CoordinateSaIS1_EEEC1Ev
FNDA:0,_ZNSt20_List_const_iteratorIyEC1EPKSt15_List_node_base
FNDA:0,_ZNSt20_List_const_iteratorISt6vectorI10CoordinateSaIS1_EEEC1EPKSt15_List_node_base
FNDA:0,_ZNKSt20_List_const_iteratorIyEdeEv
FNDA:0,_ZNKSt20_List_const_iteratorISt6vectorI10CoordinateSaIS1_EEEdeEv
FNDA:0,_ZNSt20_List_const_iteratorIyEppEi
FNDA:0,_ZNSt20_List_const_iteratorISt6vectorI10CoordinateSaIS1_EEEppEi
FNDA:0,_ZNKSt20_List_const_iteratorIyEneERKS0_
FNDA:0,_ZNKSt20_List_const_iteratorISt6vectorI10CoordinateSaIS1_EEEneERKS4_
FNDA:0,_ZNKSt4listIySaIyEE5beginEv
FNDA:0,_ZNKSt4listISt6vectorI10CoordinateSaIS1_EESaIS3_EE5beginEv
FNDA:0,_ZNKSt4listIySaIyEE3endEv
FNDA:0,_ZNKSt4listISt6vectorI10CoordinateSaIS1_EESaIS3_EE3endEv
FNF:13
FNH:0
DA:200,0
DA:201,0
DA:204,0
DA:205,0
DA:213,0
DA:214,0
DA:228,0
DA:230,0
DA:231,0
DA:255,0
DA:256,0
DA:698,0
DA:699,0
DA:716,0
DA:717,0
LF:15
LH:0
end_of_record
SF:/usr/include/c++/4.4/bits/stl_vector.h
FN:532,_ZNKSt6vectorI10CoordinateSaIS0_EE4sizeEv
FNDA:0,_ZNKSt6vectorI10CoordinateSaIS0_EE4sizeEv
FNF:1
FNH:0
DA:532,0
DA:533,0
LF:2
LH:0
end_of_record
SF:/usr/include/c++/4.4/ext/atomicity.h
FN:62,_ZN9__gnu_cxxL25__exchange_and_add_singleEPii
FN:45,_ZN9__gnu_cxxL18__exchange_and_addEPVii
FN:75,_ZN9__gnu_cxxL27__exchange_and_add_dispatchEPii
FNDA:0,_ZN9__gnu_cxxL18__exchange_and_addEPVii
FNDA:0,_ZN9__gnu_cxxL25__exchange_and_add_singleEPii
FNDA:0,_ZN9__gnu_cxxL27__exchange_and_add_dispatchEPii
FNF:3
FNH:0
DA:45,0
DA:46,0
DA:62,0
DA:64,0
DA:65,0
DA:66,0
DA:75,0
DA:78,0
DA:79,0
DA:81,0
BA:78,0
BA:78,0
LF:10
LH:0
end_of_record
SF:/usr/include/c++/4.4/ext/new_allocator.h
FN:66,_ZN9__gnu_cxx13new_allocatorIcEC2Ev
FN:73,_ZN9__gnu_cxx13new_allocatorIcED2Ev
FN:68,_ZN9__gnu_cxx13new_allocatorIcEC2ERKS1_
FNDA:0,_ZN9__gnu_cxx13new_allocatorIcEC2Ev
FNDA:0,_ZN9__gnu_cxx13new_allocatorIcEC2ERKS1_
FNDA:0,_ZN9__gnu_cxx13new_allocatorIcED2Ev
FNF:3
FNH:0
DA:66,0
DA:68,0
DA:73,0
LF:3
LH:0
end_of_record
SF:/usr/include/c++/4.4/i486-linux-gnu/bits/gthr-default.h
FN:238,_ZL18__gthread_active_pv
FNDA:0,_ZL18__gthread_active_pv
FNF:1
FNH:0
DA:238,0
DA:242,0
LF:2
LH:0
end_of_record
SF:/home/frechilla/workspace/headless/blockem_sourceforge/src/bitwise.h
FN:136,_ZN7bitwise17IsPieceDeployableEyyy
FNDA:0,_ZN7bitwise17IsPieceDeployableEyyy
FNF:1
FNH:0
DA:136,0
DA:139,0
DA:145,0
DA:151,0
DA:156,0
DA:161,0
BA:139,0
BA:139,0
BA:145,0
BA:145,0
BA:145,0
BA:145,0
BA:145,0
BA:145,0
BA:145,0
BA:145,0
BA:151,0
BA:151,0
BA:151,0
BA:151,0
BA:151,0
BA:151,0
BA:151,0
BA:151,0
LF:6
LH:0
end_of_record
SF:/home/frechilla/workspace/headless/blockem_sourceforge/src/board.h
FN:103,_ZNK5Board8GetNRowsEv
FN:109,_ZNK5Board11GetNColumnsEv
FN:55,_ZNK5Board12IsCoordEmptyERK10Coordinate
FN:79,_ZNK5Board15IsPlayerInCoordERK10CoordinateRK6Player
FNDA:0,_ZNK5Board12IsCoordEmptyERK10Coordinate
FNDA:0,_ZNK5Board15IsPlayerInCoordERK10CoordinateRK6Player
FNDA:0,_ZNK5Board8GetNRowsEv
FNDA:0,_ZNK5Board11GetNColumnsEv
FNF:4
FNH:0
DA:55,0
DA:58,0
DA:59,0
DA:60,0
DA:61,0
DA:63,0
DA:79,0
DA:82,0
DA:83,0
DA:84,0
DA:85,0
DA:87,0
DA:103,0
DA:105,0
DA:109,0
DA:111,0
BA:58,0
BA:58,0
BA:59,0
BA:59,0
BA:60,0
BA:60,0
BA:61,0
BA:61,0
BA:82,0
BA:82,0
BA:83,0
BA:83,0
BA:84,0
BA:84,0
BA:85,0
BA:85,0
LF:16
LH:0
end_of_record
SF:/home/frechilla/workspace/headless/blockem_sourceforge/src/coordinate.h
FN:49,_ZN10CoordinateC1Ev
FN:53,_ZN10CoordinateC1Eii
FN:57,_ZN10CoordinateD0Ev
FN:57,_ZN10CoordinateD1Ev
FNDA:0,_ZN10CoordinateC1Ev
FNDA:0,_ZN10CoordinateC1Eii
FNDA:0,_ZN10CoordinateD0Ev
FNDA:0,_ZN10CoordinateD1Ev
FNF:4
FNH:0
DA:49,0
DA:51,0
DA:52,0
DA:53,0
DA:55,0
DA:56,0
DA:57,0
DA:58,0
BA:58,0
BA:58,0
BA:58,0
BA:58,0
LF:8
LH:0
end_of_record
SF:/home/frechilla/workspace/headless/blockem_sourceforge/src/heuristic.cpp
FN:562,_ZN9Heuristic23CalculateCircularWeightERK5BoardRK10Coordinate
FN:675,_Z41__static_initialization_and_destruction_0ii
FN:675,_GLOBAL__I__ZN9Heuristic15m_heuristicDataE
FN:42,__tcf_0
FN:639,_ZN9Heuristic35BiggestPieceDeployableInNKPointSizeERK5BoardRK6PlayerRK10Coordinate
FN:607,_ZN9Heuristic32CountSquaresCanBeDeployedBitwiseERK5BoardRK6Playeryy
FN:76,_ZN9Heuristic15CalculateSimpleERK5BoardRK6PlayerS5_
FN:507,_ZN9Heuristic25NKBasedHeuristicThisCoordERK5BoardRK6PlayerS5_RK10Coordinate
FN:127,_ZN9Heuristic22CalculateCentreFocusedERK5BoardRK6PlayerS5_
FN:274,_ZN9Heuristic21CalculateNKWeightedv3ERK5BoardRK6PlayerS5_
FN:198,_ZN9Heuristic21CalculateNKWeightedv1ERK5BoardRK6PlayerS5_
FN:358,_ZN9Heuristic16CalculateNPiecesERK5BoardRK6PlayerS5_
FN:109,_ZN9Heuristic15CalculateRandomERK5BoardRK6PlayerS5_
FNDA:1,__tcf_0
FNDA:0,_ZN9Heuristic15CalculateSimpleERK5BoardRK6PlayerS5_
FNDA:0,_ZN9Heuristic15CalculateRandomERK5BoardRK6PlayerS5_
FNDA:0,_ZN9Heuristic22CalculateCentreFocusedERK5BoardRK6PlayerS5_
FNDA:0,_ZN9Heuristic21CalculateNKWeightedv1ERK5BoardRK6PlayerS5_
FNDA:0,_ZN9Heuristic21CalculateNKWeightedv3ERK5BoardRK6PlayerS5_
FNDA:0,_ZN9Heuristic16CalculateNPiecesERK5BoardRK6PlayerS5_
FNDA:0,_ZN9Heuristic25NKBasedHeuristicThisCoordERK5BoardRK6PlayerS5_RK10Coordinate
FNDA:0,_ZN9Heuristic23CalculateCircularWeightERK5BoardRK10Coordinate
FNDA:0,_ZN9Heuristic32CountSquaresCanBeDeployedBitwiseERK5BoardRK6Playeryy
FNDA:0,_ZN9Heuristic35BiggestPieceDeployableInNKPointSizeERK5BoardRK6PlayerRK10Coordinate
FNDA:1,_Z41__static_initialization_and_destruction_0ii
FNDA:1,_GLOBAL__I__ZN9Heuristic15m_heuristicDataE
FNF:13
FNH:3
DA:42,2
DA:74,1
DA:76,0
DA:81,0
DA:82,0
DA:83,0
DA:85,0
DA:86,0
DA:88,0
DA:90,0
DA:92,0
DA:94,0
DA:96,0
DA:101,0
DA:102,0
DA:103,0
DA:104,0
DA:106,0
DA:109,0
DA:116,0
DA:118,0
DA:121,0
DA:124,0
DA:127,0
DA:132,0
DA:133,0
DA:134,0
DA:135,0
DA:136,0
DA:138,0
DA:139,0
DA:141,0
DA:143,0
DA:145,0
DA:146,0
DA:148,0
DA:150,0
DA:151,0
DA:153,0
DA:156,0
DA:158,0
DA:160,0
DA:161,0
DA:165,0
DA:173,0
DA:176,0
DA:179,0
DA:181,0
DA:185,0
DA:190,0
DA:191,0
DA:192,0
DA:193,0
DA:195,0
DA:198,0
DA:203,0
DA:206,0
DA:209,0
DA:211,0
DA:212,0
DA:213,0
DA:214,0
DA:216,0
DA:217,0
DA:219,0
DA:221,0
DA:223,0
DA:225,0
DA:227,0
DA:228,0
DA:231,0
DA:233,0
DA:235,0
DA:237,0
DA:241,0
DA:255,0
DA:257,0
DA:261,0
DA:266,0
DA:267,0
DA:268,0
DA:269,0
DA:271,0
DA:274,0
DA:281,0
DA:284,0
DA:287,0
DA:288,0
DA:289,0
DA:290,0
DA:291,0
DA:293,0
DA:294,0
DA:296,0
DA:298,0
DA:300,0
DA:302,0
DA:304,0
DA:305,0
DA:307,0
DA:311,0
DA:315,0
DA:317,0
DA:319,0
DA:321,0
DA:325,0
DA:332,0
DA:336,0
DA:338,0
DA:342,0
DA:348,0
DA:349,0
DA:352,0
DA:353,0
DA:355,0
DA:358,0
DA:363,0
DA:365,0
DA:369,0
DA:372,0
DA:378,0
DA:380,0
DA:384,0
DA:390,0
DA:397,0
DA:399,0
DA:402,0
DA:408,0
DA:415,0
DA:418,0
DA:420,0
DA:424,0
DA:425,0
DA:428,0
DA:432,0
DA:438,0
DA:445,0
DA:447,0
DA:450,0
DA:456,0
DA:463,0
DA:466,0
DA:468,0
DA:472,0
DA:473,0
DA:476,0
DA:478,0
DA:480,0
DA:482,0
DA:494,0
DA:495,0
DA:496,0
DA:501,0
DA:504,0
DA:507,0
DA:513,0
DA:514,0
DA:515,0
DA:516,0
DA:518,0
DA:520,0
DA:522,0
DA:525,0
DA:527,0
DA:529,0
DA:530,0
DA:534,0
DA:542,0
DA:546,0
DA:548,0
DA:552,0
DA:555,0
DA:556,0
DA:557,0
DA:559,0
DA:562,0
DA:600,0
DA:602,0
DA:604,0
DA:607,0
DA:613,0
DA:615,0
DA:617,0
DA:619,0
DA:620,0
DA:621,0
DA:623,0
DA:625,0
DA:627,0
DA:628,0
DA:631,0
DA:636,0
DA:639,0
DA:646,0
DA:648,0
DA:650,0
DA:653,0
DA:654,0
DA:656,0
DA:660,0
DA:665,0
DA:667,0
DA:674,0
DA:675,3
BA:42,2
BA:42,2
BA:74,0
BA:74,0
BA:74,0
BA:74,0
BA:86,0
BA:86,0
BA:88,0
BA:88,0
BA:90,0
BA:90,0
BA:94,0
BA:94,0
BA:116,0
BA:116,0
BA:139,0
BA:139,0
BA:141,0
BA:141,0
BA:143,0
BA:143,0
BA:148,0
BA:148,0
BA:156,0
BA:156,0
BA:158,0
BA:158,0
BA:161,0
BA:161,0
BA:179,0
BA:179,0
BA:203,0
BA:203,0
BA:217,0
BA:217,0
BA:219,0
BA:219,0
BA:221,0
BA:221,0
BA:225,0
BA:225,0
BA:231,0
BA:231,0
BA:233,0
BA:233,0
BA:237,0
BA:237,0
BA:255,0
BA:255,0
BA:281,0
BA:281,0
BA:294,0
BA:294,0
BA:296,0
BA:296,0
BA:298,0
BA:298,0
BA:302,0
BA:302,0
BA:307,0
BA:307,0
BA:315,0
BA:315,0
BA:319,0
BA:319,0
BA:321,0
BA:321,0
BA:336,0
BA:336,0
BA:380,0
BA:380,0
BA:384,0
BA:384,0
BA:402,0
BA:402,0
BA:418,0
BA:418,0
BA:428,0
BA:428,0
BA:432,0
BA:432,0
BA:450,0
BA:450,0
BA:466,0
BA:466,0
BA:478,0
BA:478,0
BA:480,0
BA:480,0
BA:496,0
BA:496,0
BA:518,0
BA:518,0
BA:520,0
BA:520,0
BA:525,0
BA:525,0
BA:527,0
BA:527,0
BA:530,0
BA:530,0
BA:546,0
BA:546,0
BA:615,0
BA:615,0
BA:617,0
BA:617,0
BA:621,0
BA:621,0
BA:625,0
BA:625,0
BA:646,0
BA:646,0
BA:646,0
BA:646,0
BA:646,0
BA:646,0
BA:648,0
BA:648,0
BA:650,0
BA:650,0
BA:656,0
BA:656,0
BA:660,0
BA:660,0
BA:675,2
BA:675,1
BA:675,2
BA:675,1
LF:204
LH:3
end_of_record
SF:/home/frechilla/workspace/headless/blockem_sourceforge/src/heuristic.h
FN:77,_ZN9Heuristic16sHeuristicData_tD1Ev
FNDA:6,_ZN9Heuristic16sHeuristicData_tD1Ev
FNF:1
FNH:1
DA:77,6
LF:1
LH:1
end_of_record
SF:/home/frechilla/workspace/headless/blockem_sourceforge/src/piece.h
FN:167,_ZNK5Piece9GetRadiusEv
FN:173,_ZNK5Piece21GetPrecalculatedConfsEv
FN:181,_ZNK5Piece14GetBitwiseListEv
FN:158,_ZNK5Piece11GetNSquaresEv
FNDA:0,_ZNK5Piece11GetNSquaresEv
FNDA:0,_ZNK5Piece9GetRadiusEv
FNDA:0,_ZNK5Piece21GetPrecalculatedConfsEv
FNDA:0,_ZNK5Piece14GetBitwiseListEv
FNF:4
FNH:0
DA:158,0
DA:160,0
DA:167,0
DA:169,0
DA:173,0
DA:175,0
DA:181,0
DA:183,0
LF:8
LH:0
end_of_record
SF:/home/frechilla/workspace/headless/blockem_sourceforge/src/player.h
FN:80,_ZNK6Player16PresentationCharEv
FN:109,_ZNK6Player23NumberOfPiecesAvailableEv
FN:114,_ZNK6Player24NumberOfNucleationPointsEv
FN:142,_ZNK6Player16IsPieceAvailableE12ePieceType_t
FN:151,_ZNK6Player17IsNucleationPointERK10Coordinate
FNDA:0,_ZNK6Player16PresentationCharEv
FNDA:0,_ZNK6Player23NumberOfPiecesAvailableEv
FNDA:0,_ZNK6Player24NumberOfNucleationPointsEv
FNDA:0,_ZNK6Player16IsPieceAvailableE12ePieceType_t
FNDA:0,_ZNK6Player17IsNucleationPointERK10Coordinate
FNF:5
FNH:0
DA:80,0
DA:82,0
DA:109,0
DA:111,0
DA:114,0
DA:116,0
DA:142,0
DA:145,0
DA:147,0
DA:151,0
DA:154,0
DA:155,0
DA:157,0
BA:145,0
BA:145,0
BA:145,0
BA:145,0
BA:154,0
BA:154,0
BA:154,0
BA:154,0
BA:155,0
BA:155,0
BA:155,0
BA:155,0
LF:13
LH:0
end_of_record
TN:
SF:/usr/include/c++/4.4/bits/allocator.h
FN:101,_ZNSaIcEC1Ev
FN:109,_ZNSaIcED1Ev
FN:103,_ZNSaIcEC1ERKS_
FN:109,_ZNSaIcED2Ev
FN:107,_ZNSaISt6vectorI10CoordinateSaIS0_EEEC1ISt10_List_nodeIS2_EEERKSaIT_E
FN:103,_ZNSaI10CoordinateEC2ERKS0_
FN:109,_ZNSaI10CoordinateED2Ev
FN:109,_ZNSaISt6vectorI10CoordinateSaIS0_EEED1Ev
FN:107,_ZNSaIyEC1ISt10_List_nodeIyEEERKSaIT_E
FN:109,_ZNSaIyED1Ev
FN:109,_ZNSaISt10_List_nodeIyEED2Ev
FN:109,_ZNSaISt10_List_nodeISt6vectorI10CoordinateSaIS1_EEEED2Ev
FN:101,_ZNSaI10CoordinateEC1Ev
FN:109,_ZNSaI10CoordinateED1Ev
FN:101,_ZNSaISt10_List_nodeISt6vectorI10CoordinateSaIS1_EEEEC2Ev
FN:101,_ZNSaISt10_List_nodeIyEEC2Ev
FNDA:0,_ZNSaIcEC1Ev
FNDA:0,_ZNSaI10CoordinateEC1Ev
FNDA:231,_ZNSaISt10_List_nodeISt6vectorI10CoordinateSaIS1_EEEEC2Ev
FNDA:231,_ZNSaISt10_List_nodeIyEEC2Ev
FNDA:0,_ZNSaIcEC1ERKS_
FNDA:0,_ZNSaI10CoordinateEC2ERKS0_
FNDA:0,_ZNSaISt6vectorI10CoordinateSaIS0_EEEC1ISt10_List_nodeIS2_EEERKSaIT_E
FNDA:0,_ZNSaIyEC1ISt10_List_nodeIyEEERKSaIT_E
FNDA:0,_ZNSaIcED1Ev
FNDA:0,_ZNSaIcED2Ev
FNDA:0,_ZNSaI10CoordinateED2Ev
FNDA:0,_ZNSaISt6vectorI10CoordinateSaIS0_EEED1Ev
FNDA:0,_ZNSaIyED1Ev
FNDA:0,_ZNSaISt10_List_nodeIyEED2Ev
FNDA:0,_ZNSaISt10_List_nodeISt6vectorI10CoordinateSaIS1_EEEED2Ev
FNDA:0,_ZNSaI10CoordinateED1Ev
FNF:16
FNH:2
DA:101,462
DA:103,0
DA:104,0
DA:107,0
DA:109,0
LF:5
LH:1
end_of_record
SF:/usr/include/c++/4.4/bits/basic_string.h
FN:272,_ZNKSs7_M_dataEv
FN:280,_ZNKSs6_M_repEv
FN:173,_ZNSs4_Rep12_S_empty_repEv
FN:1632,_ZNKSs13get_allocatorEv
FN:253,_ZNSs12_Alloc_hiderD1Ev
FN:224,_ZNSs4_Rep10_M_disposeERKSaIcE
FN:497,_ZNSsD1Ev
FNDA:0,_ZNSs4_Rep12_S_empty_repEv
FNDA:0,_ZNSs4_Rep10_M_disposeERKSaIcE
FNDA:0,_ZNSs12_Alloc_hiderD1Ev
FNDA:0,_ZNKSs7_M_dataEv
FNDA:0,_ZNKSs6_M_repEv
FNDA:0,_ZNSsD1Ev
FNDA:0,_ZNKSs13get_allocatorEv
FNF:7
FNH:0
DA:173,0
DA:178,0
DA:179,0
DA:224,0
DA:227,0
DA:229,0
DA:231,0
DA:232,0
DA:253,0
DA:272,0
DA:273,0
DA:280,0
DA:281,0
DA:497,0
DA:498,0
DA:1632,0
DA:1633,0
BA:227,0
BA:227,0
BA:229,0
BA:229,0
LF:17
LH:0
end_of_record
SF:/usr/include/c++/4.4/bits/list.tcc
FN:64,_ZNSt10_List_baseISt6vectorI10CoordinateSaIS1_EESaIS3_EE8_M_clearEv
FN:64,_ZNSt10_List_baseIySaIyEE8_M_clearEv
FNDA:0,_ZNSt10_List_baseISt6vectorI10CoordinateSaIS1_EESaIS3_EE8_M_clearEv
FNDA:0,_ZNSt10_List_baseIySaIyEE8_M_clearEv
FNF:2
FNH:0
DA:64,0
DA:68,0
DA:69,0
DA:71,0
DA:72,0
DA:76,0
DA:78,0
DA:80,0
BA:69,0
BA:69,0
BA:69,0
BA:69,0
LF:8
LH:0
end_of_record
SF:/usr/include/c++/4.4/bits/stl_algobase.h
FN:287,_ZNSt12__miter_baseIP10CoordinateLb0EE3__bES1_
FN:269,_ZNSt12__niter_baseIP10CoordinateLb0EE3__bES1_
FN:687,_ZSt8__fill_aIP10CoordinateS0_EN9__gnu_cxx11__enable_ifIXntsrSt11__is_scalarIT0_E7__valueEvE6__typeET_S9_RKS5_
FN:730,_ZSt4fillIP10CoordinateS0_EvT_S2_RKT0_
FN:209,_ZSt3maxIjERKT_S2_S2_
FN:542,_ZNSt20__copy_move_backwardILb0ELb0ESt26random_access_iterator_tagE13__copy_move_bIP10CoordinateS4_EET0_T_S6_S5_
FN:582,_ZSt22__copy_move_backward_aILb0EP10CoordinateS1_ET1_T0_S3_S2_
FN:600,_ZSt23__copy_move_backward_a2ILb0EP10CoordinateS1_ET1_T0_S3_S2_
FN:628,_ZSt13copy_backwardIP10CoordinateS1_ET0_T_S3_S2_
FNDA:0,_ZSt3maxIjERKT_S2_S2_
FNDA:0,_ZNSt12__niter_baseIP10CoordinateLb0EE3__bES1_
FNDA:0,_ZNSt12__miter_baseIP10CoordinateLb0EE3__bES1_
FNDA:0,_ZNSt20__copy_move_backwardILb0ELb0ESt26random_access_iterator_tagE13__copy_move_bIP10CoordinateS4_EET0_T_S6_S5_
FNDA:0,_ZSt22__copy_move_backward_aILb0EP10CoordinateS1_ET1_T0_S3_S2_
FNDA:0,_ZSt23__copy_move_backward_a2ILb0EP10CoordinateS1_ET1_T0_S3_S2_
FNDA:0,_ZSt13copy_backwardIP10CoordinateS1_ET0_T_S3_S2_
FNDA:0,_ZSt8__fill_aIP10CoordinateS0_EN9__gnu_cxx11__enable_ifIXntsrSt11__is_scalarIT0_E7__valueEvE6__typeET_S9_RKS5_
FNDA:0,_ZSt4fillIP10CoordinateS0_EvT_S2_RKT0_
FNF:9
FNH:0
DA:209,0
DA:214,0
DA:215,0
DA:216,0
DA:269,0
DA:270,0
DA:287,0
DA:288,0
DA:542,0
DA:545,0
DA:546,0
DA:547,0
DA:582,0
DA:590,0
DA:595,0
DA:600,0
DA:605,0
DA:628,0
DA:640,0
DA:687,0
DA:690,0
DA:691,0
DA:692,0
DA:730,0
DA:737,0
DA:739,0
BA:214,0
BA:214,0
BA:545,0
BA:545,0
BA:690,0
BA:690,0
LF:26
LH:0
end_of_record
SF:/usr/include/c++/4.4/bits/stl_construct.h
FN:82,_ZSt8_DestroyI10CoordinateEvPT_
FN:90,_ZNSt12_Destroy_auxILb0EE9__destroyIP10CoordinateEEvT_S4_
FN:112,_ZSt8_DestroyIP10CoordinateEvT_S2_
FN:139,_ZSt8_DestroyIP10CoordinateS0_EvT_S2_RSaIT0_E
FN:70,_ZSt10_ConstructI10CoordinateS0_EvPT_RKT0_
FNDA:0,_ZSt10_ConstructI10CoordinateS0_EvPT_RKT0_
FNDA:0,_ZSt8_DestroyI10CoordinateEvPT_
FNDA:0,_ZNSt12_Destroy_auxILb0EE9__destroyIP10CoordinateEEvT_S4_
FNDA:0,_ZSt8_DestroyIP10CoordinateEvT_S2_
FNDA:0,_ZSt8_DestroyIP10CoordinateS0_EvT_S2_RSaIT0_E
FNF:5
FNH:0
DA:70,0
DA:74,0
DA:75,0
DA:82,0
DA:83,0
DA:90,0
DA:92,0
DA:93,0
DA:94,0
DA:112,0
DA:116,0
DA:118,0
DA:139,0
DA:142,0
DA:143,0
BA:74,0
BA:74,0
BA:92,0
BA:92,0
LF:15
LH:0
end_of_record
SF:/usr/include/c++/4.4/bits/stl_iterator.h
FN:702,_ZNK9__gnu_cxx17__normal_iteratorIP10CoordinateSt6vectorIS1_SaIS1_EEEptEv
FN:702,_ZNK9__gnu_cxx17__normal_iteratorIPK10CoordinateSt6vectorIS1_SaIS1_EEEptEv
FN:686,_ZN9__gnu_cxx17__normal_iteratorIP10CoordinateSt6vectorIS1_SaIS1_EEEC1ERKS2_
FN:713,_ZN9__gnu_cxx17__normal_iteratorIP10CoordinateSt6vectorIS1_SaIS1_EEEppEi
FN:750,_ZNK9__gnu_cxx17__normal_iteratorIP10CoordinateSt6vectorIS1_SaIS1_EEE4baseEv
FN:690,_ZN9__gnu_cxx17__normal_iteratorIPK10CoordinateSt6vectorIS1_SaIS1_EEEC1IPS1_EERKNS0_IT_NS_11__enable_ifIXsrSt10__are_sameISA_S9_E7__valueES6_E6__typeEEE
FN:783,_ZN9__gnu_cxxneIP10CoordinateSt6vectorIS1_SaIS1_EEEEbRKNS_17__normal_iteratorIT_T0_EESB_
FN:750,_ZNK9__gnu_cxx17__normal_iteratorIPK10CoordinateSt6vectorIS1_SaIS1_EEE4baseEv
FN:777,_ZN9__gnu_cxxneIPK10CoordinatePS1_St6vectorIS1_SaIS1_EEEEbRKNS_17__normal_iteratorIT_T1_EERKNS8_IT0_SA_EE
FN:686,_ZN9__gnu_cxx17__normal_iteratorIPK10CoordinateSt6vectorIS1_SaIS1_EEEC1ERKS3_
FN:713,_ZN9__gnu_cxx17__normal_iteratorIPK10CoordinateSt6vectorIS1_SaIS1_EEEppEi
FN:856,_ZN9__gnu_cxxmiIP10CoordinateSt6vectorIS1_SaIS1_EEEENS_17__normal_iteratorIT_T0_E15difference_typeERKS9_SC_
FN:783,_ZN9__gnu_cxxneIPK10CoordinateSt6vectorIS1_SaIS1_EEEEbRKNS_17__normal_iteratorIT_T0_EESC_
FN:706,_ZN9__gnu_cxx17__normal_iteratorIPK10CoordinateSt6vectorIS1_SaIS1_EEEppEv
FN:698,_ZNK9__gnu_cxx17__normal_iteratorIPK10CoordinateSt6vectorIS1_SaIS1_EEEdeEv
FNDA:0,_ZN9__gnu_cxx17__normal_iteratorIP10CoordinateSt6vectorIS1_SaIS1_EEEC1ERKS2_
FNDA:0,_ZN9__gnu_cxx17__normal_iteratorIPK10CoordinateSt6vectorIS1_SaIS1_EEEC1ERKS3_
FNDA:455,_ZN9__gnu_cxx17__normal_iteratorIPK10CoordinateSt6vectorIS1_SaIS1_EEEC1IPS1_EERKNS0_IT_NS_11__enable_ifIXsrSt10__are_sameISA_S9_E7__valueES6_E6__typeEEE
FNDA:0,_ZNK9__gnu_cxx17__normal_iteratorIPK10CoordinateSt6vectorIS1_SaIS1_EEEdeEv
FNDA:21320,_ZNK9__gnu_cxx17__normal_iteratorIP10CoordinateSt6vectorIS1_SaIS1_EEEptEv
FNDA:0,_ZNK9__gnu_cxx17__normal_iteratorIPK10CoordinateSt6vectorIS1_SaIS1_EEEptEv
FNDA:0,_ZN9__gnu_cxx17__normal_iteratorIPK10CoordinateSt6vectorIS1_SaIS1_EEEppEv
FNDA:3728,_ZN9__gnu_cxx17__normal_iteratorIP10CoordinateSt6vectorIS1_SaIS1_EEEppEi
FNDA:0,_ZN9__gnu_cxx17__normal_iteratorIPK10CoordinateSt6vectorIS1_SaIS1_EEEppEi
FNDA:0,_ZNK9__gnu_cxx17__normal_iteratorIP10CoordinateSt6vectorIS1_SaIS1_EEE4baseEv
FNDA:0,_ZNK9__gnu_cxx17__normal_iteratorIPK10CoordinateSt6vectorIS1_SaIS1_EEE4baseEv
FNDA:2525,_ZN9__gnu_cxxneIPK10CoordinatePS1_St6vectorIS1_SaIS1_EEEEbRKNS_17__normal_iteratorIT_T1_EERKNS8_IT0_SA_EE
FNDA:0,_ZN9__gnu_cxxneIP10CoordinateSt6vectorIS1_SaIS1_EEEEbRKNS_17__normal_iteratorIT_T0_EESB_
FNDA:0,_ZN9__gnu_cxxneIPK10CoordinateSt6vectorIS1_SaIS1_EEEEbRKNS_17__normal_iteratorIT_T0_EESC_
FNDA:0,_ZN9__gnu_cxxmiIP10CoordinateSt6vectorIS1_SaIS1_EEEENS_17__normal_iteratorIT_T0_E15difference_typeERKS9_SC_
FNF:15
FNH:4
DA:686,0
DA:690,455
DA:694,455
DA:698,0
DA:699,0
DA:702,21320
DA:703,21320
DA:706,0
DA:708,0
DA:709,0
DA:713,3728
DA:714,3728
DA:750,0
DA:751,0
DA:777,2525
DA:779,2525
DA:783,0
DA:785,0
DA:856,0
DA:858,0
LF:20
LH:8
end_of_record
SF:/usr/include/c++/4.4/bits/stl_list.h
FN:366,_ZNSt10_List_baseISt6vectorI10CoordinateSaIS1_EESaIS3_EE7_M_initEv
FN:366,_ZNSt10_List_baseIySaIyEE7_M_initEv
FN:128,_ZNSt14_List_iteratorISt6vectorI10CoordinateSaIS1_EEEC1EPSt15_List_node_base
FN:707,_ZNSt4listISt6vectorI10CoordinateSaIS1_EESaIS3_EE3endEv
FN:128,_ZNSt14_List_iteratorIyEC1EPSt15_List_node_base
FN:707,_ZNSt4listIySaIyEE3endEv
FN:330,_ZNKSt10_List_baseISt6vectorI10CoordinateSaIS1_EESaIS3_EE21_M_get_Node_allocatorEv
FN:330,_ZNKSt10_List_baseIySaIyEE21_M_get_Node_allocatorEv
FN:334,_ZNKSt10_List_baseISt6vectorI10CoordinateSaIS1_EESaIS3_EE19_M_get_Tp_allocatorEv
FN:334,_ZNKSt10_List_baseIySaIyEE19_M_get_Tp_allocatorEv
FN:300,_ZNSt10_List_baseIySaIyEE10_List_implD1Ev
FN:300,_ZNSt10_List_baseISt6vectorI10CoordinateSaIS1_EESaIS3_EE10_List_implD1Ev
FN:303,_ZNSt10_List_baseISt6vectorI10CoordinateSaIS1_EESaIS3_EE10_List_implC1Ev
FN:341,_ZNSt10_List_baseISt6vectorI10CoordinateSaIS1_EESaIS3_EEC2Ev
FN:499,_ZNSt4listISt6vectorI10CoordinateSaIS1_EESaIS3_EEC1Ev
FN:303,_ZNSt10_List_baseIySaIyEE10_List_implC1Ev
FN:341,_ZNSt10_List_baseIySaIyEEC2Ev
FN:499,_ZNSt4listIySaIyEEC1Ev
FN:315,_ZNSt10_List_baseISt6vectorI10CoordinateSaIS1_EESaIS3_EE11_M_get_nodeEv
FN:315,_ZNSt10_List_baseIySaIyEE11_M_get_nodeEv
FN:319,_ZNSt10_List_baseISt6vectorI10CoordinateSaIS1_EESaIS3_EE11_M_put_nodeEPSt10_List_nodeIS3_E
FN:459,_ZNSt4listISt6vectorI10CoordinateSaIS1_EESaIS3_EE14_M_create_nodeERKS3_
FN:1405,_ZNSt4listISt6vectorI10CoordinateSaIS1_EESaIS3_EE9_M_insertESt14_List_iteratorIS3_ERKS3_
FN:919,_ZNSt4listISt6vectorI10CoordinateSaIS1_EESaIS3_EE9push_backERKS3_
FN:359,_ZNSt10_List_baseISt6vectorI10CoordinateSaIS1_EESaIS3_EED2Ev
FN:418,_ZNSt4listISt6vectorI10CoordinateSaIS1_EESaIS3_EED1Ev
FN:319,_ZNSt10_List_baseIySaIyEE11_M_put_nodeEPSt10_List_nodeIyE
FN:459,_ZNSt4listIySaIyEE14_M_create_nodeERKy
FN:1405,_ZNSt4listIySaIyEE9_M_insertESt14_List_iteratorIyERKy
FN:919,_ZNSt4listIySaIyEE9push_backERKy
FN:359,_ZNSt10_List_baseIySaIyEED2Ev
FN:418,_ZNSt4listIySaIyEED1Ev
FNDA:0,_ZNSt14_List_iteratorISt6vectorI10CoordinateSaIS1_EEEC1EPSt15_List_node_base
FNDA:0,_ZNSt14_List_iteratorIyEC1EPSt15_List_node_base
FNDA:0,_ZNSt10_List_baseIySaIyEE10_List_implD1Ev
FNDA:0,_ZNSt10_List_baseISt6vectorI10CoordinateSaIS1_EESaIS3_EE10_List_implD1Ev
FNDA:231,_ZNSt10_List_baseISt6vectorI10CoordinateSaIS1_EESaIS3_EE10_List_implC1Ev
FNDA:231,_ZNSt10_List_baseIySaIyEE10_List_implC1Ev
FNDA:0,_ZNSt10_List_baseISt6vectorI10CoordinateSaIS1_EESaIS3_EE11_M_get_nodeEv
FNDA:0,_ZNSt10_List_baseIySaIyEE11_M_get_nodeEv
FNDA:0,_ZNSt10_List_baseISt6vectorI10CoordinateSaIS1_EESaIS3_EE11_M_put_nodeEPSt10_List_nodeIS3_E
FNDA:0,_ZNSt10_List_baseIySaIyEE11_M_put_nodeEPSt10_List_nodeIyE
FNDA:0,_ZNKSt10_List_baseISt6vectorI10CoordinateSaIS1_EESaIS3_EE21_M_get_Node_allocatorEv
FNDA:0,_ZNKSt10_List_baseIySaIyEE21_M_get_Node_allocatorEv
FNDA:0,_ZNKSt10_List_baseISt6vectorI10CoordinateSaIS1_EESaIS3_EE19_M_get_Tp_allocatorEv
FNDA:0,_ZNKSt10_List_baseIySaIyEE19_M_get_Tp_allocatorEv
FNDA:231,_ZNSt10_List_baseISt6vectorI10CoordinateSaIS1_EESaIS3_EEC2Ev
FNDA:231,_ZNSt10_List_baseIySaIyEEC2Ev
FNDA:0,_ZNSt10_List_baseISt6vectorI10CoordinateSaIS1_EESaIS3_EED2Ev
FNDA:0,_ZNSt10_List_baseIySaIyEED2Ev
FNDA:0,_ZNSt10_List_baseISt6vectorI10CoordinateSaIS1_EESaIS3_EE7_M_initEv
FNDA:0,_ZNSt10_List_baseIySaIyEE7_M_initEv
FNDA:0,_ZNSt4listISt6vectorI10CoordinateSaIS1_EESaIS3_EED1Ev
FNDA:0,_ZNSt4listIySaIyEED1Ev
FNDA:0,_ZNSt4listISt6vectorI10CoordinateSaIS1_EESaIS3_EE14_M_create_nodeERKS3_
FNDA:0,_ZNSt4listIySaIyEE14_M_create_nodeERKy
FNDA:231,_ZNSt4listISt6vectorI10CoordinateSaIS1_EESaIS3_EEC1Ev
FNDA:231,_ZNSt4listIySaIyEEC1Ev
FNDA:0,_ZNSt4listISt6vectorI10CoordinateSaIS1_EESaIS3_EE3endEv
FNDA:0,_ZNSt4listIySaIyEE3endEv
FNDA:0,_ZNSt4listISt6vectorI10CoordinateSaIS1_EESaIS3_EE9push_backERKS3_
FNDA:0,_ZNSt4listIySaIyEE9push_backERKy
FNDA:0,_ZNSt4listISt6vectorI10CoordinateSaIS1_EESaIS3_EE9_M_insertESt14_List_iteratorIS3_ERKS3_
FNDA:0,_ZNSt4listIySaIyEE9_M_insertESt14_List_iteratorIyERKy
FNF:32
FNH:6
DA:128,0
DA:129,0
DA:300,0
DA:303,462
DA:304,462
DA:305,462
DA:315,0
DA:316,0
DA:319,0
DA:320,0
DA:330,0
DA:331,0
DA:334,0
DA:335,0
DA:341,462
DA:342,462
DA:343,462
DA:359,0
DA:360,0
DA:366,0
DA:368,0
DA:369,0
DA:370,0
DA:418,0
DA:459,0
DA:461,0
DA:464,0
DA:466,0
DA:468,0
DA:469,0
DA:471,0
DA:499,462
DA:500,462
DA:707,0
DA:708,0
DA:919,0
DA:920,0
DA:1405,0
DA:1407,0
DA:1408,0
DA:1409,0
LF:41
LH:8
end_of_record
SF:/usr/include/c++/4.4/bits/stl_uninitialized.h
FN:67,_ZNSt20__uninitialized_copyILb0EE18uninitialized_copyIN9__gnu_cxx17__normal_iteratorIPK10CoordinateSt6vectorIS4_SaIS4_EEEEPS4_EET0_T_SD_SC_
FN:107,_ZSt18uninitialized_copyIN9__gnu_cxx17__normal_iteratorIPK10CoordinateSt6vectorIS2_SaIS2_EEEEPS2_ET0_T_SB_SA_
FN:255,_ZSt22__uninitialized_copy_aIN9__gnu_cxx17__normal_iteratorIPK10CoordinateSt6vectorIS2_SaIS2_EEEEPS2_S2_ET0_T_SB_SA_RSaIT1_E
FN:180,_ZNSt22__uninitialized_fill_nILb0EE20uninitialized_fill_nIP10CoordinatejS2_EEvT_T0_RKT1_
FN:218,_ZSt20uninitialized_fill_nIP10CoordinatejS0_EvT_T0_RKT1_
FN:316,_ZSt24__uninitialized_fill_n_aIP10CoordinatejS0_S0_EvT_T0_RKT1_RSaIT2_E
FN:67,_ZNSt20__uninitialized_copyILb0EE18uninitialized_copyIP10CoordinateS3_EET0_T_S5_S4_
FN:107,_ZSt18uninitialized_copyIP10CoordinateS1_ET0_T_S3_S2_
FN:255,_ZSt22__uninitialized_copy_aIP10CoordinateS1_S0_ET0_T_S3_S2_RSaIT1_E
FN:262,_ZSt22__uninitialized_move_aIP10CoordinateS1_SaIS0_EET0_T_S4_S3_RT1_
FNDA:0,_ZNSt20__uninitialized_copyILb0EE18uninitialized_copyIN9__gnu_cxx17__normal_iteratorIPK10CoordinateSt6vectorIS4_SaIS4_EEEEPS4_EET0_T_SD_SC_
FNDA:0,_ZNSt20__uninitialized_copyILb0EE18uninitialized_copyIP10CoordinateS3_EET0_T_S5_S4_
FNDA:0,_ZSt18uninitialized_copyIN9__gnu_cxx17__normal_iteratorIPK10CoordinateSt6vectorIS2_SaIS2_EEEEPS2_ET0_T_SB_SA_
FNDA:0,_ZSt18uninitialized_copyIP10CoordinateS1_ET0_T_S3_S2_
FNDA:0,_ZNSt22__uninitialized_fill_nILb0EE20uninitialized_fill_nIP10CoordinatejS2_EEvT_T0_RKT1_
FNDA:0,_ZSt20uninitialized_fill_nIP10CoordinatejS0_EvT_T0_RKT1_
FNDA:0,_ZSt22__uninitialized_copy_aIN9__gnu_cxx17__normal_iteratorIPK10CoordinateSt6vectorIS2_SaIS2_EEEEPS2_S2_ET0_T_SB_SA_RSaIT1_E
FNDA:0,_ZSt22__uninitialized_copy_aIP10CoordinateS1_S0_ET0_T_S3_S2_RSaIT1_E
FNDA:0,_ZSt22__uninitialized_move_aIP10CoordinateS1_SaIS0_EET0_T_S4_S3_RT1_
FNDA:0,_ZSt24__uninitialized_fill_n_aIP10CoordinatejS0_S0_EvT_T0_RKT1_RSaIT2_E
FNF:10
FNH:0
DA:67,0
DA:70,0
DA:73,0
DA:74,0
DA:76,0
DA:78,0
DA:80,0
DA:81,0
DA:107,0
DA:117,0
DA:180,0
DA:183,0
DA:186,0
DA:187,0
DA:189,0
DA:191,0
DA:192,0
DA:194,0
DA:218,0
DA:223,0
DA:225,0
DA:255,0
DA:257,0
DA:262,0
DA:267,0
DA:316,0
DA:318,0
BA:73,0
BA:73,0
BA:73,0
BA:73,0
BA:74,0
BA:74,0
BA:74,0
BA:74,0
BA:186,0
BA:186,0
LF:27
LH:0
end_of_record
SF:/usr/include/c++/4.4/bits/stl_vector.h
FN:532,_ZNKSt6vectorI10CoordinateSaIS0_EE4sizeEv
FN:610,_ZNSt6vectorI10CoordinateSaIS0_EEixEj
FN:93,_ZNSt12_Vector_baseI10CoordinateSaIS0_EE19_M_get_Tp_allocatorEv
FN:425,_ZNSt6vectorI10CoordinateSaIS0_EE5beginEv
FN:443,_ZNSt6vectorI10CoordinateSaIS0_EE3endEv
FN:1148,_ZNSt6vectorI10CoordinateSaIS0_EE15_M_erase_at_endEPS0_
FN:97,_ZNKSt12_Vector_baseI10CoordinateSaIS0_EE19_M_get_Tp_allocatorEv
FN:537,_ZNKSt6vectorI10CoordinateSaIS0_EE8max_sizeEv
FN:434,_ZNKSt6vectorI10CoordinateSaIS0_EE5beginEv
FN:452,_ZNKSt6vectorI10CoordinateSaIS0_EE3endEv
FN:84,_ZNSt12_Vector_baseI10CoordinateSaIS0_EE12_Vector_implC1ERKS1_
FN:75,_ZNSt12_Vector_baseI10CoordinateSaIS0_EE12_Vector_implD1Ev
FN:1033,_ZNSt6vectorI10CoordinateSaIS0_EE18_M_fill_initializeEjRKS0_
FN:139,_ZNSt12_Vector_baseI10CoordinateSaIS0_EE11_M_allocateEj
FN:110,_ZNSt12_Vector_baseI10CoordinateSaIS0_EEC2EjRKS1_
FN:143,_ZNSt12_Vector_baseI10CoordinateSaIS0_EE13_M_deallocateEPS0_j
FN:131,_ZNSt12_Vector_baseI10CoordinateSaIS0_EED2Ev
FN:241,_ZNSt6vectorI10CoordinateSaIS0_EEC1ERKS2_
FN:312,_ZNSt6vectorI10CoordinateSaIS0_EED1Ev
FN:227,_ZNSt6vectorI10CoordinateSaIS0_EEC1EjRKS0_RKS1_
FN:1134,_ZNKSt6vectorI10CoordinateSaIS0_EE12_M_check_lenEjPKc
FN:850,_ZNSt6vectorI10CoordinateSaIS0_EE6insertEN9__gnu_cxx17__normal_iteratorIPS0_S2_EEjRKS0_
FN:552,_ZNSt6vectorI10CoordinateSaIS0_EE6resizeEjS0_
FNDA:0,_ZNSt12_Vector_baseI10CoordinateSaIS0_EE12_Vector_implD1Ev
FNDA:0,_ZNSt12_Vector_baseI10CoordinateSaIS0_EE12_Vector_implC1ERKS1_
FNDA:0,_ZNSt12_Vector_baseI10CoordinateSaIS0_EE19_M_get_Tp_allocatorEv
FNDA:0,_ZNKSt12_Vector_baseI10CoordinateSaIS0_EE19_M_get_Tp_allocatorEv
FNDA:0,_ZNSt12_Vector_baseI10CoordinateSaIS0_EEC2EjRKS1_
FNDA:0,_ZNSt12_Vector_baseI10CoordinateSaIS0_EED2Ev
FNDA:0,_ZNSt12_Vector_baseI10CoordinateSaIS0_EE11_M_allocateEj
FNDA:0,_ZNSt12_Vector_baseI10CoordinateSaIS0_EE13_M_deallocateEPS0_j
FNDA:0,_ZNSt6vectorI10CoordinateSaIS0_EEC1EjRKS0_RKS1_
FNDA:0,_ZNSt6vectorI10CoordinateSaIS0_EEC1ERKS2_
FNDA:0,_ZNSt6vectorI10CoordinateSaIS0_EED1Ev
FNDA:0,_ZNSt6vectorI10CoordinateSaIS0_EE5beginEv
FNDA:0,_ZNKSt6vectorI10CoordinateSaIS0_EE5beginEv
FNDA:0,_ZNSt6vectorI10CoordinateSaIS0_EE3endEv
FNDA:0,_ZNKSt6vectorI10CoordinateSaIS0_EE3endEv
FNDA:0,_ZNKSt6vectorI10CoordinateSaIS0_EE4sizeEv
FNDA:0,_ZNKSt6vectorI10CoordinateSaIS0_EE8max_sizeEv
FNDA:462,_ZNSt6vectorI10CoordinateSaIS0_EE6resizeEjS0_
FNDA:0,_ZNSt6vectorI10CoordinateSaIS0_EEixEj
FNDA:120,_ZNSt6vectorI10CoordinateSaIS0_EE6insertEN9__gnu_cxx17__normal_iteratorIPS0_S2_EEjRKS0_
FNDA:0,_ZNSt6vectorI10CoordinateSaIS0_EE18_M_fill_initializeEjRKS0_
FNDA:0,_ZNKSt6vectorI10CoordinateSaIS0_EE12_M_check_lenEjPKc
[...]
FNDA:0,_ZNSt6vectorI10CoordinateSaIS0_EE5beginEv
FNDA:0,_ZNKSt6vectorI10CoordinateSaIS0_EE5beginEv
FNDA:0,_ZNSt6vectorI10CoordinateSaIS0_EE3endEv
FNDA:0,_ZNKSt6vectorI10CoordinateSaIS0_EE3endEv
FNDA:0,_ZNKSt6vectorI10CoordinateSaIS0_EE4sizeEv
FNDA:0,_ZNKSt6vectorI10CoordinateSaIS0_EE8capacityEv
FNDA:0,_ZNSt6vectorI10CoordinateSaIS0_EE20_M_allocate_and_copyIN9__gnu_cxx17__normal_iteratorIPKS0_S2_EEEEPS0_jT_SA_
FNF:17
FNH:0
DA:75,0
DA:84,0
DA:85,0
DA:86,0
DA:93,0
DA:94,0
DA:97,0
DA:98,0
DA:110,0
DA:111,0
DA:113,0
DA:114,0
DA:115,0
DA:116,0
DA:131,0
DA:132,0
DA:133,0
DA:139,0
DA:140,0
DA:143,0
DA:145,0
DA:146,0
DA:147,0
DA:241,0
DA:242,0
DA:243,0
DA:247,0
DA:312,0
DA:313,0
DA:314,0
DA:425,0
DA:426,0
DA:434,0
DA:435,0
DA:443,0
DA:444,0
DA:452,0
DA:453,0
DA:532,0
DA:533,0
DA:565,0
DA:567,0
DA:960,0
DA:963,0
DA:966,0
DA:968,0
DA:970,0
DA:972,0
DA:973,0
BA:140,0
BA:140,0
BA:145,0
BA:145,0
LF:49
LH:0
end_of_record
SF:/usr/include/c++/4.4/bits/vector.tcc
FN:156,_ZNSt6vectorI10CoordinateSaIS0_EEaSERKS2_
FNDA:0,_ZNSt6vectorI10CoordinateSaIS0_EEaSERKS2_
FNF:1
FNH:0
DA:156,0
DA:159,0
DA:161,0
DA:162,0
DA:165,0
DA:166,0
DA:168,0
DA:171,0
DA:172,0
DA:174,0
DA:176,0
DA:181,0
DA:183,0
DA:188,0
DA:190,0
BA:159,0
BA:159,0
BA:162,0
BA:162,0
BA:174,0
BA:174,0
LF:15
LH:0
end_of_record
SF:/usr/include/c++/4.4/ext/atomicity.h
FN:62,_ZN9__gnu_cxxL25__exchange_and_add_singleEPii
FN:45,_ZN9__gnu_cxxL18__exchange_and_addEPVii
FN:75,_ZN9__gnu_cxxL27__exchange_and_add_dispatchEPii
FNDA:0,_ZN9__gnu_cxxL18__exchange_and_addEPVii
FNDA:0,_ZN9__gnu_cxxL25__exchange_and_add_singleEPii
FNDA:0,_ZN9__gnu_cxxL27__exchange_and_add_dispatchEPii
FNF:3
FNH:0
DA:45,0
DA:46,0
DA:62,0
DA:64,0
DA:65,0
DA:66,0
DA:75,0
DA:78,0
DA:79,0
DA:81,0
BA:78,0
BA:78,0
LF:10
LH:0
end_of_record
SF:/usr/include/c++/4.4/ext/new_allocator.h
FN:73,_ZN9__gnu_cxx13new_allocatorIcED2Ev
FN:66,_ZN9__gnu_cxx13new_allocatorIcEC2Ev
FN:68,_ZN9__gnu_cxx13new_allocatorIcEC2ERKS1_
FN:66,_ZN9__gnu_cxx13new_allocatorISt6vectorI10CoordinateSaIS2_EEEC2Ev
FN:73,_ZN9__gnu_cxx13new_allocatorISt6vectorI10CoordinateSaIS2_EEED2Ev
FN:66,_ZN9__gnu_cxx13new_allocatorIyEC2Ev
FN:73,_ZN9__gnu_cxx13new_allocatorIyED2Ev
FN:98,_ZNK9__gnu_cxx13new_allocatorI10CoordinateE8max_sizeEv
FN:73,_ZN9__gnu_cxx13new_allocatorISt10_List_nodeISt6vectorI10CoordinateSaIS3_EEEED2Ev
FN:115,_ZN9__gnu_cxx13new_allocatorIyE7destroyEPy
FN:73,_ZN9__gnu_cxx13new_allocatorISt10_List_nodeIyEED2Ev
FN:66,_ZN9__gnu_cxx13new_allocatorISt10_List_nodeISt6vectorI10CoordinateSaIS3_EEEEC2Ev
FN:66,_ZN9__gnu_cxx13new_allocatorISt10_List_nodeIyEEC2Ev
FN:73,_ZN9__gnu_cxx13new_allocatorI10CoordinateED2Ev
FN:68,_ZN9__gnu_cxx13new_allocatorISt10_List_nodeISt6vectorI10CoordinateSaIS3_EEEEC2ERKS7_
FN:68,_ZN9__gnu_cxx13new_allocatorISt10_List_nodeIyEEC2ERKS3_
FN:98,_ZNK9__gnu_cxx13new_allocatorISt13_Rb_tree_nodeI10CoordinateEE8max_sizeEv
FN:66,_ZN9__gnu_cxx13new_allocatorI10CoordinateEC2Ev
FN:68,_ZN9__gnu_cxx13new_allocatorI10CoordinateEC2ERKS2_
FN:104,_ZN9__gnu_cxx13new_allocatorIyE9constructEPyRKy
FN:98,_ZNK9__gnu_cxx13new_allocatorISt10_List_nodeISt6vectorI10CoordinateSaIS3_EEEE8max_sizeEv
FN:98,_ZNK9__gnu_cxx13new_allocatorISt10_List_nodeIyEE8max_sizeEv
FN:104,_ZN9__gnu_cxx13new_allocatorI10CoordinateE9constructEPS1_RKS1_
FN:94,_ZN9__gnu_cxx13new_allocatorISt13_Rb_tree_nodeI10CoordinateEE10deallocateEPS3_j
FN:94,_ZN9__gnu_cxx13new_allocatorI10CoordinateE10deallocateEPS1_j
FN:94,_ZN9__gnu_cxx13new_allocatorISt10_List_nodeISt6vectorI10CoordinateSaIS3_EEEE10deallocateEPS6_j
FN:94,_ZN9__gnu_cxx13new_allocatorISt10_List_nodeIyEE10deallocateEPS2_j
FN:84,_ZN9__gnu_cxx13new_allocatorISt13_Rb_tree_nodeI10CoordinateEE8allocateEjPKv
FN:84,_ZN9__gnu_cxx13new_allocatorI10CoordinateE8allocateEjPKv
FN:84,_ZN9__gnu_cxx13new_allocatorISt10_List_nodeISt6vectorI10CoordinateSaIS3_EEEE8allocateEjPKv
FN:84,_ZN9__gnu_cxx13new_allocatorISt10_List_nodeIyEE8allocateEjPKv
FN:115,_ZN9__gnu_cxx13new_allocatorISt6vectorI10CoordinateSaIS2_EEE7destroyEPS4_
FN:104,_ZN9__gnu_cxx13new_allocatorISt6vectorI10CoordinateSaIS2_EEE9constructEPS4_RKS4_
FNDA:0,_ZN9__gnu_cxx13new_allocatorIcEC2Ev
FNDA:0,_ZN9__gnu_cxx13new_allocatorISt6vectorI10CoordinateSaIS2_EEEC2Ev
FNDA:0,_ZN9__gnu_cxx13new_allocatorIyEC2Ev
FNDA:0,_ZN9__gnu_cxx13new_allocatorISt10_List_nodeISt6vectorI10CoordinateSaIS3_EEEEC2Ev
FNDA:0,_ZN9__gnu_cxx13new_allocatorISt10_List_nodeIyEEC2Ev
FNDA:0,_ZN9__gnu_cxx13new_allocatorI10CoordinateEC2Ev
FNDA:0,_ZN9__gnu_cxx13new_allocatorIcEC2ERKS1_
FNDA:0,_ZN9__gnu_cxx13new_allocatorISt10_List_nodeISt6vectorI10CoordinateSaIS3_EEEEC2ERKS7_
FNDA:0,_ZN9__gnu_cxx13new_allocatorISt10_List_nodeIyEEC2ERKS3_
FNDA:0,_ZN9__gnu_cxx13new_allocatorI10CoordinateEC2ERKS2_
FNDA:0,_ZN9__gnu_cxx13new_allocatorIcED2Ev
FNDA:0,_ZN9__gnu_cxx13new_allocatorISt6vectorI10CoordinateSaIS2_EEED2Ev
FNDA:0,_ZN9__gnu_cxx13new_allocatorIyED2Ev
FNDA:0,_ZN9__gnu_cxx13new_allocatorISt10_List_nodeISt6vectorI10CoordinateSaIS3_EEEED2Ev
FNDA:0,_ZN9__gnu_cxx13new_allocatorISt10_List_nodeIyEED2Ev
FNDA:0,_ZN9__gnu_cxx13new_allocatorI10CoordinateED2Ev
FNDA:0,_ZN9__gnu_cxx13new_allocatorISt13_Rb_tree_nodeI10CoordinateEE8allocateEjPKv
FNDA:0,_ZN9__gnu_cxx13new_allocatorI10CoordinateE8allocateEjPKv
FNDA:0,_ZN9__gnu_cxx13new_allocatorISt10_List_nodeISt6vectorI10CoordinateSaIS3_EEEE8allocateEjPKv
FNDA:0,_ZN9__gnu_cxx13new_allocatorISt10_List_nodeIyEE8allocateEjPKv
FNDA:0,_ZN9__gnu_cxx13new_allocatorISt13_Rb_tree_nodeI10CoordinateEE10deallocateEPS3_j
FNDA:0,_ZN9__gnu_cxx13new_allocatorI10CoordinateE10deallocateEPS1_j
FNDA:0,_ZN9__gnu_cxx13new_allocatorISt10_List_nodeISt6vectorI10CoordinateSaIS3_EEEE10deallocateEPS6_j
FNDA:0,_ZN9__gnu_cxx13new_allocatorISt10_List_nodeIyEE10deallocateEPS2_j
FNDA:0,_ZNK9__gnu_cxx13new_allocatorI10CoordinateE8max_sizeEv
FNDA:0,_ZNK9__gnu_cxx13new_allocatorISt13_Rb_tree_nodeI10CoordinateEE8max_sizeEv
FNDA:0,_ZNK9__gnu_cxx13new_allocatorISt10_List_nodeISt6vectorI10CoordinateSaIS3_EEEE8max_sizeEv
FNDA:0,_ZNK9__gnu_cxx13new_allocatorISt10_List_nodeIyEE8max_sizeEv
FNDA:0,_ZN9__gnu_cxx13new_allocatorIyE9constructEPyRKy
FNDA:0,_ZN9__gnu_cxx13new_allocatorI10CoordinateE9constructEPS1_RKS1_
FNDA:0,_ZN9__gnu_cxx13new_allocatorISt6vectorI10CoordinateSaIS2_EEE9constructEPS4_RKS4_
FNDA:0,_ZN9__gnu_cxx13new_allocatorIyE7destroyEPy
FNDA:0,_ZN9__gnu_cxx13new_allocatorISt6vectorI10CoordinateSaIS2_EEE7destroyEPS4_
FNF:33
FNH:0
DA:66,0
DA:68,0
DA:73,0
DA:84,0
DA:86,0
DA:87,0
DA:89,0
DA:94,0
DA:95,0
DA:98,0
DA:99,0
DA:104,0
DA:105,0
DA:115,0
BA:86,0
BA:86,0
BA:86,0
BA:86,0
BA:86,0
BA:86,0
BA:86,0
BA:86,0
BA:105,0
BA:105,0
BA:105,0
BA:105,0
BA:105,0
BA:105,0
LF:14
LH:0
end_of_record
SF:/usr/include/c++/4.4/i486-linux-gnu/bits/gthr-default.h
FN:238,_ZL18__gthread_active_pv
FNDA:0,_ZL18__gthread_active_pv
FNF:1
FNH:0
DA:238,0
DA:242,0
LF:2
LH:0
end_of_record
SF:/usr/include/c++/4.4/iomanip
FN:238,_ZSt4setwi
FN:170,_ZSt7setfillIcESt8_SetfillIT_ES1_
FN:255,_ZStlsIcSt11char_traitsIcEERSt13basic_ostreamIT_T0_ES6_St5_Setw
FN:187,_ZStlsIcSt11char_traitsIcEERSt13basic_ostreamIT_T0_ES6_St8_SetfillIS3_E
FNDA:0,_ZSt7setfillIcESt8_SetfillIT_ES1_
FNDA:0,_ZStlsIcSt11char_traitsIcEERSt13basic_ostreamIT_T0_ES6_St8_SetfillIS3_E
FNDA:0,_ZSt4setwi
FNDA:0,_ZStlsIcSt11char_traitsIcEERSt13basic_ostreamIT_T0_ES6_St5_Setw
FNF:4
FNH:0
DA:170,0
DA:173,0
DA:187,0
DA:189,0
DA:190,0
DA:238,0
DA:241,0
DA:255,0
DA:257,0
DA:258,0
LF:10
LH:0
end_of_record
SF:/usr/include/c++/4.4/new
FN:101,_ZnwjPv
FN:105,_ZdlPvS_
FNDA:0,_ZnwjPv
FNDA:0,_ZdlPvS_
FNF:2
FNH:0
DA:101,0
DA:105,0
LF:2
LH:0
end_of_record
SF:/usr/include/c++/4.4/ostream
FN:108,_ZNSolsEPFRSoS_E
FN:457,_ZStlsISt11char_traitsIcEERSt13basic_ostreamIcT_ES5_c
FN:505,_ZStlsISt11char_traitsIcEERSt13basic_ostreamIcT_ES5_PKc
FN:559,_ZSt5flushIcSt11char_traitsIcEERSt13basic_ostreamIT_T0_ES6_
FN:538,_ZSt4endlIcSt11char_traitsIcEERSt13basic_ostreamIT_T0_ES6_
FNDA:0,_ZNSolsEPFRSoS_E
FNDA:0,_ZStlsISt11char_traitsIcEERSt13basic_ostreamIcT_ES5_c
FNDA:0,_ZStlsISt11char_traitsIcEERSt13basic_ostreamIcT_ES5_PKc
FNDA:0,_ZSt4endlIcSt11char_traitsIcEERSt13basic_ostreamIT_T0_ES6_
FNDA:0,_ZSt5flushIcSt11char_traitsIcEERSt13basic_ostreamIT_T0_ES6_
FNF:5
FNH:0
DA:108,0
DA:113,0
DA:457,0
DA:458,0
DA:505,0
DA:507,0
DA:508,0
DA:510,0
DA:512,0
DA:538,0
DA:539,0
DA:559,0
DA:560,0
BA:507,0
BA:507,0
LF:13
LH:0
end_of_record
SF:/home/frechilla/workspace/headless/blockem_sourceforge/src/coordinate.h
FN:49,_ZN10CoordinateC1Ev
FN:53,_ZN10CoordinateC1Eii
FN:75,_ZNK10Coordinate10comparatorclERKS_S2_
FN:47,_ZN10CoordinateaSERKS_
FN:47,_ZN10CoordinateC1ERKS_
FN:57,_ZN10CoordinateD0Ev
FN:57,_ZN10CoordinateD1Ev
FNDA:0,_ZN10CoordinateaSERKS_
FNDA:0,_ZN10CoordinateC1ERKS_
FNDA:0,_ZN10CoordinateC1Ev
FNDA:0,_ZN10CoordinateC1Eii
FNDA:0,_ZN10CoordinateD0Ev
FNDA:0,_ZN10CoordinateD1Ev
FNDA:0,_ZNK10Coordinate10comparatorclERKS_S2_
FNF:7
FNH:0
DA:47,0
DA:49,0
DA:51,0
DA:52,0
DA:53,0
DA:55,0
DA:56,0
DA:57,0
DA:58,0
DA:75,0
DA:77,0
DA:80,0
DA:83,0
BA:58,0
BA:58,0
BA:58,0
BA:58,0
BA:77,0
BA:77,0
BA:77,0
BA:77,0
BA:77,0
BA:77,0
LF:13
LH:0
end_of_record
SF:/home/frechilla/workspace/headless/blockem_sourceforge/src/piece.h
FN:92,_ZN5PieceaSERKS_
FNDA:0,_ZN5PieceaSERKS_
FNF:1
FNH:0
DA:92,0
LF:1
LH:0
end_of_record
SF:/home/frechilla/workspace/headless/blockem_sourceforge/src/player.cpp
FN:153,_ZN6Player9SetColourEhhh
FN:160,_ZNK6Player9GetColourERhS0_S0_
FN:383,_ZNK6Player28GetNextNucleationPointSpiralERiR10Coordinate
FN:340,_ZNK6Player29GetFirstNucleationPointSpiralERiR10Coordinate
FN:295,_ZNK6Player22GetAllNucleationPointsEP10Coordinatei
FN:319,_ZNK6Player22GetAllNucleationPointsERSt3setI10CoordinateNS1_10comparatorESaIS1_EE
FN:252,_ZNK6Player21PrintNucleationPointsERSo
FN:236,_ZNK6Player20PrintAvailablePiecesERSo
FN:211,_ZN6Player10LoadPiecesEv
FN:167,_ZN6Player5ResetERK10Coordinate
FN:123,_ZN6Player14CopyFromObjectERKS_
FN:91,_ZN6PlayeraSERKS_
FN:79,_ZN6PlayerC1ERKS_
FN:79,_ZN6PlayerC2ERKS_
FN:69,_ZN6PlayerD0Ev
FN:69,_ZN6PlayerD1Ev
FN:69,_ZN6PlayerD2Ev
FN:34,_ZN6PlayerC1ESsciiRK10Coordinate
FN:34,_ZN6PlayerC2ESsciiRK10Coordinate
FNDA:5,_ZN6PlayerC1ESsciiRK10Coordinate
FNDA:0,_ZN6PlayerC2ESsciiRK10Coordinate
FNDA:0,_ZN6PlayerD0Ev
FNDA:6,_ZN6PlayerD1Ev
FNDA:0,_ZN6PlayerD2Ev
FNDA:1,_ZN6PlayerC1ERKS_
FNDA:0,_ZN6PlayerC2ERKS_
FNDA:2,_ZN6PlayeraSERKS_
FNDA:3,_ZN6Player14CopyFromObjectERKS_
FNDA:0,_ZN6Player9SetColourEhhh
FNDA:0,_ZNK6Player9GetColourERhS0_S0_
FNDA:6,_ZN6Player5ResetERK10Coordinate
FNDA:5,_ZN6Player10LoadPiecesEv
FNDA:0,_ZNK6Player20PrintAvailablePiecesERSo
FNDA:0,_ZNK6Player21PrintNucleationPointsERSo
FNDA:0,_ZNK6Player22GetAllNucleationPointsEP10Coordinatei
FNDA:20,_ZNK6Player22GetAllNucleationPointsERSt3setI10CoordinateNS1_10comparatorESaIS1_EE
FNDA:0,_ZNK6Player29GetFirstNucleationPointSpiralERiR10Coordinate
FNDA:0,_ZNK6Player28GetNextNucleationPointSpiralERiR10Coordinate
FNF:19
FNH:8
DA:34,5
DA:45,5
DA:48,5
DA:51,110
DA:53,105
DA:55,5
DA:58,5
DA:59,58
DA:61,53
DA:62,702
DA:64,649
DA:67,5
DA:69,132
DA:72,63
DA:74,57
DA:76,6
DA:77,132
DA:79,1
DA:82,1
DA:83,6
DA:85,5
DA:88,1
DA:89,1
DA:91,2
DA:93,2
DA:97,2
DA:101,7
DA:103,6
DA:105,1
DA:109,1
DA:110,6
DA:112,5
DA:117,2
DA:120,2
DA:123,3
DA:125,3
DA:126,3
DA:127,3
DA:128,3
DA:129,3
DA:130,3
DA:131,3
DA:132,3
DA:133,3
DA:134,3
DA:137,66
DA:139,63
DA:140,63
DA:144,18
DA:146,90
DA:148,75
DA:151,3
DA:153,0
DA:155,0
DA:156,0
DA:157,0
DA:158,0
DA:160,0
DA:162,0
DA:163,0
DA:164,0
DA:165,0
DA:167,6
DA:170,132
DA:172,126
DA:174,126
DA:176,4
DA:181,6
DA:182,90
DA:184,1260
DA:186,1176
DA:190,6
DA:193,6
DA:194,6
DA:196,264
DA:198,126
DA:201,90
DA:203,1260
DA:205,1176
DA:207,6
DA:209,6
DA:211,5
DA:213,5
DA:214,10
DA:215,10
DA:216,10
DA:217,10
DA:218,10
DA:219,10
DA:220,10
DA:221,10
DA:222,10
DA:223,10
DA:224,10
DA:225,10
DA:226,10
DA:227,10
DA:228,10
DA:229,10
DA:230,10
DA:231,10
DA:232,10
DA:233,10
DA:234,5
DA:236,0
DA:238,0
DA:240,0
DA:242,0
DA:246,0
DA:249,0
DA:250,0
DA:252,0
DA:254,0
DA:255,0
DA:257,0
DA:259,0
DA:261,0
DA:263,0
DA:264,0
DA:266,0
DA:268,0
DA:270,0
DA:271,0
DA:273,0
DA:274,0
DA:276,0
DA:280,0
DA:282,0
DA:284,0
DA:287,0
DA:288,0
DA:290,0
DA:292,0
DA:293,0
DA:295,0
DA:298,0
DA:300,0
DA:301,0
DA:303,0
DA:305,0
DA:307,0
DA:309,0
DA:311,0
DA:316,0
DA:319,20
DA:322,20
DA:324,20
DA:325,300
DA:327,4200
DA:329,3920
DA:331,262
DA:332,262
DA:337,20
DA:340,0
DA:343,0
DA:344,0
DA:345,0
DA:346,0
DA:348,0
DA:349,0
DA:351,0
DA:355,0
DA:359,0
DA:362,0
DA:367,0
DA:369,0
DA:370,0
DA:377,0
DA:380,0
DA:383,0
DA:386,0
DA:387,0
DA:388,0
DA:391,0
DA:392,0
DA:396,0
DA:399,0
DA:402,0
DA:404,0
DA:405,0
DA:412,0
DA:416,0
DA:420,0
DA:423,0
DA:426,0
DA:428,0
DA:429,0
DA:437,0
DA:439,0
DA:440,0
DA:442,0
DA:446,0
DA:450,0
DA:453,0
DA:456,0
DA:458,0
DA:459,0
DA:465,0
DA:468,0
BA:45,2
BA:45,2
BA:45,0
BA:45,0
BA:45,0
BA:45,0
BA:45,0
BA:45,0
BA:45,0
BA:45,0
BA:45,0
BA:45,0
BA:51,2
BA:51,2
BA:51,0
BA:51,0
BA:59,2
BA:59,2
BA:59,0
BA:59,0
BA:62,2
BA:62,2
BA:62,0
BA:62,0
BA:67,0
BA:67,0
BA:67,0
BA:67,0
BA:67,0
BA:67,0
BA:67,0
BA:67,0
BA:72,0
BA:72,0
BA:72,2
BA:72,2
BA:72,0
BA:72,0
BA:74,0
BA:74,0
BA:74,2
BA:74,1
BA:74,0
BA:74,0
BA:76,0
BA:76,0
BA:76,2
BA:76,1
BA:76,0
BA:76,0
BA:77,0
BA:77,0
BA:77,0
BA:77,0
BA:77,0
BA:77,0
BA:77,0
BA:77,0
BA:77,0
BA:77,0
BA:77,2
BA:77,1
BA:77,0
BA:77,0
BA:77,0
BA:77,0
BA:77,2
BA:77,2
BA:77,1
BA:77,2
BA:77,0
BA:77,0
BA:77,0
BA:77,0
BA:77,0
BA:77,0
BA:77,0
BA:77,0
BA:77,0
BA:77,0
BA:79,2
BA:79,2
BA:79,0
BA:79,0
BA:79,0
BA:79,0
BA:79,0
BA:79,0
BA:79,0
BA:79,0
BA:79,0
BA:79,0
BA:83,2
BA:83,2
BA:83,0
BA:83,0
BA:89,0
BA:89,0
BA:89,0
BA:89,0
BA:89,0
BA:89,0
BA:89,0
BA:89,0
BA:93,2
BA:93,1
BA:97,2
BA:97,2
BA:97,1
BA:97,2
BA:101,2
BA:101,2
BA:103,2
BA:103,1
BA:105,2
BA:105,1
BA:110,2
BA:110,2
BA:137,2
BA:137,2
BA:144,2
BA:144,2
BA:146,2
BA:146,2
BA:170,2
BA:170,2
BA:174,2
BA:174,2
BA:182,2
BA:182,2
BA:184,2
BA:184,2
BA:193,1
BA:193,2
BA:194,1
BA:194,2
BA:196,2
BA:196,2
BA:198,2
BA:198,1
BA:201,2
BA:201,2
BA:203,2
BA:203,2
BA:205,1
BA:205,2
BA:238,0
BA:238,0
BA:240,0
BA:240,0
BA:255,0
BA:255,0
BA:261,0
BA:261,0
BA:264,0
BA:264,0
BA:271,0
BA:271,0
BA:274,0
BA:274,0
BA:288,0
BA:288,0
BA:301,0
BA:301,0
BA:303,0
BA:303,0
BA:305,0
BA:305,0
BA:307,0
BA:307,0
BA:325,2
BA:325,2
BA:327,2
BA:327,2
BA:329,2
BA:329,2
BA:349,0
BA:349,0
BA:351,0
BA:351,0
BA:355,0
BA:355,0
BA:359,0
BA:359,0
BA:359,0
BA:359,0
BA:359,0
BA:359,0
BA:359,0
BA:359,0
BA:362,0
BA:362,0
BA:362,0
BA:362,0
BA:362,0
BA:362,0
BA:362,0
BA:362,0
BA:367,0
BA:367,0
BA:392,0
BA:392,0
BA:396,0
BA:396,0
BA:396,0
BA:396,0
BA:396,0
BA:396,0
BA:396,0
BA:396,0
BA:399,0
BA:399,0
BA:399,0
BA:399,0
BA:399,0
BA:399,0
BA:399,0
BA:399,0
BA:402,0
BA:402,0
BA:412,0
BA:412,0
BA:416,0
BA:416,0
BA:420,0
BA:420,0
BA:420,0
BA:420,0
BA:420,0
BA:420,0
BA:420,0
BA:420,0
BA:423,0
BA:423,0
BA:423,0
BA:423,0
BA:423,0
BA:423,0
BA:423,0
BA:423,0
BA:426,0
BA:426,0
BA:440,0
BA:440,0
BA:442,0
BA:442,0
BA:446,0
BA:446,0
BA:450,0
BA:450,0
BA:450,0
BA:450,0
BA:450,0
BA:450,0
BA:450,0
BA:450,0
BA:453,0
BA:453,0
BA:453,0
BA:453,0
BA:453,0
BA:453,0
BA:453,0
BA:453,0
BA:456,0
BA:456,0
LF:199
LH:103
end_of_record
SF:/home/frechilla/workspace/headless/blockem_sourceforge/src/player.h
FN:103,_ZN6Player21SetStartingCoordinateERK10Coordinate
FN:151,_ZNK6Player17IsNucleationPointERK10Coordinate
FN:131,_ZN6Player8SetPieceE12ePieceType_t
FN:178,_ZN6Player20UnsetNucleationPointERK10Coordinate
FN:142,_ZNK6Player16IsPieceAvailableE12ePieceType_t
FNDA:0,_ZN6Player21SetStartingCoordinateERK10Coordinate
FNDA:0,_ZN6Player8SetPieceE12ePieceType_t
FNDA:0,_ZNK6Player16IsPieceAvailableE12ePieceType_t
FNDA:0,_ZNK6Player17IsNucleationPointERK10Coordinate
FNDA:0,_ZN6Player20UnsetNucleationPointERK10Coordinate
FNF:5
FNH:0
DA:103,0
DA:105,0
DA:106,0
DA:131,0
DA:134,0
DA:135,0
DA:137,0
DA:138,0
DA:139,0
DA:142,0
DA:145,0
DA:147,0
DA:151,0
DA:154,0
DA:155,0
DA:157,0
DA:178,0
DA:181,0
DA:182,0
DA:184,0
DA:187,0
DA:189,0
DA:190,0
DA:192,0
BA:134,0
BA:134,0
BA:134,0
BA:134,0
BA:135,0
BA:135,0
BA:145,0
BA:145,0
BA:145,0
BA:145,0
BA:154,0
BA:154,0
BA:154,0
BA:154,0
BA:155,0
BA:155,0
BA:155,0
BA:155,0
BA:181,0
BA:181,0
BA:181,0
BA:181,0
BA:182,0
BA:182,0
BA:182,0
BA:182,0
BA:184,0
BA:184,0
BA:187,0
BA:187,0
LF:24
LH:0
end_of_record
TN:
SF:/home/frechilla/workspace/headless/blockem_sourceforge/src/bitwise.cpp
FN:225,_ZN7bitwise13BoardMoveDownERK5BoardRK10CoordinateRK6PlayerRyS9_
FN:165,_ZN7bitwise13BoardMoveLeftERK5BoardRK10CoordinateRK6PlayerRyS9_
FN:104,_ZN7bitwise14BoardMoveRightERK5BoardRK10CoordinateRK6PlayerRyS9_
FN:37,_ZN7bitwise14BoardCalculateERK5BoardRK10CoordinateRK6PlayerRyS9_
FNDA:84513,_ZN7bitwise14BoardCalculateERK5BoardRK10CoordinateRK6PlayerRyS9_
FNDA:39039,_ZN7bitwise14BoardMoveRightERK5BoardRK10CoordinateRK6PlayerRyS9_
FNDA:39039,_ZN7bitwise13BoardMoveLeftERK5BoardRK10CoordinateRK6PlayerRyS9_
FNDA:5577,_ZN7bitwise13BoardMoveDownERK5BoardRK10CoordinateRK6PlayerRyS9_
FNF:4
FNH:4
DA:37,84513
DA:45,84513
DA:46,84513
DA:47,84513
DA:48,84513
DA:51,84513
DA:52,84513
DA:54,84513
DA:55,676104
DA:59,591591
DA:62,73359
DA:63,73359
DA:67,73359
DA:72,4145856
DA:76,3627624
DA:77,3627624
DA:78,3627624
DA:81,447876
DA:84,3179748
DA:87,116262
DA:88,116262
DA:90,3063486
DA:93,99351
DA:101,84513
DA:102,84513
DA:104,39039
DA:112,39039
DA:113,39039
DA:114,39039
DA:115,39039
DA:128,39039
DA:129,39039
DA:130,39039
DA:131,39039
DA:133,39039
DA:134,312312
DA:136,273273
DA:142,88803
DA:144,184470
DA:148,8071
DA:150,8071
DA:152,176399
DA:156,3759
DA:161,39039
DA:162,39039
DA:163,39039
DA:165,39039
DA:173,39039
DA:174,39039
DA:175,39039
DA:176,39039
DA:189,39039
DA:190,39039
DA:191,39039
DA:192,39039
DA:194,39039
DA:195,312312
DA:197,273273
DA:203,88803
DA:205,184470
DA:209,7872
DA:211,7872
DA:213,176598
DA:216,7635
DA:221,39039
DA:222,39039
DA:223,39039
DA:225,5577
DA:233,5577
DA:234,5577
DA:235,5577
DA:236,5577
DA:245,5577
DA:248,1287
DA:249,1287
DA:253,1287
DA:258,4290
DA:259,34320
DA:263,30030
DA:264,30030
DA:265,30030
DA:270,12870
DA:272,17160
DA:275,0
DA:276,0
DA:278,17160
DA:281,324
DA:283,4290
DA:287,5577
DA:288,5577
DA:289,5577
BA:45,1
BA:45,2
BA:46,1
BA:46,2
BA:47,1
BA:47,2
BA:48,1
BA:48,2
BA:55,2
BA:55,2
BA:59,2
BA:59,2
BA:59,2
BA:59,2
BA:59,2
BA:59,2
BA:72,2
BA:72,2
BA:78,2
BA:78,2
BA:78,2
BA:78,2
BA:78,2
BA:78,2
BA:84,2
BA:84,2
BA:90,2
BA:90,2
BA:112,1
BA:112,2
BA:113,1
BA:113,2
BA:114,1
BA:114,2
BA:115,1
BA:115,2
BA:134,2
BA:134,2
BA:136,2
BA:136,2
BA:136,2
BA:136,2
BA:136,2
BA:136,2
BA:136,2
BA:136,2
BA:144,2
BA:144,2
BA:152,2
BA:152,2
BA:173,1
BA:173,2
BA:174,1
BA:174,2
BA:175,1
BA:175,2
BA:176,1
BA:176,2
BA:195,2
BA:195,2
BA:197,2
BA:197,2
BA:197,2
BA:197,2
BA:197,2
BA:197,2
BA:197,2
BA:197,2
BA:205,2
BA:205,2
BA:213,2
BA:213,2
BA:233,1
BA:233,2
BA:234,1
BA:234,2
BA:235,1
BA:235,2
BA:236,1
BA:236,2
BA:245,2
BA:245,2
BA:259,2
BA:259,2
BA:265,2
BA:265,2
BA:265,2
BA:265,2
BA:265,1
BA:265,2
BA:265,2
BA:265,2
BA:272,1
BA:272,2
BA:278,2
BA:278,2
LF:91
LH:89
end_of_record
SF:/home/frechilla/workspace/headless/blockem_sourceforge/src/board.h
FN:103,_ZNK5Board8GetNRowsEv
FN:109,_ZNK5Board11GetNColumnsEv
FN:79,_ZNK5Board15IsPlayerInCoordERK10CoordinateRK6Player
FN:55,_ZNK5Board12IsCoordEmptyERK10Coordinate
FNDA:0,_ZNK5Board12IsCoordEmptyERK10Coordinate
FNDA:0,_ZNK5Board15IsPlayerInCoordERK10CoordinateRK6Player
FNDA:0,_ZNK5Board8GetNRowsEv
FNDA:0,_ZNK5Board11GetNColumnsEv
FNF:4
FNH:0
DA:55,0
DA:58,0
DA:59,0
DA:60,0
DA:61,0
DA:63,0
DA:79,0
DA:82,0
DA:83,0
DA:84,0
DA:85,0
DA:87,0
DA:103,0
DA:105,0
DA:109,0
DA:111,0
BA:58,0
BA:58,0
BA:59,0
BA:59,0
BA:60,0
BA:60,0
BA:61,0
BA:61,0
BA:82,0
BA:82,0
BA:83,0
BA:83,0
BA:84,0
BA:84,0
BA:85,0
BA:85,0
LF:16
LH:0
end_of_record
SF:/home/frechilla/workspace/headless/blockem_sourceforge/src/coordinate.h
FN:53,_ZN10CoordinateC1Eii
FN:57,_ZN10CoordinateD0Ev
FN:57,_ZN10CoordinateD1Ev
FNDA:0,_ZN10CoordinateC1Eii
FNDA:0,_ZN10CoordinateD0Ev
FNDA:0,_ZN10CoordinateD1Ev
FNF:3
FNH:0
DA:53,0
DA:55,0
DA:56,0
DA:57,0
DA:58,0
BA:58,0
BA:58,0
BA:58,0
BA:58,0
LF:5
LH:0
end_of_record
SF:/home/frechilla/workspace/headless/blockem_sourceforge/src/player.h
FN:80,_ZNK6Player16PresentationCharEv
FNDA:0,_ZNK6Player16PresentationCharEv
FNF:1
FNH:0
DA:80,0
DA:82,0
LF:2
LH:0
end_of_record
