TN:
SF:/usr/include/c++/4.4/bits/allocator.h
FN:101,_ZNSaIcEC1Ev
FN:109,_ZNSaIcED1Ev
FN:103,_ZNSaIcEC1ERKS_
FN:109,_ZNSaIcED2Ev
FNDA:0,_ZNSaIcEC1Ev
FNDA:0,_ZNSaIcEC1ERKS_
FNDA:0,_ZNSaIcED1Ev
FNDA:0,_ZNSaIcED2Ev
FNF:4
FNH:0
DA:101,0
DA:103,0
DA:104,0
DA:109,0
LF:4
LH:0
end_of_record
SF:/usr/include/c++/4.4/bits/basic_ios.h
FN:127,_ZNKSt9basic_iosIcSt11char_traitsIcEE7rdstateEv
FN:147,_ZNSt9basic_iosIcSt11char_traitsIcEE8setstateESt12_Ios_Iostate
FN:46,_ZSt13__check_facetISt5ctypeIcEERKT_PS3_
FN:439,_ZNKSt9basic_iosIcSt11char_traitsIcEE5widenEc
FNDA:0,_ZSt13__check_facetISt5ctypeIcEERKT_PS3_
FNDA:0,_ZNKSt9basic_iosIcSt11char_traitsIcEE7rdstateEv
FNDA:0,_ZNSt9basic_iosIcSt11char_traitsIcEE8setstateESt12_Ios_Iostate
FNDA:0,_ZNKSt9basic_iosIcSt11char_traitsIcEE5widenEc
FNF:4
FNH:0
DA:46,0
DA:48,0
DA:49,0
DA:50,0
DA:127,0
DA:128,0
DA:147,0
DA:148,0
DA:439,0
DA:440,0
BA:48,0
BA:48,0
LF:10
LH:0
end_of_record
SF:/usr/include/c++/4.4/bits/basic_string.h
FN:272,_ZNKSs7_M_dataEv
FN:280,_ZNKSs6_M_repEv
FN:1615,_ZNKSs5c_strEv
FN:1625,_ZNKSs4dataEv
FN:623,_ZNKSs4sizeEv
FN:173,_ZNSs4_Rep12_S_empty_repEv
FN:1632,_ZNKSs13get_allocatorEv
FN:253,_ZNSs12_Alloc_hiderD1Ev
FN:224,_ZNSs4_Rep10_M_disposeERKSaIcE
FN:497,_ZNSsD1Ev
FN:2164,_ZStplIcSt11char_traitsIcESaIcEESbIT_T0_T1_ERKS6_S8_
FN:2501,_ZStlsIcSt11char_traitsIcESaIcEERSt13basic_ostreamIT_T0_ES7_RKSbIS4_S5_T1_E
FNDA:0,_ZNSs4_Rep12_S_empty_repEv
FNDA:0,_ZNSs4_Rep10_M_disposeERKSaIcE
FNDA:0,_ZNSs12_Alloc_hiderD1Ev
FNDA:0,_ZNKSs7_M_dataEv
FNDA:0,_ZNKSs6_M_repEv
FNDA:0,_ZNSsD1Ev
FNDA:0,_ZNKSs4sizeEv
FNDA:0,_ZNKSs5c_strEv
FNDA:0,_ZNKSs4dataEv
FNDA:0,_ZNKSs13get_allocatorEv
FNDA:340,_ZStplIcSt11char_traitsIcESaIcEESbIT_T0_T1_ERKS6_S8_
FNDA:0,_ZStlsIcSt11char_traitsIcESaIcEERSt13basic_ostreamIT_T0_ES7_RKSbIS4_S5_T1_E
FNF:12
FNH:1
DA:173,0
DA:178,0
DA:179,0
DA:224,0
DA:227,0
DA:229,0
DA:231,0
DA:232,0
DA:253,0
DA:272,0
DA:273,0
DA:280,0
DA:281,0
DA:497,0
DA:498,0
DA:623,0
DA:624,0
DA:1615,0
DA:1616,0
DA:1625,0
DA:1626,0
DA:1632,0
DA:1633,0
DA:2164,340
DA:2167,340
DA:2168,340
DA:2169,0
DA:2501,0
DA:2506,0
BA:227,0
BA:227,0
BA:229,0
BA:229,0
LF:29
LH:3
end_of_record
SF:/usr/include/c++/4.4/bits/char_traits.h
FN:262,_ZNSt11char_traitsIcE6lengthEPKc
FNDA:0,_ZNSt11char_traitsIcE6lengthEPKc
FNF:1
FNH:0
DA:262,0
DA:263,0
LF:2
LH:0
end_of_record
SF:/usr/include/c++/4.4/bits/ios_base.h
FN:166,_ZStorSt12_Ios_IostateS_
FNDA:0,_ZStorSt12_Ios_IostateS_
FNF:1
FNH:0
DA:166,0
DA:167,0
LF:2
LH:0
end_of_record
SF:/usr/include/c++/4.4/bits/locale_facets.h
FN:865,_ZNKSt5ctypeIcE5widenEc
FNDA:0,_ZNKSt5ctypeIcE5widenEc
FNF:1
FNH:0
DA:865,0
DA:867,0
DA:868,0
DA:869,0
DA:870,0
BA:867,0
BA:867,0
LF:5
LH:0
end_of_record
SF:/usr/include/c++/4.4/ext/atomicity.h
FN:62,_ZN9__gnu_cxxL25__exchange_and_add_singleEPii
FN:45,_ZN9__gnu_cxxL18__exchange_and_addEPVii
FN:75,_ZN9__gnu_cxxL27__exchange_and_add_dispatchEPii
FNDA:0,_ZN9__gnu_cxxL18__exchange_and_addEPVii
FNDA:0,_ZN9__gnu_cxxL25__exchange_and_add_singleEPii
FNDA:0,_ZN9__gnu_cxxL27__exchange_and_add_dispatchEPii
FNF:3
FNH:0
DA:45,0
DA:46,0
DA:62,0
DA:64,0
DA:65,0
DA:66,0
DA:75,0
DA:78,0
DA:79,0
DA:81,0
BA:78,0
BA:78,0
LF:10
LH:0
end_of_record
SF:/usr/include/c++/4.4/ext/new_allocator.h
FN:66,_ZN9__gnu_cxx13new_allocatorIcEC2Ev
FN:73,_ZN9__gnu_cxx13new_allocatorIcED2Ev
FN:68,_ZN9__gnu_cxx13new_allocatorIcEC2ERKS1_
FNDA:0,_ZN9__gnu_cxx13new_allocatorIcEC2Ev
FNDA:0,_ZN9__gnu_cxx13new_allocatorIcEC2ERKS1_
FNDA:0,_ZN9__gnu_cxx13new_allocatorIcED2Ev
FNF:3
FNH:0
DA:66,0
DA:68,0
DA:73,0
LF:3
LH:0
end_of_record
SF:/usr/include/c++/4.4/i486-linux-gnu/bits/gthr-default.h
FN:238,_ZL18__gthread_active_pv
FNDA:0,_ZL18__gthread_active_pv
FNF:1
FNH:0
DA:238,0
DA:242,0
LF:2
LH:0
end_of_record
SF:/usr/include/c++/4.4/iostream
DA:72,17
LF:1
LH:1
end_of_record
SF:/usr/include/c++/4.4/ostream
FN:108,_ZNSolsEPFRSoS_E
FN:505,_ZStlsISt11char_traitsIcEERSt13basic_ostreamIcT_ES5_PKc
FN:559,_ZSt5flushIcSt11char_traitsIcEERSt13basic_ostreamIT_T0_ES6_
FN:538,_ZSt4endlIcSt11char_traitsIcEERSt13basic_ostreamIT_T0_ES6_
FNDA:0,_ZNSolsEPFRSoS_E
FNDA:0,_ZStlsISt11char_traitsIcEERSt13basic_ostreamIcT_ES5_PKc
FNDA:0,_ZSt4endlIcSt11char_traitsIcEERSt13basic_ostreamIT_T0_ES6_
FNDA:0,_ZSt5flushIcSt11char_traitsIcEERSt13basic_ostreamIT_T0_ES6_
FNF:4
FNH:0
DA:108,0
DA:113,0
DA:505,0
DA:507,0
DA:508,0
DA:510,0
DA:512,0
DA:538,0
DA:539,0
DA:559,0
DA:560,0
BA:507,0
BA:507,0
LF:11
LH:0
end_of_record
SF:/usr/include/glibmm-2.4/glibmm/refptr.h
FN:194,_ZN4Glib6RefPtrIN3Gtk7BuilderEEC1ERKS3_
FN:181,_ZN4Glib6RefPtrIN3Gtk7BuilderEED1Ev
FN:175,_ZN4Glib6RefPtrIN3Gdk6PixbufEEC1Ev
FN:181,_ZN4Glib6RefPtrIN3Gdk6PixbufEED1Ev
FN:282,_ZNK4Glib6RefPtrIN3Gdk6PixbufEEcvbEv
FN:194,_ZN4Glib6RefPtrIN3Gdk6PixbufEEC1ERKS3_
FN:220,_ZN4Glib6RefPtrIN3Gdk6PixbufEE4swapERS3_
FN:228,_ZN4Glib6RefPtrIN3Gdk6PixbufEEaSERKS3_
FN:296,_ZN4Glib6RefPtrIN3Gdk6PixbufEE5resetEv
FNDA:0,_ZN4Glib6RefPtrIN3Gdk6PixbufEEC1Ev
FNDA:0,_ZN4Glib6RefPtrIN3Gtk7BuilderEED1Ev
FNDA:0,_ZN4Glib6RefPtrIN3Gdk6PixbufEED1Ev
FNDA:0,_ZN4Glib6RefPtrIN3Gtk7BuilderEEC1ERKS3_
FNDA:0,_ZN4Glib6RefPtrIN3Gdk6PixbufEEC1ERKS3_
FNDA:0,_ZN4Glib6RefPtrIN3Gdk6PixbufEE4swapERS3_
FNDA:0,_ZN4Glib6RefPtrIN3Gdk6PixbufEEaSERKS3_
FNDA:0,_ZNK4Glib6RefPtrIN3Gdk6PixbufEEcvbEv
FNDA:0,_ZN4Glib6RefPtrIN3Gdk6PixbufEE5resetEv
FNF:9
FNH:0
DA:175,0
DA:177,0
DA:178,0
DA:181,0
DA:183,0
DA:184,0
DA:185,0
DA:194,0
DA:196,0
DA:198,0
DA:199,0
DA:200,0
DA:220,0
DA:222,0
DA:223,0
DA:224,0
DA:225,0
DA:228,0
DA:254,0
DA:255,0
DA:256,0
DA:282,0
DA:284,0
DA:296,0
DA:298,0
DA:299,0
DA:300,0
BA:183,0
BA:183,0
BA:183,0
BA:183,0
BA:198,0
BA:198,0
BA:198,0
BA:198,0
LF:27
LH:0
end_of_record
SF:/usr/include/gtkmm-2.4/gtkmm/papersize.h
DA:37,17
DA:38,17
DA:39,17
DA:40,17
DA:41,17
DA:42,17
DA:43,17
LF:7
LH:7
end_of_record
SF:/usr/include/c++/4.4/bits/allocator.h
FN:101,_ZNSaIcEC1Ev
FN:109,_ZNSaIcED1Ev
FN:103,_ZNSaIcEC1ERKS_
FN:109,_ZNSaIcED2Ev
DA:101,31768
DA:103,36706
DA:104,36706
DA:107,29788
DA:109,98262
DA:121,0
DA:122,0
DA:167,1548
DA:168,1548
LF:9
LH:7
end_of_record
SF:/usr/include/c++/4.4/ext/atomicity.h
FN:62,_ZN9__gnu_cxxL25__exchange_and_add_singleEPii
FN:45,_ZN9__gnu_cxxL18__exchange_and_addEPVii
FN:75,_ZN9__gnu_cxxL27__exchange_and_add_dispatchEPii
DA:45,0
DA:46,0
DA:62,0
DA:64,0
DA:65,0
DA:66,0
DA:75,0
DA:78,0
DA:79,0
DA:81,0
LF:10
LH:0
end_of_record
SF:/usr/include/c++/4.4/bits/basic_ios.h
FN:127,_ZNKSt9basic_iosIcSt11char_traitsIcEE7rdstateEv
FN:147,_ZNSt9basic_iosIcSt11char_traitsIcEE8setstateESt12_Ios_Iostate
FN:46,_ZSt13__check_facetISt5ctypeIcEERKT_PS3_
FN:439,_ZNKSt9basic_iosIcSt11char_traitsIcEE5widenEc
DA:46,0
DA:48,0
DA:49,0
DA:50,0
DA:115,0
DA:116,0
DA:127,0
DA:128,0
DA:147,0
DA:148,0
DA:191,0
DA:192,0
DA:272,0
DA:360,0
DA:362,0
DA:364,0
DA:365,0
DA:367,0
DA:380,0
DA:382,0
DA:383,0
DA:384,0
DA:439,0
DA:440,0
DA:450,0
DA:452,0
DA:453,0
LF:27
LH:0
end_of_record
SF:/usr/include/c++/4.4/bits/basic_string.h
FN:272,_ZNKSs7_M_dataEv
FN:280,_ZNKSs6_M_repEv
FN:1615,_ZNKSs5c_strEv
FN:1625,_ZNKSs4dataEv
FN:623,_ZNKSs4sizeEv
FN:173,_ZNSs4_Rep12_S_empty_repEv
FN:1632,_ZNKSs13get_allocatorEv
FN:253,_ZNSs12_Alloc_hiderD1Ev
FN:224,_ZNSs4_Rep10_M_disposeERKSaIcE
FN:497,_ZNSsD1Ev
FN:2164,_ZStplIcSt11char_traitsIcESaIcEESbIT_T0_T1_ERKS6_S8_
FN:2501,_ZStlsIcSt11char_traitsIcESaIcEERSt13basic_ostreamIT_T0_ES7_RKSbIS4_S5_T1_E
DA:173,0
DA:178,0
DA:179,0
DA:183,0
DA:184,0
DA:195,0
DA:196,0
DA:199,0
DA:201,0
DA:202,0
DA:203,0
DA:206,0
DA:209,0
DA:210,0
DA:224,0
DA:227,0
DA:229,0
DA:231,0
DA:232,0
DA:253,0
DA:254,0
DA:255,0
DA:272,0
DA:273,0
DA:280,0
DA:281,0
DA:294,0
DA:296,0
DA:297,0
DA:298,0
DA:334,0
DA:336,0
DA:337,0
DA:339,0
DA:340,0
DA:379,0
DA:380,0
DA:406,0
DA:407,0
DA:497,0
DA:498,0
DA:505,0
DA:506,0
DA:623,0
DA:624,0
DA:629,0
DA:630,0
DA:775,0
DA:777,0
DA:778,0
DA:779,0
DA:780,0
DA:1542,0
DA:1546,0
DA:1559,0
DA:1562,0
DA:1615,0
DA:1616,0
DA:1625,0
DA:1626,0
DA:1632,0
DA:1633,0
DA:2147,0
DA:2150,0
DA:2164,340
DA:2167,340
DA:2168,340
DA:2169,0
DA:2501,0
DA:2506,0
DA:2541,0
DA:2543,0
LF:72
LH:3
end_of_record
SF:/usr/include/c++/4.4/bits/char_traits.h
FN:262,_ZNSt11char_traitsIcE6lengthEPKc
DA:246,0
DA:247,0
DA:262,0
DA:263,0
DA:274,0
DA:275,0
LF:6
LH:0
end_of_record
SF:/usr/include/c++/4.4/i486-linux-gnu/bits/gthr-default.h
FN:238,_ZL18__gthread_active_pv
DA:238,0
DA:242,0
LF:2
LH:0
end_of_record
SF:/home/frechilla/workspace/headless/blockem_sourceforge/src/gui_about_dialog.cpp
FN:92,_Z41__static_initialization_and_destruction_0ii
FN:92,_GLOBAL__I__ZN11AboutDialogC2EP15_GtkAboutDialogRKN4Glib6RefPtrIN3Gtk7BuilderEEE
FN:90,_ZN11AboutDialogD0Ev
FN:90,_ZN11AboutDialogD1Ev
FN:90,_ZN11AboutDialogD2Ev
FN:36,_ZN11AboutDialogC1EP15_GtkAboutDialogRKN4Glib6RefPtrIN3Gtk7BuilderEEE
FN:36,_ZN11AboutDialogC2EP15_GtkAboutDialogRKN4Glib6RefPtrIN3Gtk7BuilderEEE
FNDA:0,_ZN11AboutDialogC1EP15_GtkAboutDialogRKN4Glib6RefPtrIN3Gtk7BuilderEEE
FNDA:0,_ZN11AboutDialogC2EP15_GtkAboutDialogRKN4Glib6RefPtrIN3Gtk7BuilderEEE
FNDA:0,_ZN11AboutDialogD0Ev
FNDA:0,_ZN11AboutDialogD1Ev
FNDA:0,_ZN11AboutDialogD2Ev
FNDA:17,_Z41__static_initialization_and_destruction_0ii
FNDA:17,_GLOBAL__I__ZN11AboutDialogC2EP15_GtkAboutDialogRKN4Glib6RefPtrIN3Gtk7BuilderEEE
FNF:7
FNH:2
DA:36,0
DA:38,0
DA:40,0
DA:43,0
DA:46,0
DA:50,0
DA:52,0
DA:54,0
DA:58,0
DA:61,0
DA:63,0
DA:68,0
DA:72,0
DA:74,0
DA:76,0
DA:80,0
DA:83,0
DA:85,0
DA:87,0
DA:88,0
DA:90,0
DA:92,51
BA:46,0
BA:46,0
BA:46,0
BA:46,0
BA:61,0
BA:61,0
BA:61,0
BA:61,0
BA:68,0
BA:68,0
BA:68,0
BA:68,0
BA:83,0
BA:83,0
BA:83,0
BA:83,0
BA:92,2
BA:92,1
BA:92,2
BA:92,1
BA:92,0
BA:92,0
BA:92,0
BA:92,0
BA:92,0
BA:92,0
BA:92,0
BA:92,0
BA:92,0
BA:92,0
BA:92,0
BA:92,0
BA:92,0
BA:92,0
BA:92,0
BA:92,0
BA:92,0
BA:92,0
BA:92,0
BA:92,0
BA:92,0
BA:92,0
BA:92,0
BA:92,0
BA:92,0
BA:92,0
BA:92,0
BA:92,0
BA:92,0
BA:92,0
LF:22
LH:1
end_of_record
SF:/home/frechilla/workspace/headless/blockem_sourceforge/src/gui_glade_defs.h
DA:97,17
DA:98,34
DA:99,34
DA:100,34
LF:4
LH:4
end_of_record
SF:/usr/include/c++/4.4/bits/ios_base.h
FN:166,_ZStorSt12_Ios_IostateS_
DA:124,0
DA:125,0
DA:128,0
DA:129,0
DA:162,0
DA:163,0
DA:166,0
DA:167,0
DA:657,0
DA:659,0
DA:660,0
DA:661,0
LF:12
LH:0
end_of_record
SF:/usr/include/c++/4.4/iostream
DA:72,139
LF:1
LH:1
end_of_record
SF:/usr/include/c++/4.4/bits/locale_facets.h
FN:865,_ZNKSt5ctypeIcE5widenEc
DA:865,0
DA:867,0
DA:868,0
DA:869,0
DA:870,0
LF:5
LH:0
end_of_record
SF:/usr/include/c++/4.4/ext/new_allocator.h
FN:66,_ZN9__gnu_cxx13new_allocatorIcEC2Ev
FN:73,_ZN9__gnu_cxx13new_allocatorIcED2Ev
FN:68,_ZN9__gnu_cxx13new_allocatorIcEC2ERKS1_
DA:66,61556
DA:68,36706
DA:73,98262
DA:84,48504
DA:86,48504
DA:87,0
DA:89,48504
DA:94,48504
DA:95,48504
DA:98,48504
DA:99,48504
DA:104,13346
DA:105,13346
DA:115,13346
LF:14
LH:13
end_of_record
SF:/usr/include/c++/4.4/ostream
FN:108,_ZNSolsEPFRSoS_E
FN:505,_ZStlsISt11char_traitsIcEERSt13basic_ostreamIcT_ES5_PKc
FN:559,_ZSt5flushIcSt11char_traitsIcEERSt13basic_ostreamIT_T0_ES6_
FN:538,_ZSt4endlIcSt11char_traitsIcEERSt13basic_ostreamIT_T0_ES6_
DA:91,0
DA:108,0
DA:113,0
DA:191,0
DA:195,0
DA:209,0
DA:210,0
DA:361,0
DA:362,0
DA:457,0
DA:458,0
DA:505,0
DA:507,0
DA:508,0
DA:510,0
DA:512,0
DA:538,0
DA:539,0
DA:559,0
DA:560,0
LF:20
LH:0
end_of_record
SF:/usr/include/gtkmm-2.4/gtkmm/papersize.h
DA:37,136
DA:38,136
DA:39,136
DA:40,136
DA:41,136
DA:42,136
DA:43,136
LF:7
LH:7
end_of_record
SF:/usr/include/glibmm-2.4/glibmm/refptr.h
FN:194,_ZN4Glib6RefPtrIN3Gtk7BuilderEEC1ERKS3_
FN:181,_ZN4Glib6RefPtrIN3Gtk7BuilderEED1Ev
FN:175,_ZN4Glib6RefPtrIN3Gdk6PixbufEEC1Ev
FN:181,_ZN4Glib6RefPtrIN3Gdk6PixbufEED1Ev
FN:282,_ZNK4Glib6RefPtrIN3Gdk6PixbufEEcvbEv
FN:194,_ZN4Glib6RefPtrIN3Gdk6PixbufEEC1ERKS3_
FN:220,_ZN4Glib6RefPtrIN3Gdk6PixbufEE4swapERS3_
FN:228,_ZN4Glib6RefPtrIN3Gdk6PixbufEEaSERKS3_
FN:296,_ZN4Glib6RefPtrIN3Gdk6PixbufEE5resetEv
DA:169,0
DA:171,0
DA:175,0
DA:177,0
DA:178,0
DA:181,0
DA:183,0
DA:184,0
DA:185,0
DA:188,0
DA:190,0
DA:191,0
DA:194,0
DA:196,0
DA:198,0
DA:199,0
DA:200,0
DA:220,0
DA:222,0
DA:223,0
DA:224,0
DA:225,0
DA:228,0
DA:254,0
DA:255,0
DA:256,0
DA:282,0
DA:284,0
DA:296,0
DA:298,0
DA:299,0
DA:300,0
DA:305,0
DA:307,0
DA:309,0
DA:310,0
DA:312,0
LF:37
LH:0
end_of_record
TN:
SF:/usr/include/c++/4.4/bits/allocator.h
FN:101,_ZNSaISt13_Rb_tree_nodeI10CoordinateEEC2Ev
FN:109,_ZNSaISt13_Rb_tree_nodeI10CoordinateEED2Ev
FN:101,_ZNSaI10CoordinateEC1Ev
FN:103,_ZNSaI10CoordinateEC2ERKS0_
FN:109,_ZNSaI10CoordinateED2Ev
FN:109,_ZNSaI10CoordinateED1Ev
FN:107,_ZNSaI10CoordinateEC1ISt13_Rb_tree_nodeIS_EEERKSaIT_E
FN:101,_ZNSaIcEC1Ev
FN:103,_ZNSaIcEC1ERKS_
FN:109,_ZNSaIcED2Ev
FN:109,_ZNSaIcED1Ev
FNDA:42,_ZNSaISt13_Rb_tree_nodeI10CoordinateEEC2Ev
FNDA:0,_ZNSaI10CoordinateEC1Ev
FNDA:0,_ZNSaIcEC1Ev
FNDA:0,_ZNSaI10CoordinateEC2ERKS0_
FNDA:0,_ZNSaIcEC1ERKS_
FNDA:564,_ZNSaI10CoordinateEC1ISt13_Rb_tree_nodeIS_EEERKSaIT_E
FNDA:42,_ZNSaISt13_Rb_tree_nodeI10CoordinateEED2Ev
FNDA:0,_ZNSaI10CoordinateED2Ev
FNDA:0,_ZNSaI10CoordinateED1Ev
FNDA:0,_ZNSaIcED2Ev
FNDA:0,_ZNSaIcED1Ev
FNF:11
FNH:3
DA:101,42
DA:103,0
DA:104,0
DA:107,564
DA:109,42
LF:5
LH:3
end_of_record
SF:/usr/include/c++/4.4/bits/basic_ios.h
FN:127,_ZNKSt9basic_iosIcSt11char_traitsIcEE7rdstateEv
FN:147,_ZNSt9basic_iosIcSt11char_traitsIcEE8setstateESt12_Ios_Iostate
FN:46,_ZSt13__check_facetISt5ctypeIcEERKT_PS3_
FN:439,_ZNKSt9basic_iosIcSt11char_traitsIcEE5widenEc
FNDA:0,_ZSt13__check_facetISt5ctypeIcEERKT_PS3_
FNDA:0,_ZNKSt9basic_iosIcSt11char_traitsIcEE7rdstateEv
FNDA:0,_ZNSt9basic_iosIcSt11char_traitsIcEE8setstateESt12_Ios_Iostate
FNDA:0,_ZNKSt9basic_iosIcSt11char_traitsIcEE5widenEc
FNF:4
FNH:0
DA:46,0
DA:48,0
DA:49,0
DA:50,0
DA:127,0
DA:128,0
DA:147,0
DA:148,0
DA:439,0
DA:440,0
BA:48,0
BA:48,0
LF:10
LH:0
end_of_record
SF:/usr/include/c++/4.4/bits/basic_string.h
FN:272,_ZNKSs7_M_dataEv
FN:280,_ZNKSs6_M_repEv
FN:173,_ZNSs4_Rep12_S_empty_repEv
FN:1632,_ZNKSs13get_allocatorEv
FN:253,_ZNSs12_Alloc_hiderD1Ev
FN:224,_ZNSs4_Rep10_M_disposeERKSaIcE
FN:497,_ZNSsD1Ev
FNDA:0,_ZNSs4_Rep12_S_empty_repEv
FNDA:0,_ZNSs4_Rep10_M_disposeERKSaIcE
FNDA:0,_ZNSs12_Alloc_hiderD1Ev
FNDA:0,_ZNKSs7_M_dataEv
FNDA:0,_ZNKSs6_M_repEv
FNDA:0,_ZNSsD1Ev
FNDA:0,_ZNKSs13get_allocatorEv
FNF:7
FNH:0
DA:173,0
DA:178,0
DA:179,0
DA:224,0
DA:227,0
DA:229,0
DA:231,0
DA:232,0
DA:253,0
DA:272,0
DA:273,0
DA:280,0
DA:281,0
DA:497,0
DA:498,0
DA:1632,0
DA:1633,0
BA:227,0
BA:227,0
BA:229,0
BA:229,0
LF:17
LH:0
end_of_record
SF:/usr/include/c++/4.4/bits/char_traits.h
FN:262,_ZNSt11char_traitsIcE6lengthEPKc
FNDA:0,_ZNSt11char_traitsIcE6lengthEPKc
FNF:1
FNH:0
DA:262,0
DA:263,0
LF:2
LH:0
end_of_record
SF:/usr/include/c++/4.4/bits/ios_base.h
FN:166,_ZStorSt12_Ios_IostateS_
FNDA:0,_ZStorSt12_Ios_IostateS_
FNF:1
FNH:0
DA:166,0
DA:167,0
LF:2
LH:0
end_of_record
SF:/usr/include/c++/4.4/bits/locale_facets.h
FN:865,_ZNKSt5ctypeIcE5widenEc
FNDA:0,_ZNKSt5ctypeIcE5widenEc
FNF:1
FNH:0
DA:865,0
DA:867,0
DA:868,0
DA:869,0
DA:870,0
BA:867,0
BA:867,0
LF:5
LH:0
end_of_record
SF:/usr/include/c++/4.4/bits/stl_construct.h
FN:82,_ZSt8_DestroyI10CoordinateEvPT_
FN:90,_ZNSt12_Destroy_auxILb0EE9__destroyIP10CoordinateEEvT_S4_
FN:112,_ZSt8_DestroyIP10CoordinateEvT_S2_
FN:139,_ZSt8_DestroyIP10CoordinateS0_EvT_S2_RSaIT0_E
FN:70,_ZSt10_ConstructI10CoordinateS0_EvPT_RKT0_
FNDA:0,_ZSt10_ConstructI10CoordinateS0_EvPT_RKT0_
FNDA:0,_ZSt8_DestroyI10CoordinateEvPT_
FNDA:0,_ZNSt12_Destroy_auxILb0EE9__destroyIP10CoordinateEEvT_S4_
FNDA:0,_ZSt8_DestroyIP10CoordinateEvT_S2_
FNDA:0,_ZSt8_DestroyIP10CoordinateS0_EvT_S2_RSaIT0_E
FNF:5
FNH:0
DA:70,0
DA:74,0
DA:75,0
DA:82,0
DA:83,0
DA:90,0
DA:92,0
DA:93,0
DA:94,0
DA:112,0
DA:116,0
DA:118,0
DA:139,0
DA:142,0
DA:143,0
BA:74,0
BA:74,0
BA:92,0
BA:92,0
LF:15
LH:0
end_of_record
SF:/usr/include/c++/4.4/bits/stl_function.h
FN:475,_ZNKSt9_IdentityI10CoordinateEclERKS0_
FNDA:2786,_ZNKSt9_IdentityI10CoordinateEclERKS0_
FNF:1
FNH:1
DA:475,2786
DA:476,2786
LF:2
LH:2
end_of_record
SF:/usr/include/c++/4.4/bits/stl_iterator.h
FN:702,_ZNK9__gnu_cxx17__normal_iteratorIPK10CoordinateSt6vectorIS1_SaIS1_EEEptEv
FN:686,_ZN9__gnu_cxx17__normal_iteratorIPK10CoordinateSt6vectorIS1_SaIS1_EEEC1ERKS3_
FN:713,_ZN9__gnu_cxx17__normal_iteratorIPK10CoordinateSt6vectorIS1_SaIS1_EEEppEi
FN:750,_ZNK9__gnu_cxx17__normal_iteratorIPK10CoordinateSt6vectorIS1_SaIS1_EEE4baseEv
FN:783,_ZN9__gnu_cxxneIPK10CoordinateSt6vectorIS1_SaIS1_EEEEbRKNS_17__normal_iteratorIT_T0_EESC_
FNDA:0,_ZN9__gnu_cxx17__normal_iteratorIPK10CoordinateSt6vectorIS1_SaIS1_EEEC1ERKS3_
FNDA:0,_ZNK9__gnu_cxx17__normal_iteratorIPK10CoordinateSt6vectorIS1_SaIS1_EEEptEv
FNDA:0,_ZN9__gnu_cxx17__normal_iteratorIPK10CoordinateSt6vectorIS1_SaIS1_EEEppEi
FNDA:0,_ZNK9__gnu_cxx17__normal_iteratorIPK10CoordinateSt6vectorIS1_SaIS1_EEE4baseEv
FNDA:0,_ZN9__gnu_cxxneIPK10CoordinateSt6vectorIS1_SaIS1_EEEEbRKNS_17__normal_iteratorIT_T0_EESC_
FNF:5
FNH:0
DA:686,0
DA:702,0
DA:703,0
DA:713,0
DA:714,0
DA:750,0
DA:751,0
DA:783,0
DA:785,0
LF:9
LH:0
end_of_record
SF:/usr/include/c++/4.4/bits/stl_list.h
FN:200,_ZNSt20_List_const_iteratorISt6vectorI10CoordinateSaIS1_EEEC1Ev
FN:255,_ZNKSt20_List_const_iteratorISt6vectorI10CoordinateSaIS1_EEEneERKS4_
FN:228,_ZNSt20_List_const_iteratorISt6vectorI10CoordinateSaIS1_EEEppEi
FN:213,_ZNKSt20_List_const_iteratorISt6vectorI10CoordinateSaIS1_EEEdeEv
FN:204,_ZNSt20_List_const_iteratorISt6vectorI10CoordinateSaIS1_EEEC1EPKSt15_List_node_base
FN:698,_ZNKSt4listISt6vectorI10CoordinateSaIS1_EESaIS3_EE5beginEv
FN:716,_ZNKSt4listISt6vectorI10CoordinateSaIS1_EESaIS3_EE3endEv
FNDA:0,_ZNSt20_List_const_iteratorISt6vectorI10CoordinateSaIS1_EEEC1Ev
FNDA:0,_ZNSt20_List_const_iteratorISt6vectorI10CoordinateSaIS1_EEEC1EPKSt15_List_node_base
FNDA:0,_ZNKSt20_List_const_iteratorISt6vectorI10CoordinateSaIS1_EEEdeEv
FNDA:0,_ZNSt20_List_const_iteratorISt6vectorI10CoordinateSaIS1_EEEppEi
FNDA:0,_ZNKSt20_List_const_iteratorISt6vectorI10CoordinateSaIS1_EEEneERKS4_
FNDA:0,_ZNKSt4listISt6vectorI10CoordinateSaIS1_EESaIS3_EE5beginEv
FNDA:0,_ZNKSt4listISt6vectorI10CoordinateSaIS1_EESaIS3_EE3endEv
FNF:7
FNH:0
DA:200,0
DA:201,0
DA:204,0
DA:205,0
DA:213,0
DA:214,0
DA:228,0
DA:230,0
DA:231,0
DA:255,0
DA:256,0
DA:698,0
DA:699,0
DA:716,0
DA:717,0
LF:15
LH:0
end_of_record
SF:/usr/include/c++/4.4/bits/stl_pair.h
FN:83,_ZNSt4pairISt23_Rb_tree_const_iteratorI10CoordinateEbEC1ERKS2_RKb
FN:83,_ZNSt4pairISt17_Rb_tree_iteratorI10CoordinateEbEC1ERKS2_RKb
FNDA:282,_ZNSt4pairISt23_Rb_tree_const_iteratorI10CoordinateEbEC1ERKS2_RKb
FNDA:282,_ZNSt4pairISt17_Rb_tree_iteratorI10CoordinateEbEC1ERKS2_RKb
FNF:2
FNH:2
DA:83,564
DA:84,564
LF:2
LH:2
end_of_record
SF:/usr/include/c++/4.4/bits/stl_set.h
FN:291,_ZNKSt3setI10CoordinateNS0_10comparatorESaIS0_EE5beginEv
FN:300,_ZNKSt3setI10CoordinateNS0_10comparatorESaIS0_EE3endEv
FN:547,_ZNSt3setI10CoordinateNS0_10comparatorESaIS0_EE4findERKS0_
FN:136,_ZNSt3setI10CoordinateNS0_10comparatorESaIS0_EEC1Ev
FN:515,_ZNSt3setI10CoordinateNS0_10comparatorESaIS0_EE5clearEv
FN:88,_ZNSt3setI10CoordinateNS0_10comparatorESaIS0_EED1Ev
FN:408,_ZNSt3setI10CoordinateNS0_10comparatorESaIS0_EE6insertERKS0_
FNDA:42,_ZNSt3setI10CoordinateNS0_10comparatorESaIS0_EED1Ev
FNDA:42,_ZNSt3setI10CoordinateNS0_10comparatorESaIS0_EEC1Ev
FNDA:23,_ZNKSt3setI10CoordinateNS0_10comparatorESaIS0_EE5beginEv
FNDA:201,_ZNKSt3setI10CoordinateNS0_10comparatorESaIS0_EE3endEv
FNDA:282,_ZNSt3setI10CoordinateNS0_10comparatorESaIS0_EE6insertERKS0_
FNDA:3,_ZNSt3setI10CoordinateNS0_10comparatorESaIS0_EE5clearEv
FNDA:32,_ZNSt3setI10CoordinateNS0_10comparatorESaIS0_EE4findERKS0_
FNF:7
FNH:7
DA:88,42
DA:136,42
DA:137,42
DA:291,23
DA:292,23
DA:300,201
DA:301,201
DA:408,282
DA:411,282
DA:412,282
DA:515,3
DA:516,3
DA:547,32
DA:548,32
LF:14
LH:14
end_of_record
SF:/usr/include/c++/4.4/bits/stl_tree.h
FN:291,_ZNKSt23_Rb_tree_const_iteratorI10CoordinateEneERKS1_
FN:238,_ZNSt23_Rb_tree_const_iteratorI10CoordinateEC1Ev
FN:249,_ZNKSt23_Rb_tree_const_iteratorI10CoordinateEdeEv
FN:287,_ZNKSt23_Rb_tree_const_iteratorI10CoordinateEeqERKS1_
FN:481,_ZNSt8_Rb_treeI10CoordinateS0_St9_IdentityIS0_ENS0_10comparatorESaIS0_EE8_M_beginEv
FN:245,_ZNSt23_Rb_tree_const_iteratorI10CoordinateEC1ERKSt17_Rb_tree_iteratorIS0_E
FN:516,_ZNSt8_Rb_treeI10CoordinateS0_St9_IdentityIS0_ENS0_10comparatorESaIS0_EE8_S_rightEPSt18_Rb_tree_node_base
FN:508,_ZNSt8_Rb_treeI10CoordinateS0_St9_IdentityIS0_ENS0_10comparatorESaIS0_EE7_S_leftEPSt18_Rb_tree_node_base
FN:242,_ZNSt23_Rb_tree_const_iteratorI10CoordinateEC1EPKSt13_Rb_tree_nodeIS0_E
FN:632,_ZNKSt8_Rb_treeI10CoordinateS0_St9_IdentityIS0_ENS0_10comparatorESaIS0_EE5beginEv
FN:643,_ZNKSt8_Rb_treeI10CoordinateS0_St9_IdentityIS0_ENS0_10comparatorESaIS0_EE3endEv
FN:492,_ZNSt8_Rb_treeI10CoordinateS0_St9_IdentityIS0_ENS0_10comparatorESaIS0_EE6_M_endEv
FN:212,_ZNKSt17_Rb_tree_iteratorI10CoordinateEeqERKS1_
FN:170,_ZNSt17_Rb_tree_iteratorI10CoordinateEC1EPSt13_Rb_tree_nodeIS0_E
FN:639,_ZNSt8_Rb_treeI10CoordinateS0_St9_IdentityIS0_ENS0_10comparatorESaIS0_EE3endEv
FN:625,_ZNSt8_Rb_treeI10CoordinateS0_St9_IdentityIS0_ENS0_10comparatorESaIS0_EE5beginEv
FN:465,_ZNSt8_Rb_treeI10CoordinateS0_St9_IdentityIS0_ENS0_10comparatorESaIS0_EE11_M_leftmostEv
FN:457,_ZNSt8_Rb_treeI10CoordinateS0_St9_IdentityIS0_ENS0_10comparatorESaIS0_EE7_M_rootEv
FN:473,_ZNSt8_Rb_treeI10CoordinateS0_St9_IdentityIS0_ENS0_10comparatorESaIS0_EE12_M_rightmostEv
FN:444,_ZNSt8_Rb_treeI10CoordinateS0_St9_IdentityIS0_ENS0_10comparatorESaIS0_EE13_Rb_tree_implIS3_Lb1EE13_M_initializeEv
FN:524,_ZNSt8_Rb_treeI10CoordinateS0_St9_IdentityIS0_ENS0_10comparatorESaIS0_EE8_S_valueEPKSt18_Rb_tree_node_base
FN:528,_ZNSt8_Rb_treeI10CoordinateS0_St9_IdentityIS0_ENS0_10comparatorESaIS0_EE6_S_keyEPKSt18_Rb_tree_node_base
FN:500,_ZNSt8_Rb_treeI10CoordinateS0_St9_IdentityIS0_ENS0_10comparatorESaIS0_EE8_S_valueEPKSt13_Rb_tree_nodeIS0_E
FN:504,_ZNSt8_Rb_treeI10CoordinateS0_St9_IdentityIS0_ENS0_10comparatorESaIS0_EE6_S_keyEPKSt13_Rb_tree_nodeIS0_E
FN:981,_ZNSt8_Rb_treeI10CoordinateS0_St9_IdentityIS0_ENS0_10comparatorESaIS0_EE14_M_lower_boundEPSt13_Rb_tree_nodeIS0_ES8_RKS0_
FN:1418,_ZNSt8_Rb_treeI10CoordinateS0_St9_IdentityIS0_ENS0_10comparatorESaIS0_EE4findERKS0_
FN:349,_ZNKSt8_Rb_treeI10CoordinateS0_St9_IdentityIS0_ENS0_10comparatorESaIS0_EE21_M_get_Node_allocatorEv
FN:432,_ZNSt8_Rb_treeI10CoordinateS0_St9_IdentityIS0_ENS0_10comparatorESaIS0_EE13_Rb_tree_implIS3_Lb1EEC1Ev
FN:591,_ZNSt8_Rb_treeI10CoordinateS0_St9_IdentityIS0_ENS0_10comparatorESaIS0_EEC1Ev
FN:427,_ZNSt8_Rb_treeI10CoordinateS0_St9_IdentityIS0_ENS0_10comparatorESaIS0_EE13_Rb_tree_implIS3_Lb1EED1Ev
FN:353,_ZNKSt8_Rb_treeI10CoordinateS0_St9_IdentityIS0_ENS0_10comparatorESaIS0_EE13get_allocatorEv
FN:362,_ZNSt8_Rb_treeI10CoordinateS0_St9_IdentityIS0_ENS0_10comparatorESaIS0_EE11_M_put_nodeEPSt13_Rb_tree_nodeIS0_E
FN:381,_ZNSt8_Rb_treeI10CoordinateS0_St9_IdentityIS0_ENS0_10comparatorESaIS0_EE15_M_destroy_nodeEPSt13_Rb_tree_nodeIS0_E
FN:964,_ZNSt8_Rb_treeI10CoordinateS0_St9_IdentityIS0_ENS0_10comparatorESaIS0_EE8_M_eraseEPSt13_Rb_tree_nodeIS0_E
FN:724,_ZNSt8_Rb_treeI10CoordinateS0_St9_IdentityIS0_ENS0_10comparatorESaIS0_EE5clearEv
FN:613,_ZNSt8_Rb_treeI10CoordinateS0_St9_IdentityIS0_ENS0_10comparatorESaIS0_EED1Ev
FN:358,_ZNSt8_Rb_treeI10CoordinateS0_St9_IdentityIS0_ENS0_10comparatorESaIS0_EE11_M_get_nodeEv
FN:367,_ZNSt8_Rb_treeI10CoordinateS0_St9_IdentityIS0_ENS0_10comparatorESaIS0_EE14_M_create_nodeERKS0_
FN:197,_ZNSt17_Rb_tree_iteratorI10CoordinateEmmEv
FN:874,_ZNSt8_Rb_treeI10CoordinateS0_St9_IdentityIS0_ENS0_10comparatorESaIS0_EE10_M_insert_EPKSt18_Rb_tree_node_baseS8_RKS0_
FN:1161,_ZNSt8_Rb_treeI10CoordinateS0_St9_IdentityIS0_ENS0_10comparatorESaIS0_EE16_M_insert_uniqueERKS0_
FN:264,_ZNSt23_Rb_tree_const_iteratorI10CoordinateEppEi
FNDA:689,_ZNSt17_Rb_tree_iteratorI10CoordinateEC1EPSt13_Rb_tree_nodeIS0_E
FNDA:0,_ZNSt17_Rb_tree_iteratorI10CoordinateEmmEv
FNDA:72,_ZNKSt17_Rb_tree_iteratorI10CoordinateEeqERKS1_
FNDA:12,_ZNSt23_Rb_tree_const_iteratorI10CoordinateEC1Ev
FNDA:224,_ZNSt23_Rb_tree_const_iteratorI10CoordinateEC1EPKSt13_Rb_tree_nodeIS0_E
FNDA:314,_ZNSt23_Rb_tree_const_iteratorI10CoordinateEC1ERKSt17_Rb_tree_iteratorIS0_E
FNDA:167,_ZNKSt23_Rb_tree_const_iteratorI10CoordinateEdeEv
FNDA:146,_ZNSt23_Rb_tree_const_iteratorI10CoordinateEppEi
FNDA:20,_ZNKSt23_Rb_tree_const_iteratorI10CoordinateEeqERKS1_
FNDA:181,_ZNKSt23_Rb_tree_const_iteratorI10CoordinateEneERKS1_
FNDA:564,_ZNKSt8_Rb_treeI10CoordinateS0_St9_IdentityIS0_ENS0_10comparatorESaIS0_EE21_M_get_Node_allocatorEv
FNDA:564,_ZNKSt8_Rb_treeI10CoordinateS0_St9_IdentityIS0_ENS0_10comparatorESaIS0_EE13get_allocatorEv
FNDA:282,_ZNSt8_Rb_treeI10CoordinateS0_St9_IdentityIS0_ENS0_10comparatorESaIS0_EE11_M_get_nodeEv
FNDA:282,_ZNSt8_Rb_treeI10CoordinateS0_St9_IdentityIS0_ENS0_10comparatorESaIS0_EE11_M_put_nodeEPSt13_Rb_tree_nodeIS0_E
FNDA:282,_ZNSt8_Rb_treeI10CoordinateS0_St9_IdentityIS0_ENS0_10comparatorESaIS0_EE14_M_create_nodeERKS0_
FNDA:282,_ZNSt8_Rb_treeI10CoordinateS0_St9_IdentityIS0_ENS0_10comparatorESaIS0_EE15_M_destroy_nodeEPSt13_Rb_tree_nodeIS0_E
FNDA:42,_ZNSt8_Rb_treeI10CoordinateS0_St9_IdentityIS0_ENS0_10comparatorESaIS0_EE13_Rb_tree_implIS3_Lb1EED1Ev
FNDA:42,_ZNSt8_Rb_treeI10CoordinateS0_St9_IdentityIS0_ENS0_10comparatorESaIS0_EE13_Rb_tree_implIS3_Lb1EEC1Ev
FNDA:42,_ZNSt8_Rb_treeI10CoordinateS0_St9_IdentityIS0_ENS0_10comparatorESaIS0_EE13_Rb_tree_implIS3_Lb1EE13_M_initializeEv
FNDA:3,_ZNSt8_Rb_treeI10CoordinateS0_St9_IdentityIS0_ENS0_10comparatorESaIS0_EE7_M_rootEv
FNDA:3,_ZNSt8_Rb_treeI10CoordinateS0_St9_IdentityIS0_ENS0_10comparatorESaIS0_EE11_M_leftmostEv
FNDA:3,_ZNSt8_Rb_treeI10CoordinateS0_St9_IdentityIS0_ENS0_10comparatorESaIS0_EE12_M_rightmostEv
FNDA:359,_ZNSt8_Rb_treeI10CoordinateS0_St9_IdentityIS0_ENS0_10comparatorESaIS0_EE8_M_beginEv
FNDA:602,_ZNSt8_Rb_treeI10CoordinateS0_St9_IdentityIS0_ENS0_10comparatorESaIS0_EE6_M_endEv
FNDA:927,_ZNSt8_Rb_treeI10CoordinateS0_St9_IdentityIS0_ENS0_10comparatorESaIS0_EE8_S_valueEPKSt13_Rb_tree_nodeIS0_E
FNDA:927,_ZNSt8_Rb_treeI10CoordinateS0_St9_IdentityIS0_ENS0_10comparatorESaIS0_EE6_S_keyEPKSt13_Rb_tree_nodeIS0_E
FNDA:303,_ZNSt8_Rb_treeI10CoordinateS0_St9_IdentityIS0_ENS0_10comparatorESaIS0_EE7_S_leftEPSt18_Rb_tree_node_base
FNDA:1188,_ZNSt8_Rb_treeI10CoordinateS0_St9_IdentityIS0_ENS0_10comparatorESaIS0_EE8_S_rightEPSt18_Rb_tree_node_base
FNDA:495,_ZNSt8_Rb_treeI10CoordinateS0_St9_IdentityIS0_ENS0_10comparatorESaIS0_EE8_S_valueEPKSt18_Rb_tree_node_base
FNDA:495,_ZNSt8_Rb_treeI10CoordinateS0_St9_IdentityIS0_ENS0_10comparatorESaIS0_EE6_S_keyEPKSt18_Rb_tree_node_base
FNDA:42,_ZNSt8_Rb_treeI10CoordinateS0_St9_IdentityIS0_ENS0_10comparatorESaIS0_EEC1Ev
FNDA:42,_ZNSt8_Rb_treeI10CoordinateS0_St9_IdentityIS0_ENS0_10comparatorESaIS0_EED1Ev
FNDA:40,_ZNSt8_Rb_treeI10CoordinateS0_St9_IdentityIS0_ENS0_10comparatorESaIS0_EE5beginEv
FNDA:23,_ZNKSt8_Rb_treeI10CoordinateS0_St9_IdentityIS0_ENS0_10comparatorESaIS0_EE5beginEv
FNDA:53,_ZNSt8_Rb_treeI10CoordinateS0_St9_IdentityIS0_ENS0_10comparatorESaIS0_EE3endEv
FNDA:201,_ZNKSt8_Rb_treeI10CoordinateS0_St9_IdentityIS0_ENS0_10comparatorESaIS0_EE3endEv
FNDA:3,_ZNSt8_Rb_treeI10CoordinateS0_St9_IdentityIS0_ENS0_10comparatorESaIS0_EE5clearEv
FNDA:282,_ZNSt8_Rb_treeI10CoordinateS0_St9_IdentityIS0_ENS0_10comparatorESaIS0_EE10_M_insert_EPKSt18_Rb_tree_node_baseS8_RKS0_
FNDA:327,_ZNSt8_Rb_treeI10CoordinateS0_St9_IdentityIS0_ENS0_10comparatorESaIS0_EE8_M_eraseEPSt13_Rb_tree_nodeIS0_E
FNDA:32,_ZNSt8_Rb_treeI10CoordinateS0_St9_IdentityIS0_ENS0_10comparatorESaIS0_EE14_M_lower_boundEPSt13_Rb_tree_nodeIS0_ES8_RKS0_
FNDA:282,_ZNSt8_Rb_treeI10CoordinateS0_St9_IdentityIS0_ENS0_10comparatorESaIS0_EE16_M_insert_uniqueERKS0_
FNDA:32,_ZNSt8_Rb_treeI10CoordinateS0_St9_IdentityIS0_ENS0_10comparatorESaIS0_EE4findERKS0_
FNF:42
FNH:41
DA:170,689
DA:171,689
DA:197,0
DA:199,0
DA:200,0
DA:212,72
DA:213,72
DA:238,12
DA:239,12
DA:242,224
DA:243,224
DA:245,314
DA:246,314
DA:249,167
DA:250,167
DA:264,146
DA:266,146
DA:267,146
DA:287,20
DA:288,20
DA:291,181
DA:292,181
DA:349,564
DA:350,564
DA:353,564
DA:354,564
DA:358,282
DA:359,282
DA:362,282
DA:363,282
DA:367,282
DA:369,282
DA:371,282
DA:372,0
DA:374,0
DA:375,0
DA:377,282
DA:381,282
DA:383,282
DA:384,282
DA:385,282
DA:427,42
DA:432,42
DA:434,42
DA:435,42
DA:444,42
DA:446,42
DA:447,42
DA:448,42
DA:449,42
DA:450,42
DA:457,3
DA:458,3
DA:465,3
DA:466,3
DA:473,3
DA:474,3
DA:481,359
DA:482,359
DA:492,602
DA:493,602
DA:500,927
DA:501,927
DA:504,927
DA:505,927
DA:508,303
DA:509,303
DA:516,1188
DA:517,1188
DA:524,495
DA:525,495
DA:528,495
DA:529,495
DA:591,42
DA:613,42
DA:614,42
DA:625,40
DA:628,40
DA:632,23
DA:635,23
DA:639,53
DA:640,53
DA:643,201
DA:646,201
DA:724,3
DA:726,3
DA:727,3
DA:728,3
DA:729,3
DA:730,3
DA:731,3
DA:874,282
DA:879,282
DA:881,282
DA:883,282
DA:886,282
DA:887,282
DA:964,327
DA:968,936
DA:970,282
DA:971,282
DA:972,282
DA:973,282
DA:975,327
DA:981,32
DA:985,111
DA:986,47
DA:987,21
DA:989,26
DA:990,32
DA:1161,282
DA:1164,282
DA:1165,282
DA:1166,282
DA:1167,1444
DA:1169,880
DA:1170,880
DA:1171,880
DA:1173,282
DA:1174,282
DA:1176,40
DA:1177,40
DA:1179,0
DA:1181,242
DA:1182,242
DA:1183,0
DA:1418,32
DA:1421,32
DA:1424,32
BA:879,2
BA:879,1
BA:879,2
BA:879,2
BA:879,1
BA:879,2
BA:968,2
BA:968,2
BA:985,2
BA:985,2
BA:986,2
BA:986,2
BA:1167,2
BA:1167,2
BA:1171,1
BA:1171,2
BA:1174,2
BA:1174,2
BA:1176,2
BA:1176,1
BA:1181,2
BA:1181,1
BA:1424,2
BA:1424,2
BA:1424,1
BA:1424,2
LF:129
LH:121
end_of_record
SF:/usr/include/c++/4.4/bits/stl_uninitialized.h
FN:180,_ZNSt22__uninitialized_fill_nILb0EE20uninitialized_fill_nIP10CoordinatejS2_EEvT_T0_RKT1_
FN:218,_ZSt20uninitialized_fill_nIP10CoordinatejS0_EvT_T0_RKT1_
FN:316,_ZSt24__uninitialized_fill_n_aIP10CoordinatejS0_S0_EvT_T0_RKT1_RSaIT2_E
FNDA:0,_ZNSt22__uninitialized_fill_nILb0EE20uninitialized_fill_nIP10CoordinatejS2_EEvT_T0_RKT1_
FNDA:0,_ZSt20uninitialized_fill_nIP10CoordinatejS0_EvT_T0_RKT1_
FNDA:0,_ZSt24__uninitialized_fill_n_aIP10CoordinatejS0_S0_EvT_T0_RKT1_RSaIT2_E
FNF:3
FNH:0
DA:180,0
DA:183,0
DA:186,0
DA:187,0
DA:189,0
DA:191,0
DA:192,0
DA:194,0
DA:218,0
DA:223,0
DA:225,0
DA:316,0
DA:318,0
BA:186,0
BA:186,0
LF:13
LH:0
end_of_record
SF:/usr/include/c++/4.4/bits/stl_vector.h
FN:610,_ZNSt6vectorI10CoordinateSaIS0_EEixEj
FN:434,_ZNKSt6vectorI10CoordinateSaIS0_EE5beginEv
FN:452,_ZNKSt6vectorI10CoordinateSaIS0_EE3endEv
FN:93,_ZNSt12_Vector_baseI10CoordinateSaIS0_EE19_M_get_Tp_allocatorEv
FN:84,_ZNSt12_Vector_baseI10CoordinateSaIS0_EE12_Vector_implC1ERKS1_
FN:75,_ZNSt12_Vector_baseI10CoordinateSaIS0_EE12_Vector_implD1Ev
FN:143,_ZNSt12_Vector_baseI10CoordinateSaIS0_EE13_M_deallocateEPS0_j
FN:131,_ZNSt12_Vector_baseI10CoordinateSaIS0_EED2Ev
FN:312,_ZNSt6vectorI10CoordinateSaIS0_EED1Ev
FN:139,_ZNSt12_Vector_baseI10CoordinateSaIS0_EE11_M_allocateEj
FN:110,_ZNSt12_Vector_baseI10CoordinateSaIS0_EEC2EjRKS1_
FN:1033,_ZNSt6vectorI10CoordinateSaIS0_EE18_M_fill_initializeEjRKS0_
FN:227,_ZNSt6vectorI10CoordinateSaIS0_EEC1EjRKS0_RKS1_
FNDA:0,_ZNSt12_Vector_baseI10CoordinateSaIS0_EE12_Vector_implD1Ev
FNDA:0,_ZNSt12_Vector_baseI10CoordinateSaIS0_EE12_Vector_implC1ERKS1_
FNDA:0,_ZNSt12_Vector_baseI10CoordinateSaIS0_EE19_M_get_Tp_allocatorEv
FNDA:0,_ZNSt12_Vector_baseI10CoordinateSaIS0_EEC2EjRKS1_
FNDA:0,_ZNSt12_Vector_baseI10CoordinateSaIS0_EED2Ev
FNDA:0,_ZNSt12_Vector_baseI10CoordinateSaIS0_EE11_M_allocateEj
FNDA:0,_ZNSt12_Vector_baseI10CoordinateSaIS0_EE13_M_deallocateEPS0_j
FNDA:0,_ZNSt6vectorI10CoordinateSaIS0_EEC1EjRKS0_RKS1_
FNDA:0,_ZNSt6vectorI10CoordinateSaIS0_EED1Ev
FNDA:0,_ZNKSt6vectorI10CoordinateSaIS0_EE5beginEv
FNDA:0,_ZNKSt6vectorI10CoordinateSaIS0_EE3endEv
FNDA:0,_ZNSt6vectorI10CoordinateSaIS0_EEixEj
FNDA:0,_ZNSt6vectorI10CoordinateSaIS0_EE18_M_fill_initializeEjRKS0_
FNF:13
FNH:0
DA:75,0
DA:84,0
DA:85,0
DA:86,0
DA:93,0
DA:94,0
DA:110,0
DA:111,0
DA:113,0
DA:114,0
DA:115,0
DA:116,0
DA:131,0
DA:132,0
DA:133,0
DA:139,0
DA:140,0
DA:143,0
DA:145,0
DA:146,0
DA:147,0
DA:227,0
DA:229,0
DA:230,0
DA:312,0
DA:313,0
DA:314,0
DA:434,0
DA:435,0
DA:452,0
DA:453,0
DA:610,0
DA:611,0
DA:1033,0
DA:1035,0
DA:1037,0
DA:1038,0
BA:140,0
BA:140,0
BA:145,0
BA:145,0
LF:37
LH:0
end_of_record
SF:/usr/include/c++/4.4/ext/atomicity.h
FN:62,_ZN9__gnu_cxxL25__exchange_and_add_singleEPii
FN:45,_ZN9__gnu_cxxL18__exchange_and_addEPVii
FN:75,_ZN9__gnu_cxxL27__exchange_and_add_dispatchEPii
FNDA:0,_ZN9__gnu_cxxL18__exchange_and_addEPVii
FNDA:0,_ZN9__gnu_cxxL25__exchange_and_add_singleEPii
FNDA:0,_ZN9__gnu_cxxL27__exchange_and_add_dispatchEPii
FNF:3
FNH:0
DA:45,0
DA:46,0
DA:62,0
DA:64,0
DA:65,0
DA:66,0
DA:75,0
DA:78,0
DA:79,0
DA:81,0
BA:78,0
BA:78,0
LF:10
LH:0
end_of_record
SF:/usr/include/c++/4.4/ext/new_allocator.h
FN:66,_ZN9__gnu_cxx13new_allocatorIcEC2Ev
FN:73,_ZN9__gnu_cxx13new_allocatorIcED2Ev
FN:66,_ZN9__gnu_cxx13new_allocatorI10CoordinateEC2Ev
FN:73,_ZN9__gnu_cxx13new_allocatorI10CoordinateED2Ev
FN:73,_ZN9__gnu_cxx13new_allocatorISt13_Rb_tree_nodeI10CoordinateEED2Ev
FN:68,_ZN9__gnu_cxx13new_allocatorIcEC2ERKS1_
FN:115,_ZN9__gnu_cxx13new_allocatorI10CoordinateE7destroyEPS1_
FN:66,_ZN9__gnu_cxx13new_allocatorISt13_Rb_tree_nodeI10CoordinateEEC2Ev
FN:68,_ZN9__gnu_cxx13new_allocatorI10CoordinateEC2ERKS2_
FN:98,_ZNK9__gnu_cxx13new_allocatorI10CoordinateE8max_sizeEv
FN:98,_ZNK9__gnu_cxx13new_allocatorISt13_Rb_tree_nodeI10CoordinateEE8max_sizeEv
FN:104,_ZN9__gnu_cxx13new_allocatorI10CoordinateE9constructEPS1_RKS1_
FN:94,_ZN9__gnu_cxx13new_allocatorI10CoordinateE10deallocateEPS1_j
FN:94,_ZN9__gnu_cxx13new_allocatorISt13_Rb_tree_nodeI10CoordinateEE10deallocateEPS3_j
FN:84,_ZN9__gnu_cxx13new_allocatorI10CoordinateE8allocateEjPKv
FN:84,_ZN9__gnu_cxx13new_allocatorISt13_Rb_tree_nodeI10CoordinateEE8allocateEjPKv
FNDA:0,_ZN9__gnu_cxx13new_allocatorIcEC2Ev
FNDA:0,_ZN9__gnu_cxx13new_allocatorI10CoordinateEC2Ev
FNDA:42,_ZN9__gnu_cxx13new_allocatorISt13_Rb_tree_nodeI10CoordinateEEC2Ev
FNDA:0,_ZN9__gnu_cxx13new_allocatorIcEC2ERKS1_
FNDA:0,_ZN9__gnu_cxx13new_allocatorI10CoordinateEC2ERKS2_
FNDA:0,_ZN9__gnu_cxx13new_allocatorIcED2Ev
FNDA:0,_ZN9__gnu_cxx13new_allocatorI10CoordinateED2Ev
FNDA:42,_ZN9__gnu_cxx13new_allocatorISt13_Rb_tree_nodeI10CoordinateEED2Ev
FNDA:0,_ZN9__gnu_cxx13new_allocatorI10CoordinateE8allocateEjPKv
FNDA:282,_ZN9__gnu_cxx13new_allocatorISt13_Rb_tree_nodeI10CoordinateEE8allocateEjPKv
FNDA:0,_ZN9__gnu_cxx13new_allocatorI10CoordinateE10deallocateEPS1_j
FNDA:282,_ZN9__gnu_cxx13new_allocatorISt13_Rb_tree_nodeI10CoordinateEE10deallocateEPS3_j
FNDA:0,_ZNK9__gnu_cxx13new_allocatorI10CoordinateE8max_sizeEv
FNDA:282,_ZNK9__gnu_cxx13new_allocatorISt13_Rb_tree_nodeI10CoordinateEE8max_sizeEv
FNDA:282,_ZN9__gnu_cxx13new_allocatorI10CoordinateE9constructEPS1_RKS1_
FNDA:282,_ZN9__gnu_cxx13new_allocatorI10CoordinateE7destroyEPS1_
FNF:16
FNH:7
DA:66,42
DA:68,0
DA:73,42
DA:84,282
DA:86,282
DA:87,0
DA:89,282
DA:94,282
DA:95,282
DA:98,282
DA:99,282
DA:104,282
DA:105,282
DA:115,282
BA:86,0
BA:86,0
BA:86,1
BA:86,2
BA:105,2
BA:105,1
LF:14
LH:12
end_of_record
SF:/usr/include/c++/4.4/i486-linux-gnu/bits/gthr-default.h
FN:238,_ZL18__gthread_active_pv
FNDA:0,_ZL18__gthread_active_pv
FNF:1
FNH:0
DA:238,0
DA:242,0
LF:2
LH:0
end_of_record
SF:/usr/include/c++/4.4/iostream
DA:72,18
LF:1
LH:1
end_of_record
SF:/usr/include/c++/4.4/new
FN:101,_ZnwjPv
FN:105,_ZdlPvS_
FNDA:0,_ZnwjPv
FNDA:0,_ZdlPvS_
FNF:2
FNH:0
DA:101,0
DA:105,0
LF:2
LH:0
end_of_record
SF:/usr/include/c++/4.4/ostream
FN:108,_ZNSolsEPFRSoS_E
FN:505,_ZStlsISt11char_traitsIcEERSt13basic_ostreamIcT_ES5_PKc
FN:559,_ZSt5flushIcSt11char_traitsIcEERSt13basic_ostreamIT_T0_ES6_
FN:538,_ZSt4endlIcSt11char_traitsIcEERSt13basic_ostreamIT_T0_ES6_
FNDA:0,_ZNSolsEPFRSoS_E
FNDA:0,_ZStlsISt11char_traitsIcEERSt13basic_ostreamIcT_ES5_PKc
FNDA:0,_ZSt4endlIcSt11char_traitsIcEERSt13basic_ostreamIT_T0_ES6_
FNDA:0,_ZSt5flushIcSt11char_traitsIcEERSt13basic_ostreamIT_T0_ES6_
FNF:4
FNH:0
DA:108,0
DA:113,0
DA:505,0
DA:507,0
DA:508,0
DA:510,0
DA:512,0
DA:538,0
DA:539,0
DA:559,0
DA:560,0
BA:507,0
BA:507,0
LF:11
LH:0
end_of_record
SF:/home/frechilla/workspace/headless/blockem_sourceforge/src/board.h
FN:103,_ZNK5Board8GetNRowsEv
FN:109,_ZNK5Board11GetNColumnsEv
FN:55,_ZNK5Board12IsCoordEmptyERK10Coordinate
FN:91,_ZN5Board16SetPlayerInCoordERK10CoordinateRK6Player
FN:79,_ZNK5Board15IsPlayerInCoordERK10CoordinateRK6Player
FN:67,_ZN5Board10BlankCoordERK10Coordinate
FNDA:0,_ZNK5Board12IsCoordEmptyERK10Coordinate
FNDA:0,_ZN5Board10BlankCoordERK10Coordinate
FNDA:0,_ZNK5Board15IsPlayerInCoordERK10CoordinateRK6Player
FNDA:0,_ZN5Board16SetPlayerInCoordERK10CoordinateRK6Player
FNDA:0,_ZNK5Board8GetNRowsEv
FNDA:0,_ZNK5Board11GetNColumnsEv
FNF:6
FNH:0
DA:55,0
DA:58,0
DA:59,0
DA:60,0
DA:61,0
DA:63,0
DA:67,0
DA:70,0
DA:71,0
DA:72,0
DA:73,0
DA:75,0
DA:76,0
DA:79,0
DA:82,0
DA:83,0
DA:84,0
DA:85,0
DA:87,0
DA:91,0
DA:94,0
DA:95,0
DA:96,0
DA:97,0
DA:99,0
DA:100,0
DA:103,0
DA:105,0
DA:109,0
DA:111,0
BA:58,0
BA:58,0
BA:59,0
BA:59,0
BA:60,0
BA:60,0
BA:61,0
BA:61,0
BA:70,0
BA:70,0
BA:71,0
BA:71,0
BA:72,0
BA:72,0
BA:73,0
BA:73,0
BA:82,0
BA:82,0
BA:83,0
BA:83,0
BA:84,0
BA:84,0
BA:85,0
BA:85,0
BA:94,0
BA:94,0
BA:95,0
BA:95,0
BA:96,0
BA:96,0
BA:97,0
BA:97,0
LF:30
LH:0
end_of_record
SF:/home/frechilla/workspace/headless/blockem_sourceforge/src/coordinate.h
FN:49,_ZN10CoordinateC1Ev
FN:53,_ZN10CoordinateC1Eii
FN:75,_ZNK10Coordinate10comparatorclERKS_S2_
FN:47,_ZN10CoordinateaSERKS_
FN:47,_ZN10CoordinateC1ERKS_
FN:57,_ZN10CoordinateD0Ev
FN:57,_ZN10CoordinateD1Ev
FNDA:0,_ZN10CoordinateaSERKS_
FNDA:0,_ZN10CoordinateC1ERKS_
FNDA:0,_ZN10CoordinateC1Ev
FNDA:0,_ZN10CoordinateC1Eii
FNDA:0,_ZN10CoordinateD0Ev
FNDA:0,_ZN10CoordinateD1Ev
FNDA:1422,_ZNK10Coordinate10comparatorclERKS_S2_
FNF:7
FNH:1
DA:47,0
DA:49,0
DA:51,0
DA:52,0
DA:53,0
DA:55,0
DA:56,0
DA:57,0
DA:58,0
DA:75,1422
DA:77,1422
DA:80,268
DA:83,1154
BA:58,0
BA:58,0
BA:58,0
BA:58,0
BA:77,2
BA:77,2
BA:77,2
BA:77,2
BA:77,2
BA:77,2
LF:13
LH:4
end_of_record
SF:/home/frechilla/workspace/headless/blockem_sourceforge/src/game_total_allocation.cpp
FN:310,_Z41__static_initialization_and_destruction_0ii
FN:310,_GLOBAL__I__ZN19GameTotalAllocationC2Eii
FN:86,_ZN19GameTotalAllocation12PutDownPieceERK10CoordinateRKSt6vectorIS0_SaIS0_EEi
FN:51,_ZN19GameTotalAllocation11RemovePieceERK10CoordinateRKSt6vectorIS0_SaIS0_EEi
FN:187,_ZN19GameTotalAllocation17AllocateAllPiecesEP12ePieceType_tPPSt3setI10CoordinateNS3_10comparatorESaIS3_EE
FN:121,_ZN19GameTotalAllocation5SolveERK10Coordinate
FN:47,_ZN19GameTotalAllocationD0Ev
FN:47,_ZN19GameTotalAllocationD1Ev
FN:47,_ZN19GameTotalAllocationD2Ev
FN:41,_ZN19GameTotalAllocationC1Eii
FN:41,_ZN19GameTotalAllocationC2Eii
FNDA:1,_ZN19GameTotalAllocationC1Eii
FNDA:0,_ZN19GameTotalAllocationC2Eii
FNDA:0,_ZN19GameTotalAllocationD0Ev
FNDA:1,_ZN19GameTotalAllocationD1Ev
FNDA:0,_ZN19GameTotalAllocationD2Ev
FNDA:0,_ZN19GameTotalAllocation11RemovePieceERK10CoordinateRKSt6vectorIS0_SaIS0_EEi
FNDA:21,_ZN19GameTotalAllocation12PutDownPieceERK10CoordinateRKSt6vectorIS0_SaIS0_EEi
FNDA:1,_ZN19GameTotalAllocation5SolveERK10Coordinate
FNDA:21,_ZN19GameTotalAllocation17AllocateAllPiecesEP12ePieceType_tPPSt3setI10CoordinateNS3_10comparatorESaIS3_EE
FNDA:18,_Z41__static_initialization_and_destruction_0ii
FNDA:18,_GLOBAL__I__ZN19GameTotalAllocationC2Eii
FNF:11
FNH:7
DA:41,1
DA:43,1
DA:45,1
DA:47,1
DA:49,1
DA:51,0
DA:57,0
DA:58,0
DA:60,0
DA:61,0
DA:64,0
DA:69,0
DA:72,0
DA:74,0
DA:76,0
DA:79,0
DA:83,0
DA:84,0
DA:86,21
DA:92,21
DA:93,21
DA:95,21
DA:96,21
DA:99,110
DA:104,89
DA:107,89
DA:109,89
DA:111,89
DA:114,89
DA:118,21
DA:119,21
DA:121,1
DA:123,1
DA:130,22
DA:132,21
DA:133,21
DA:137,1
DA:139,1
DA:141,1
DA:143,1
DA:146,1
DA:147,1
DA:149,1
DA:158,1
DA:159,1
DA:161,1
DA:163,0
DA:164,0
DA:167,1
DA:169,1
DA:171,1
DA:173,1
DA:176,0
DA:180,0
DA:184,0
DA:187,21
DA:193,21
DA:195,21
DA:197,1
DA:202,20
DA:203,20
DA:208,20
DA:210,20
DA:212,230
DA:214,209
DA:217,21
DA:219,21
DA:222,21
DA:223,21
DA:225,24
DA:229,23
DA:230,192
DA:239,1885
DA:248,1730
DA:250,12
DA:251,12
DA:252,12
DA:254,11
DA:255,11
DA:260,166
DA:263,11
DA:272,155
DA:273,155
DA:275,155
DA:278,20
DA:279,20
DA:281,20
DA:283,20
DA:287,20
DA:288,20
DA:290,20
DA:292,20
DA:295,0
DA:299,135
DA:302,3
DA:305,1
DA:309,0
DA:310,54
BA:49,0
BA:49,0
BA:49,1
BA:49,2
BA:49,0
BA:49,0
BA:57,0
BA:57,0
BA:58,0
BA:58,0
BA:60,0
BA:60,0
BA:61,0
BA:61,0
BA:64,0
BA:64,0
BA:72,0
BA:72,0
BA:72,0
BA:72,0
BA:74,0
BA:74,0
BA:74,0
BA:74,0
BA:76,0
BA:76,0
BA:92,1
BA:92,2
BA:93,1
BA:93,2
BA:95,1
BA:95,2
BA:96,1
BA:96,2
BA:99,2
BA:99,2
BA:107,2
BA:107,1
BA:107,1
BA:107,2
BA:109,2
BA:109,1
BA:109,1
BA:109,2
BA:111,2
BA:111,1
BA:130,2
BA:130,2
BA:139,2
BA:139,1
BA:139,2
BA:139,1
BA:149,2
BA:149,1
BA:161,1
BA:161,2
BA:167,2
BA:167,1
BA:171,2
BA:171,1
BA:195,2
BA:195,2
BA:210,2
BA:210,2
BA:210,2
BA:210,1
BA:212,2
BA:212,2
BA:225,2
BA:225,2
BA:230,2
BA:230,2
BA:239,2
BA:239,2
BA:248,2
BA:248,2
BA:252,2
BA:252,2
BA:260,2
BA:260,2
BA:275,2
BA:275,2
BA:279,2
BA:279,1
BA:290,2
BA:290,1
BA:310,2
BA:310,1
BA:310,2
BA:310,1
LF:98
LH:78
end_of_record
SF:/home/frechilla/workspace/headless/blockem_sourceforge/src/piece.h
FN:152,_ZNK5Piece7GetTypeEv
FN:167,_ZNK5Piece9GetRadiusEv
FN:173,_ZNK5Piece21GetPrecalculatedConfsEv
FNDA:0,_ZNK5Piece7GetTypeEv
FNDA:0,_ZNK5Piece9GetRadiusEv
FNDA:0,_ZNK5Piece21GetPrecalculatedConfsEv
FNF:3
FNH:0
DA:152,0
DA:154,0
DA:167,0
DA:169,0
DA:173,0
DA:175,0
LF:6
LH:0
end_of_record
SF:/home/frechilla/workspace/headless/blockem_sourceforge/src/player.h
FN:80,_ZNK6Player16PresentationCharEv
FN:103,_ZN6Player21SetStartingCoordinateERK10Coordinate
FN:109,_ZNK6Player23NumberOfPiecesAvailableEv
FN:142,_ZNK6Player16IsPieceAvailableE12ePieceType_t
FN:120,_ZN6Player10UnsetPieceE12ePieceType_t
FN:131,_ZN6Player8SetPieceE12ePieceType_t
FNDA:0,_ZNK6Player16PresentationCharEv
FNDA:7,_ZN6Player21SetStartingCoordinateERK10Coordinate
FNDA:0,_ZNK6Player23NumberOfPiecesAvailableEv
FNDA:0,_ZN6Player10UnsetPieceE12ePieceType_t
FNDA:0,_ZN6Player8SetPieceE12ePieceType_t
FNDA:0,_ZNK6Player16IsPieceAvailableE12ePieceType_t
FNF:6
FNH:1
DA:80,0
DA:82,0
DA:103,7
DA:105,7
DA:106,7
DA:109,0
DA:111,0
DA:120,0
DA:123,0
DA:124,0
DA:126,0
DA:127,0
DA:128,0
DA:131,0
DA:134,0
DA:135,0
DA:137,0
DA:138,0
DA:139,0
DA:142,0
DA:145,0
DA:147,0
BA:123,0
BA:123,0
BA:123,0
BA:123,0
BA:124,0
BA:124,0
BA:134,0
BA:134,0
BA:134,0
BA:134,0
BA:135,0
BA:135,0
BA:145,0
BA:145,0
BA:145,0
BA:145,0
LF:22
LH:3
end_of_record
TN:
SF:/usr/include/c++/4.4/bits/basic_ios.h
FN:127,_ZNKSt9basic_iosIcSt11char_traitsIcEE7rdstateEv
FN:46,_ZSt13__check_facetISt5ctypeIcEERKT_PS3_
FN:439,_ZNKSt9basic_iosIcSt11char_traitsIcEE5widenEc
FN:360,_ZNKSt9basic_iosIcSt11char_traitsIcEE4fillEv
FN:380,_ZNSt9basic_iosIcSt11char_traitsIcEE4fillEc
FN:147,_ZNSt9basic_iosIcSt11char_traitsIcEE8setstateESt12_Ios_Iostate
FNDA:0,_ZSt13__check_facetISt5ctypeIcEERKT_PS3_
FNDA:0,_ZNKSt9basic_iosIcSt11char_traitsIcEE7rdstateEv
FNDA:0,_ZNSt9basic_iosIcSt11char_traitsIcEE8setstateESt12_Ios_Iostate
FNDA:0,_ZNKSt9basic_iosIcSt11char_traitsIcEE4fillEv
FNDA:0,_ZNSt9basic_iosIcSt11char_traitsIcEE4fillEc
FNDA:0,_ZNKSt9basic_iosIcSt11char_traitsIcEE5widenEc
FNF:6
FNH:0
DA:46,0
DA:48,0
DA:49,0
DA:50,0
DA:127,0
DA:128,0
DA:147,0
DA:148,0
DA:360,0
DA:362,0
DA:364,0
DA:365,0
DA:367,0
DA:380,0
DA:382,0
DA:383,0
DA:384,0
DA:439,0
DA:440,0
BA:48,0
BA:48,0
BA:362,0
BA:362,0
LF:19
LH:0
end_of_record
SF:/usr/include/c++/4.4/bits/char_traits.h
FN:262,_ZNSt11char_traitsIcE6lengthEPKc
FNDA:0,_ZNSt11char_traitsIcE6lengthEPKc
FNF:1
FNH:0
DA:262,0
DA:263,0
LF:2
LH:0
end_of_record
SF:/usr/include/c++/4.4/bits/ios_base.h
FN:166,_ZStorSt12_Ios_IostateS_
FN:657,_ZNSt8ios_base5widthEi
FNDA:0,_ZStorSt12_Ios_IostateS_
FNDA:0,_ZNSt8ios_base5widthEi
FNF:2
FNH:0
DA:166,0
DA:167,0
DA:657,0
DA:659,0
DA:660,0
DA:661,0
LF:6
LH:0
end_of_record
SF:/usr/include/c++/4.4/bits/locale_facets.h
FN:865,_ZNKSt5ctypeIcE5widenEc
FNDA:0,_ZNKSt5ctypeIcE5widenEc
FNF:1
FNH:0
DA:865,0
DA:867,0
DA:868,0
DA:869,0
DA:870,0
BA:867,0
BA:867,0
LF:5
LH:0
end_of_record
SF:/usr/include/c++/4.4/iomanip
FN:238,_ZSt4setwi
FN:170,_ZSt7setfillIcESt8_SetfillIT_ES1_
FN:255,_ZStlsIcSt11char_traitsIcEERSt13basic_ostreamIT_T0_ES6_St5_Setw
FN:187,_ZStlsIcSt11char_traitsIcEERSt13basic_ostreamIT_T0_ES6_St8_SetfillIS3_E
FNDA:840,_ZSt7setfillIcESt8_SetfillIT_ES1_
FNDA:0,_ZStlsIcSt11char_traitsIcEERSt13basic_ostreamIT_T0_ES6_St8_SetfillIS3_E
FNDA:840,_ZSt4setwi
FNDA:0,_ZStlsIcSt11char_traitsIcEERSt13basic_ostreamIT_T0_ES6_St5_Setw
FNF:4
FNH:2
DA:170,840
DA:173,840
DA:187,0
DA:189,0
DA:190,0
DA:238,840
DA:241,840
DA:255,0
DA:257,0
DA:258,0
LF:10
LH:4
end_of_record
SF:/usr/include/c++/4.4/iostream
DA:72,18
LF:1
LH:1
end_of_record
SF:/usr/include/c++/4.4/ostream
FN:108,_ZNSolsEPFRSoS_E
FN:457,_ZStlsISt11char_traitsIcEERSt13basic_ostreamIcT_ES5_c
FN:505,_ZStlsISt11char_traitsIcEERSt13basic_ostreamIcT_ES5_PKc
FN:559,_ZSt5flushIcSt11char_traitsIcEERSt13basic_ostreamIT_T0_ES6_
FN:538,_ZSt4endlIcSt11char_traitsIcEERSt13basic_ostreamIT_T0_ES6_
FNDA:0,_ZNSolsEPFRSoS_E
FNDA:0,_ZStlsISt11char_traitsIcEERSt13basic_ostreamIcT_ES5_c
FNDA:0,_ZStlsISt11char_traitsIcEERSt13basic_ostreamIcT_ES5_PKc
FNDA:0,_ZSt4endlIcSt11char_traitsIcEERSt13basic_ostreamIT_T0_ES6_
FNDA:0,_ZSt5flushIcSt11char_traitsIcEERSt13basic_ostreamIT_T0_ES6_
FNF:5
FNH:0
DA:108,0
DA:113,0
DA:457,0
DA:458,0
DA:505,0
DA:507,0
DA:508,0
DA:510,0
DA:512,0
DA:538,0
DA:539,0
DA:559,0
DA:560,0
BA:507,0
BA:507,0
LF:13
LH:0
end_of_record
SF:/home/frechilla/workspace/headless/blockem_sourceforge/src/board.cpp
FN:114,_ZN5Board14CopyFromObjectERKS_
FN:164,_ZN5Board5ResetEv
FN:173,_Z41__static_initialization_and_destruction_0ii
FN:173,_GLOBAL__I__ZN5BoardC2EiicPPc
FN:130,_ZNK5Board10PrintBoardERSo
FN:82,_ZN5BoardaSERKS_
FN:70,_ZN5BoardC1ERKS_
FN:70,_ZN5BoardC2ERKS_
FN:34,_ZN5BoardC1EiicPPc
FN:34,_ZN5BoardC2EiicPPc
FN:59,_ZN5BoardD0Ev
FN:59,_ZN5BoardD1Ev
FN:59,_ZN5BoardD2Ev
FNDA:19,_ZN5BoardC1EiicPPc
FNDA:0,_ZN5BoardC2EiicPPc
FNDA:0,_ZN5BoardD0Ev
FNDA:20,_ZN5BoardD1Ev
FNDA:0,_ZN5BoardD2Ev
FNDA:1,_ZN5BoardC1ERKS_
FNDA:0,_ZN5BoardC2ERKS_
FNDA:1,_ZN5BoardaSERKS_
FNDA:2,_ZN5Board14CopyFromObjectERKS_
FNDA:30,_ZNK5Board10PrintBoardERSo
FNDA:3,_ZN5Board5ResetEv
FNDA:18,_Z41__static_initialization_and_destruction_0ii
FNDA:18,_GLOBAL__I__ZN5BoardC2EiicPPc
FNF:13
FNH:9
DA:34,19
DA:37,19
DA:40,19
DA:41,268
DA:43,249
DA:44,3642
DA:46,3393
DA:49,0
DA:53,3393
DA:57,19
DA:59,20
DA:62,273
DA:64,253
DA:67,20
DA:68,20
DA:70,1
DA:73,1
DA:74,6
DA:76,5
DA:79,1
DA:80,1
DA:82,1
DA:84,1
DA:88,1
DA:92,7
DA:94,6
DA:96,1
DA:100,1
DA:101,6
DA:103,5
DA:108,1
DA:111,1
DA:114,2
DA:116,2
DA:117,2
DA:118,2
DA:121,12
DA:123,60
DA:125,50
DA:128,2
DA:130,30
DA:132,30
DA:133,450
DA:135,420
DA:137,30
DA:139,450
DA:141,420
DA:142,6300
DA:144,5880
DA:146,420
DA:148,420
DA:149,6300
DA:151,5880
DA:153,420
DA:156,30
DA:157,450
DA:159,420
DA:161,30
DA:162,30
DA:164,3
DA:166,45
DA:168,630
DA:170,588
DA:173,57
BA:41,2
BA:41,2
BA:41,0
BA:41,0
BA:44,2
BA:44,2
BA:44,0
BA:44,0
BA:46,1
BA:46,2
BA:46,0
BA:46,0
BA:62,0
BA:62,0
BA:62,2
BA:62,2
BA:62,0
BA:62,0
BA:64,0
BA:64,0
BA:64,2
BA:64,1
BA:64,0
BA:64,0
BA:67,0
BA:67,0
BA:67,2
BA:67,1
BA:67,0
BA:67,0
BA:68,0
BA:68,0
BA:68,1
BA:68,2
BA:68,0
BA:68,0
BA:74,2
BA:74,2
BA:74,0
BA:74,0
BA:84,2
BA:84,1
BA:88,1
BA:88,2
BA:88,0
BA:88,0
BA:92,2
BA:92,2
BA:94,2
BA:94,1
BA:96,2
BA:96,1
BA:101,2
BA:101,2
BA:121,2
BA:121,2
BA:123,2
BA:123,2
BA:133,2
BA:133,2
BA:139,2
BA:139,2
BA:142,2
BA:142,2
BA:149,2
BA:149,2
BA:157,2
BA:157,2
BA:166,2
BA:166,2
BA:168,2
BA:168,2
BA:173,2
BA:173,1
BA:173,2
BA:173,1
LF:64
LH:63
end_of_record
TN:
SF:/home/frechilla/workspace/headless/blockem_sourceforge/src/coordinate.h
FN:53,_ZN10CoordinateC1Eii
FN:47,_ZN10CoordinateaSERKS_
FN:47,_ZN10CoordinateC1ERKS_
FN:57,_ZN10CoordinateD0Ev
FN:57,_ZN10CoordinateD1Ev
FNDA:0,_ZN10CoordinateaSERKS_
FNDA:0,_ZN10CoordinateC1ERKS_
FNDA:0,_ZN10CoordinateC1Eii
FNDA:0,_ZN10CoordinateD0Ev
FNDA:0,_ZN10CoordinateD1Ev
FNF:5
FNH:0
DA:47,0
DA:53,0
DA:55,0
DA:56,0
DA:57,0
DA:58,0
BA:58,0
BA:58,0
BA:58,0
BA:58,0
LF:6
LH:0
end_of_record
SF:/home/frechilla/workspace/headless/blockem_sourceforge/src/game1v1.h
DA:53,17
DA:56,17
LF:2
LH:2
end_of_record
SF:/home/frechilla/workspace/headless/blockem_sourceforge/src/gui_game1v1_config.cpp
FN:69,_ZNK13Game1v1Config23GetHeuristicTypePlayer1Ev
FN:74,_ZNK13Game1v1Config23GetHeuristicTypePlayer2Ev
FN:79,_ZNK13Game1v1Config17IsPlayer1ComputerEv
FN:84,_ZNK13Game1v1Config17IsPlayer2ComputerEv
FN:89,_ZNK13Game1v1Config22GetMinimaxDepthPlayer1Ev
FN:94,_ZNK13Game1v1Config22GetMinimaxDepthPlayer2Ev
FN:99,_ZNK13Game1v1Config16GetPlayer1ColourERhS0_S0_
FN:106,_ZNK13Game1v1Config16GetPlayer2ColourERhS0_S0_
FN:113,_ZNK13Game1v1Config23GetPlayer1StartingCoordEv
FN:118,_ZNK13Game1v1Config23GetPlayer2StartingCoordEv
FN:143,_ZN13Game1v1Config14SetPlayer1TypeENS_13ePlayerType_tE
FN:148,_ZN13Game1v1Config14SetPlayer2TypeENS_13ePlayerType_tE
FN:153,_ZN13Game1v1Config22SetMinimaxDepthPlayer1Ei
FN:165,_ZN13Game1v1Config22SetMinimaxDepthPlayer2Ei
FN:177,_ZN13Game1v1Config23SetPlayer1StartingCoordERK10Coordinate
FN:182,_ZN13Game1v1Config23SetPlayer2StartingCoordERK10Coordinate
FN:185,_Z41__static_initialization_and_destruction_0ii
FN:185,_GLOBAL__I__ZN13Game1v1ConfigC2Ev
FN:133,_ZN13Game1v1Config23SetHeuristicTypePlayer2EN9Heuristic16eHeuristicType_tE
FN:123,_ZN13Game1v1Config23SetHeuristicTypePlayer1EN9Heuristic16eHeuristicType_tE
FN:65,_ZN13Game1v1ConfigD0Ev
FN:65,_ZN13Game1v1ConfigD1Ev
FN:65,_ZN13Game1v1ConfigD2Ev
FN:46,_ZN13Game1v1ConfigC1Ev
FN:46,_ZN13Game1v1ConfigC2Ev
FNDA:0,_ZN13Game1v1ConfigC1Ev
FNDA:0,_ZN13Game1v1ConfigC2Ev
FNDA:0,_ZN13Game1v1ConfigD0Ev
FNDA:0,_ZN13Game1v1ConfigD1Ev
FNDA:0,_ZN13Game1v1ConfigD2Ev
FNDA:0,_ZNK13Game1v1Config23GetHeuristicTypePlayer1Ev
FNDA:0,_ZNK13Game1v1Config23GetHeuristicTypePlayer2Ev
FNDA:0,_ZNK13Game1v1Config17IsPlayer1ComputerEv
FNDA:0,_ZNK13Game1v1Config17IsPlayer2ComputerEv
FNDA:0,_ZNK13Game1v1Config22GetMinimaxDepthPlayer1Ev
FNDA:0,_ZNK13Game1v1Config22GetMinimaxDepthPlayer2Ev
FNDA:0,_ZNK13Game1v1Config16GetPlayer1ColourERhS0_S0_
FNDA:0,_ZNK13Game1v1Config16GetPlayer2ColourERhS0_S0_
FNDA:0,_ZNK13Game1v1Config23GetPlayer1StartingCoordEv
FNDA:0,_ZNK13Game1v1Config23GetPlayer2StartingCoordEv
FNDA:0,_ZN13Game1v1Config23SetHeuristicTypePlayer1EN9Heuristic16eHeuristicType_tE
FNDA:0,_ZN13Game1v1Config23SetHeuristicTypePlayer2EN9Heuristic16eHeuristicType_tE
FNDA:0,_ZN13Game1v1Config14SetPlayer1TypeENS_13ePlayerType_tE
FNDA:0,_ZN13Game1v1Config14SetPlayer2TypeENS_13ePlayerType_tE
FNDA:0,_ZN13Game1v1Config22SetMinimaxDepthPlayer1Ei
FNDA:0,_ZN13Game1v1Config22SetMinimaxDepthPlayer2Ei
FNDA:0,_ZN13Game1v1Config23SetPlayer1StartingCoordERK10Coordinate
FNDA:0,_ZN13Game1v1Config23SetPlayer2StartingCoordERK10Coordinate
FNDA:17,_Z41__static_initialization_and_destruction_0ii
FNDA:17,_GLOBAL__I__ZN13Game1v1ConfigC2Ev
FNF:25
FNH:2
DA:43,17
DA:44,17
DA:46,0
DA:61,0
DA:63,0
DA:65,0
DA:67,0
DA:69,0
DA:71,0
DA:74,0
DA:76,0
DA:79,0
DA:81,0
DA:84,0
DA:86,0
DA:89,0
DA:91,0
DA:94,0
DA:96,0
DA:99,0
DA:101,0
DA:102,0
DA:103,0
DA:104,0
DA:106,0
DA:108,0
DA:109,0
DA:110,0
DA:111,0
DA:113,0
DA:115,0
DA:118,0
DA:120,0
DA:123,0
DA:126,0
DA:127,0
DA:130,0
DA:131,0
DA:133,0
DA:136,0
DA:137,0
DA:140,0
DA:141,0
DA:143,0
DA:145,0
DA:146,0
DA:148,0
DA:150,0
DA:151,0
DA:153,0
DA:155,0
DA:157,0
DA:161,0
DA:163,0
DA:165,0
DA:167,0
DA:169,0
DA:173,0
DA:175,0
DA:177,0
DA:179,0
DA:180,0
DA:182,0
DA:184,0
DA:185,51
BA:67,0
BA:67,0
BA:67,0
BA:67,0
BA:67,0
BA:67,0
BA:126,0
BA:126,0
BA:127,0
BA:127,0
BA:136,0
BA:136,0
BA:137,0
BA:137,0
BA:155,0
BA:155,0
BA:167,0
BA:167,0
BA:185,2
BA:185,1
BA:185,2
BA:185,1
LF:65
LH:3
end_of_record
SF:/home/frechilla/workspace/headless/blockem_sourceforge/src/singleton.h
FN:62,_ZN9SingletonI13Game1v1ConfigEC2Ev
FN:63,_ZN9SingletonI13Game1v1ConfigED2Ev
FN:63,_ZN9SingletonI13Game1v1ConfigED0Ev
FN:63,_ZN9SingletonI13Game1v1ConfigED1Ev
FNDA:0,_ZN9SingletonI13Game1v1ConfigEC2Ev
FNDA:0,_ZN9SingletonI13Game1v1ConfigED2Ev
FNDA:0,_ZN9SingletonI13Game1v1ConfigED0Ev
FNDA:0,_ZN9SingletonI13Game1v1ConfigED1Ev
FNF:4
FNH:0
DA:62,0
DA:63,0
BA:63,0
BA:63,0
BA:63,0
BA:63,0
BA:63,0
BA:63,0
LF:2
LH:0
end_of_record
TN:
SF:/usr/include/c++/4.4/bits/allocator.h
FN:101,_ZNSaIcEC1Ev
FN:109,_ZNSaIcED1Ev
FN:103,_ZNSaIcEC1ERKS_
FN:109,_ZNSaIcED2Ev
FNDA:0,_ZNSaIcEC1Ev
FNDA:0,_ZNSaIcEC1ERKS_
FNDA:0,_ZNSaIcED1Ev
FNDA:0,_ZNSaIcED2Ev
FNF:4
FNH:0
DA:101,0
DA:103,0
DA:104,0
DA:109,0
LF:4
LH:0
end_of_record
SF:/usr/include/c++/4.4/bits/basic_string.h
FN:272,_ZNKSs7_M_dataEv
FN:280,_ZNKSs6_M_repEv
FN:1615,_ZNKSs5c_strEv
FN:173,_ZNSs4_Rep12_S_empty_repEv
FN:1632,_ZNKSs13get_allocatorEv
FN:253,_ZNSs12_Alloc_hiderD1Ev
FN:224,_ZNSs4_Rep10_M_disposeERKSaIcE
FN:497,_ZNSsD1Ev
FN:2164,_ZStplIcSt11char_traitsIcESaIcEESbIT_T0_T1_ERKS6_S8_
FNDA:0,_ZNSs4_Rep12_S_empty_repEv
FNDA:0,_ZNSs4_Rep10_M_disposeERKSaIcE
FNDA:0,_ZNSs12_Alloc_hiderD1Ev
FNDA:0,_ZNKSs7_M_dataEv
FNDA:0,_ZNKSs6_M_repEv
FNDA:0,_ZNSsD1Ev
FNDA:0,_ZNKSs5c_strEv
FNDA:0,_ZNKSs13get_allocatorEv
FNDA:0,_ZStplIcSt11char_traitsIcESaIcEESbIT_T0_T1_ERKS6_S8_
FNF:9
FNH:0
DA:173,0
DA:178,0
DA:179,0
DA:224,0
DA:227,0
DA:229,0
DA:231,0
DA:232,0
DA:253,0
DA:272,0
DA:273,0
DA:280,0
DA:281,0
DA:497,0
DA:498,0
DA:1615,0
DA:1616,0
DA:1632,0
DA:1633,0
DA:2164,0
DA:2167,0
DA:2168,0
DA:2169,0
BA:227,0
BA:227,0
BA:229,0
BA:229,0
LF:23
LH:0
end_of_record
SF:/usr/include/c++/4.4/ext/atomicity.h
FN:62,_ZN9__gnu_cxxL25__exchange_and_add_singleEPii
FN:45,_ZN9__gnu_cxxL18__exchange_and_addEPVii
FN:75,_ZN9__gnu_cxxL27__exchange_and_add_dispatchEPii
FNDA:0,_ZN9__gnu_cxxL18__exchange_and_addEPVii
FNDA:0,_ZN9__gnu_cxxL25__exchange_and_add_singleEPii
FNDA:0,_ZN9__gnu_cxxL27__exchange_and_add_dispatchEPii
FNF:3
FNH:0
DA:45,0
DA:46,0
DA:62,0
DA:64,0
DA:65,0
DA:66,0
DA:75,0
DA:78,0
DA:79,0
DA:81,0
BA:78,0
BA:78,0
LF:10
LH:0
end_of_record
SF:/usr/include/c++/4.4/ext/new_allocator.h
FN:66,_ZN9__gnu_cxx13new_allocatorIcEC2Ev
FN:73,_ZN9__gnu_cxx13new_allocatorIcED2Ev
FN:68,_ZN9__gnu_cxx13new_allocatorIcEC2ERKS1_
FNDA:0,_ZN9__gnu_cxx13new_allocatorIcEC2Ev
FNDA:0,_ZN9__gnu_cxx13new_allocatorIcEC2ERKS1_
FNDA:0,_ZN9__gnu_cxx13new_allocatorIcED2Ev
FNF:3
FNH:0
DA:66,0
DA:68,0
DA:73,0
LF:3
LH:0
end_of_record
SF:/usr/include/c++/4.4/i486-linux-gnu/bits/gthr-default.h
FN:238,_ZL18__gthread_active_pv
FNDA:0,_ZL18__gthread_active_pv
FNF:1
FNH:0
DA:238,0
DA:242,0
LF:2
LH:0
end_of_record
SF:/usr/include/glibmm-2.4/glibmm/refptr.h
FN:194,_ZN4Glib6RefPtrIN3Gtk7BuilderEEC1ERKS3_
FN:181,_ZN4Glib6RefPtrIN3Gtk7BuilderEED1Ev
FN:175,_ZN4Glib6RefPtrIN3Gtk10TextBufferEEC1Ev
FN:181,_ZN4Glib6RefPtrIN3Gtk10TextBufferEED1Ev
FN:169,_ZNK4Glib6RefPtrIN3Gtk7BuilderEEptEv
FN:169,_ZNK4Glib6RefPtrIN3Gtk10TextBufferEEptEv
FN:194,_ZN4Glib6RefPtrIN3Gtk10TextBufferEEC1ERKS3_
FN:220,_ZN4Glib6RefPtrIN3Gtk10TextBufferEE4swapERS3_
FN:228,_ZN4Glib6RefPtrIN3Gtk10TextBufferEEaSERKS3_
FNDA:0,_ZNK4Glib6RefPtrIN3Gtk7BuilderEEptEv
FNDA:0,_ZNK4Glib6RefPtrIN3Gtk10TextBufferEEptEv
FNDA:0,_ZN4Glib6RefPtrIN3Gtk10TextBufferEEC1Ev
FNDA:0,_ZN4Glib6RefPtrIN3Gtk7BuilderEED1Ev
FNDA:0,_ZN4Glib6RefPtrIN3Gtk10TextBufferEED1Ev
FNDA:0,_ZN4Glib6RefPtrIN3Gtk7BuilderEEC1ERKS3_
FNDA:0,_ZN4Glib6RefPtrIN3Gtk10TextBufferEEC1ERKS3_
FNDA:0,_ZN4Glib6RefPtrIN3Gtk10TextBufferEE4swapERS3_
FNDA:0,_ZN4Glib6RefPtrIN3Gtk10TextBufferEEaSERKS3_
FNF:9
FNH:0
DA:169,0
DA:171,0
DA:175,0
DA:177,0
DA:178,0
DA:181,0
DA:183,0
DA:184,0
DA:185,0
DA:194,0
DA:196,0
DA:198,0
DA:199,0
DA:200,0
DA:220,0
DA:222,0
DA:223,0
DA:224,0
DA:225,0
DA:228,0
DA:254,0
DA:255,0
DA:256,0
BA:183,0
BA:183,0
BA:183,0
BA:183,0
BA:198,0
BA:198,0
BA:198,0
BA:198,0
LF:23
LH:0
end_of_record
SF:/usr/include/glibmm-2.4/glibmm/signalproxy.h
FN:145,_ZN4Glib12SignalProxy0IvE7connectERKN4sigc4slotIvNS2_3nilES4_S4_S4_S4_S4_S4_EEb
FN:131,_ZN4Glib12SignalProxy0IvED1Ev
FNDA:0,_ZN4Glib12SignalProxy0IvED1Ev
FNDA:0,_ZN4Glib12SignalProxy0IvE7connectERKN4sigc4slotIvNS2_3nilES4_S4_S4_S4_S4_S4_EEb
FNF:2
FNH:0
DA:131,0
DA:145,0
DA:146,0
LF:3
LH:0
end_of_record
SF:/usr/include/gtkmm-2.4/gtkmm/builder.h
FN:489,_ZN3Gtk7Builder10get_widgetINS_5FrameEEEvRKN4Glib7ustringERPT_
FN:489,_ZN3Gtk7Builder10get_widgetINS_5TableEEEvRKN4Glib7ustringERPT_
FN:489,_ZN3Gtk7Builder10get_widgetINS_10SpinButtonEEEvRKN4Glib7ustringERPT_
FN:489,_ZN3Gtk7Builder10get_widgetINS_8TextViewEEEvRKN4Glib7ustringERPT_
FNDA:0,_ZN3Gtk7Builder10get_widgetINS_5FrameEEEvRKN4Glib7ustringERPT_
FNDA:0,_ZN3Gtk7Builder10get_widgetINS_5TableEEEvRKN4Glib7ustringERPT_
FNDA:0,_ZN3Gtk7Builder10get_widgetINS_10SpinButtonEEEvRKN4Glib7ustringERPT_
FNDA:0,_ZN3Gtk7Builder10get_widgetINS_8TextViewEEEvRKN4Glib7ustringERPT_
FNF:4
FNH:0
DA:489,0
DA:492,0
DA:495,0
DA:497,0
DA:498,0
DA:499,0
BA:495,0
BA:495,0
BA:495,0
BA:495,0
BA:495,0
BA:495,0
BA:495,0
BA:495,0
BA:497,0
BA:497,0
BA:497,0
BA:497,0
BA:497,0
BA:497,0
BA:497,0
BA:497,0
LF:6
LH:0
end_of_record
SF:/usr/include/gtkmm-2.4/gtkmm/comboboxtext.h
FN:101,_ZN3Gtk12ComboBoxText16TextModelColumnsD1Ev
FN:44,_ZN3Gtk12ComboBoxTextD1Ev
FN:44,_ZN3Gtk12ComboBoxTextD0Ev
FN:101,_ZN3Gtk12ComboBoxText16TextModelColumnsD0Ev
FNDA:0,_ZN3Gtk12ComboBoxTextD1Ev
FNDA:0,_ZN3Gtk12ComboBoxTextD0Ev
FNDA:0,_ZN3Gtk12ComboBoxText16TextModelColumnsD1Ev
FNDA:0,_ZN3Gtk12ComboBoxText16TextModelColumnsD0Ev
FNF:4
FNH:0
DA:44,0
DA:101,0
BA:44,0
BA:44,0
BA:44,0
BA:44,0
BA:44,0
BA:44,0
BA:44,0
BA:44,0
BA:44,0
BA:44,0
BA:44,0
BA:44,0
BA:44,0
BA:44,0
BA:44,0
BA:44,0
BA:44,0
BA:44,0
BA:44,0
BA:44,0
BA:101,0
BA:101,0
BA:101,0
BA:101,0
LF:2
LH:0
end_of_record
SF:/usr/include/gtkmm-2.4/gtkmm/enums.h
FN:221,_ZN3GtkorENS_13AttachOptionsES0_
FNDA:0,_ZN3GtkorENS_13AttachOptionsES0_
FNF:1
FNH:0
DA:221,0
DA:222,0
LF:2
LH:0
end_of_record
SF:/usr/include/gtkmm-2.4/gtkmm/papersize.h
DA:37,17
DA:38,17
DA:39,17
DA:40,17
DA:41,17
DA:42,17
DA:43,17
LF:7
LH:7
end_of_record
SF:/usr/include/sigc++-2.0/sigc++/adaptors/adaptor_trait.h
FN:60,_ZN4sigc15adaptor_functorINS_18bound_mem_functor0Iv12ConfigDialogEEED1Ev
FN:231,_ZN4sigc15adaptor_functorINS_18bound_mem_functor0Iv12ConfigDialogEEEC1ERKS3_
FN:250,_ZNK4sigc15adaptor_functorINS_18bound_mem_functor0Iv12ConfigDialogEEEclEv
FN:262,_ZN4sigc10visit_eachINS_8internal20limit_derived_targetIPNS_9trackableENS1_12slot_do_bindEEENS_18bound_mem_functor0Iv12ConfigDialogEEEEvRKT_RKNS_15adaptor_functorIT0_EE
FN:262,_ZN4sigc10visit_eachINS_8internal20limit_derived_targetIPNS_9trackableENS1_14slot_do_unbindEEENS_18bound_mem_functor0Iv12ConfigDialogEEEEvRKT_RKNS_15adaptor_functorIT0_EE
FNDA:0,_ZN4sigc15adaptor_functorINS_18bound_mem_functor0Iv12ConfigDialogEEED1Ev
FNDA:0,_ZN4sigc15adaptor_functorINS_18bound_mem_functor0Iv12ConfigDialogEEEC1ERKS3_
FNDA:0,_ZNK4sigc15adaptor_functorINS_18bound_mem_functor0Iv12ConfigDialogEEEclEv
FNDA:0,_ZN4sigc10visit_eachINS_8internal20limit_derived_targetIPNS_9trackableENS1_12slot_do_bindEEENS_18bound_mem_functor0Iv12ConfigDialogEEEEvRKT_RKNS_15adaptor_functorIT0_EE
FNDA:0,_ZN4sigc10visit_eachINS_8internal20limit_derived_targetIPNS_9trackableENS1_14slot_do_unbindEEENS_18bound_mem_functor0Iv12ConfigDialogEEEEvRKT_RKNS_15adaptor_functorIT0_EE
FNF:5
FNH:0
DA:60,0
DA:231,0
DA:232,0
DA:233,0
DA:250,0
DA:251,0
DA:262,0
DA:267,0
DA:268,0
LF:9
LH:0
end_of_record
SF:/usr/include/sigc++-2.0/sigc++/adaptors/deduce_result_type.h
FN:28,_ZN4sigc12adaptor_baseC2Ev
FNDA:0,_ZN4sigc12adaptor_baseC2Ev
FNF:1
FNH:0
DA:28,0
LF:1
LH:0
end_of_record
SF:/usr/include/sigc++-2.0/sigc++/functors/functor_trait.h
FN:64,_ZN4sigc12functor_baseC2Ev
FNDA:0,_ZN4sigc12functor_baseC2Ev
FNF:1
FNH:0
DA:64,0
LF:1
LH:0
end_of_record
SF:/usr/include/sigc++-2.0/sigc++/functors/mem_fun.h
FN:89,_ZN4sigc12mem_functor0Iv12ConfigDialogEC2EMS1_FvvE
FN:1778,_ZN4sigc18bound_mem_functor0Iv12ConfigDialogEC1ERS1_MS1_FvvE
FN:5452,_ZN4sigc7mem_funIv12ConfigDialogS1_EENS_18bound_mem_functor0IT_T0_EERS4_MT1_FS3_vE
FN:1786,_ZNK4sigc18bound_mem_functor0Iv12ConfigDialogEclEv
FN:1803,_ZN4sigc10visit_eachINS_8internal20limit_derived_targetIPNS_9trackableENS1_12slot_do_bindEEEv12ConfigDialogEEvRKT_RKNS_18bound_mem_functor0IT0_T1_EE
FN:1803,_ZN4sigc10visit_eachINS_8internal20limit_derived_targetIPNS_9trackableENS1_14slot_do_unbindEEEv12ConfigDialogEEvRKT_RKNS_18bound_mem_functor0IT0_T1_EE
FNDA:0,_ZN4sigc12mem_functor0Iv12ConfigDialogEC2EMS1_FvvE
FNDA:0,_ZN4sigc18bound_mem_functor0Iv12ConfigDialogEC1ERS1_MS1_FvvE
FNDA:0,_ZNK4sigc18bound_mem_functor0Iv12ConfigDialogEclEv
FNDA:0,_ZN4sigc10visit_eachINS_8internal20limit_derived_targetIPNS_9trackableENS1_12slot_do_bindEEEv12ConfigDialogEEvRKT_RKNS_18bound_mem_functor0IT0_T1_EE
FNDA:0,_ZN4sigc10visit_eachINS_8internal20limit_derived_targetIPNS_9trackableENS1_14slot_do_unbindEEEv12ConfigDialogEEvRKT_RKNS_18bound_mem_functor0IT0_T1_EE
FNDA:0,_ZN4sigc7mem_funIv12ConfigDialogS1_EENS_18bound_mem_functor0IT_T0_EERS4_MT1_FS3_vE
FNF:6
FNH:0
DA:89,0
DA:1778,0
DA:1780,0
DA:1781,0
DA:1786,0
DA:1787,0
DA:1803,0
DA:1806,0
DA:1807,0
DA:5452,0
DA:5453,0
BA:1787,0
BA:1787,0
LF:11
LH:0
end_of_record
SF:/usr/include/sigc++-2.0/sigc++/functors/slot.h
FN:109,_ZN4sigc8internal10slot_call0INS_18bound_mem_functor0Iv12ConfigDialogEEvE7addressEv
FN:99,_ZN4sigc8internal10slot_call0INS_18bound_mem_functor0Iv12ConfigDialogEEvE7call_itEPNS0_8slot_repE
FN:422,_ZN4sigc5slot0IvED2Ev
FN:1091,_ZN4sigc4slotIvNS_3nilES1_S1_S1_S1_S1_S1_ED1Ev
FN:37,_ZN4sigc8internal14typed_slot_repINS_18bound_mem_functor0Iv12ConfigDialogEEEC1ERKS4_
FN:450,_ZN4sigc5slot0IvEC2INS_18bound_mem_functor0Iv12ConfigDialogEEEERKT_
FN:1129,_ZN4sigc4slotIvNS_3nilES1_S1_S1_S1_S1_S1_EC1INS_18bound_mem_functor0Iv12ConfigDialogEEEERKT_
FN:41,_ZN4sigc8internal14typed_slot_repINS_18bound_mem_functor0Iv12ConfigDialogEEEC1ERKS5_
FN:74,_ZN4sigc8internal14typed_slot_repINS_18bound_mem_functor0Iv12ConfigDialogEEE3dupEPv
FN:55,_ZN4sigc8internal14typed_slot_repINS_18bound_mem_functor0Iv12ConfigDialogEEE7destroyEPv
FNDA:0,_ZN4sigc8internal14typed_slot_repINS_18bound_mem_functor0Iv12ConfigDialogEEEC1ERKS4_
FNDA:0,_ZN4sigc8internal14typed_slot_repINS_18bound_mem_functor0Iv12ConfigDialogEEEC1ERKS5_
FNDA:0,_ZN4sigc8internal14typed_slot_repINS_18bound_mem_functor0Iv12ConfigDialogEEE7destroyEPv
FNDA:0,_ZN4sigc8internal14typed_slot_repINS_18bound_mem_functor0Iv12ConfigDialogEEE3dupEPv
FNDA:0,_ZN4sigc8internal10slot_call0INS_18bound_mem_functor0Iv12ConfigDialogEEvE7call_itEPNS0_8slot_repE
FNDA:0,_ZN4sigc8internal10slot_call0INS_18bound_mem_functor0Iv12ConfigDialogEEvE7addressEv
FNDA:0,_ZN4sigc5slot0IvED2Ev
FNDA:0,_ZN4sigc5slot0IvEC2INS_18bound_mem_functor0Iv12ConfigDialogEEEERKT_
FNDA:0,_ZN4sigc4slotIvNS_3nilES1_S1_S1_S1_S1_S1_ED1Ev
FNDA:0,_ZN4sigc4slotIvNS_3nilES1_S1_S1_S1_S1_S1_EC1INS_18bound_mem_functor0Iv12ConfigDialogEEEERKT_
FNF:10
FNH:0
DA:37,0
DA:38,0
DA:39,0
DA:41,0
DA:42,0
DA:43,0
DA:55,0
DA:57,0
DA:58,0
DA:59,0
DA:60,0
DA:61,0
DA:66,0
DA:74,0
DA:76,0
DA:77,0
DA:99,0
DA:102,0
DA:103,0
DA:109,0
DA:110,0
DA:422,0
DA:450,0
DA:451,0
DA:454,0
DA:455,0
DA:1091,0
DA:1129,0
DA:1130,0
LF:29
LH:0
end_of_record
SF:/usr/include/sigc++-2.0/sigc++/functors/slot_base.h
FN:97,_ZN4sigc8internal8slot_rep7destroyEv
FN:142,_ZN4sigc8internal12slot_do_bindC1EPNS0_8slot_repE
FN:160,_ZN4sigc8internal14slot_do_unbindC1EPNS0_8slot_repE
FN:86,_ZN4sigc8internal8slot_repD2Ev
FN:83,_ZN4sigc8internal8slot_repC2EPFPvS2_ES4_S4_
FN:147,_ZNK4sigc8internal12slot_do_bindclEPKNS_9trackableE
FN:165,_ZNK4sigc8internal14slot_do_unbindclEPKNS_9trackableE
FNDA:0,_ZN4sigc8internal8slot_repC2EPFPvS2_ES4_S4_
FNDA:0,_ZN4sigc8internal8slot_repD2Ev
FNDA:0,_ZN4sigc8internal8slot_rep7destroyEv
FNDA:0,_ZN4sigc8internal12slot_do_bindC1EPNS0_8slot_repE
FNDA:0,_ZNK4sigc8internal12slot_do_bindclEPKNS_9trackableE
FNDA:0,_ZN4sigc8internal14slot_do_unbindC1EPNS0_8slot_repE
FNDA:0,_ZNK4sigc8internal14slot_do_unbindclEPKNS_9trackableE
FNF:7
FNH:0
DA:83,0
DA:84,0
DA:86,0
DA:87,0
DA:97,0
DA:98,0
DA:142,0
DA:147,0
DA:148,0
DA:160,0
DA:165,0
DA:166,0
BA:98,0
BA:98,0
LF:12
LH:0
end_of_record
SF:/usr/include/sigc++-2.0/sigc++/limit_reference.h
FN:79,_ZN4sigc15limit_referenceI12ConfigDialogLb1EEC1ERS1_
FN:95,_ZNK4sigc15limit_referenceI12ConfigDialogLb1EE6invokeEv
FN:88,_ZNK4sigc15limit_referenceI12ConfigDialogLb1EE5visitEv
FN:118,_ZN4sigc10visit_eachINS_8internal20limit_derived_targetIPNS_9trackableENS1_12slot_do_bindEEE12ConfigDialogLb1EEEvRKT_RKNS_15limit_referenceIT0_XT1_EEE
FN:118,_ZN4sigc10visit_eachINS_8internal20limit_derived_targetIPNS_9trackableENS1_14slot_do_unbindEEE12ConfigDialogLb1EEEvRKT_RKNS_15limit_referenceIT0_XT1_EEE
FNDA:0,_ZN4sigc15limit_referenceI12ConfigDialogLb1EEC1ERS1_
FNDA:0,_ZNK4sigc15limit_referenceI12ConfigDialogLb1EE5visitEv
FNDA:0,_ZNK4sigc15limit_referenceI12ConfigDialogLb1EE6invokeEv
FNDA:0,_ZN4sigc10visit_eachINS_8internal20limit_derived_targetIPNS_9trackableENS1_12slot_do_bindEEE12ConfigDialogLb1EEEvRKT_RKNS_15limit_referenceIT0_XT1_EEE
FNDA:0,_ZN4sigc10visit_eachINS_8internal20limit_derived_targetIPNS_9trackableENS1_14slot_do_unbindEEE12ConfigDialogLb1EEEvRKT_RKNS_15limit_referenceIT0_XT1_EEE
FNF:5
FNH:0
DA:79,0
DA:81,0
DA:82,0
DA:88,0
DA:89,0
DA:95,0
DA:96,0
DA:118,0
DA:121,0
DA:122,0
LF:10
LH:0
end_of_record
SF:/usr/include/sigc++-2.0/sigc++/visit_each.h
FN:103,_ZN4sigc8internal20limit_derived_targetIPNS_9trackableENS0_12slot_do_bindEEC1ERKS4_
FN:103,_ZN4sigc8internal20limit_derived_targetIPNS_9trackableENS0_14slot_do_unbindEEC1ERKS4_
FN:87,_ZN4sigc8internal17with_type_pointerILb1ENS_9trackableENS0_20limit_derived_targetIPS2_NS0_12slot_do_bindEEEE8execute_ERKS2_RKS6_
FN:98,_ZNK4sigc8internal20limit_derived_targetIPNS_9trackableENS0_12slot_do_bindEEclIS2_EEvRKT_
FN:143,_ZN4sigc10visit_eachINS_8internal20limit_derived_targetIPNS_9trackableENS1_12slot_do_bindEEES3_EEvRKT_RKT0_
FN:152,_ZN4sigc15visit_each_typeIPNS_9trackableENS_8internal12slot_do_bindENS_15adaptor_functorINS_18bound_mem_functor0Iv12ConfigDialogEEEEEEvRKT0_RKT1_
FN:87,_ZN4sigc8internal17with_type_pointerILb1ENS_9trackableENS0_20limit_derived_targetIPS2_NS0_14slot_do_unbindEEEE8execute_ERKS2_RKS6_
FN:98,_ZNK4sigc8internal20limit_derived_targetIPNS_9trackableENS0_14slot_do_unbindEEclIS2_EEvRKT_
FN:143,_ZN4sigc10visit_eachINS_8internal20limit_derived_targetIPNS_9trackableENS1_14slot_do_unbindEEES3_EEvRKT_RKT0_
FN:152,_ZN4sigc15visit_each_typeIPNS_9trackableENS_8internal14slot_do_unbindENS_15adaptor_functorINS_18bound_mem_functor0Iv12ConfigDialogEEEEEEvRKT0_RKT1_
FNDA:0,_ZN4sigc8internal17with_type_pointerILb1ENS_9trackableENS0_20limit_derived_targetIPS2_NS0_12slot_do_bindEEEE8execute_ERKS2_RKS6_
FNDA:0,_ZN4sigc8internal17with_type_pointerILb1ENS_9trackableENS0_20limit_derived_targetIPS2_NS0_14slot_do_unbindEEEE8execute_ERKS2_RKS6_
FNDA:0,_ZNK4sigc8internal20limit_derived_targetIPNS_9trackableENS0_12slot_do_bindEEclIS2_EEvRKT_
FNDA:0,_ZNK4sigc8internal20limit_derived_targetIPNS_9trackableENS0_14slot_do_unbindEEclIS2_EEvRKT_
FNDA:0,_ZN4sigc8internal20limit_derived_targetIPNS_9trackableENS0_12slot_do_bindEEC1ERKS4_
FNDA:0,_ZN4sigc8internal20limit_derived_targetIPNS_9trackableENS0_14slot_do_unbindEEC1ERKS4_
FNDA:0,_ZN4sigc10visit_eachINS_8internal20limit_derived_targetIPNS_9trackableENS1_12slot_do_bindEEES3_EEvRKT_RKT0_
FNDA:0,_ZN4sigc10visit_eachINS_8internal20limit_derived_targetIPNS_9trackableENS1_14slot_do_unbindEEES3_EEvRKT_RKT0_
FNDA:0,_ZN4sigc15visit_each_typeIPNS_9trackableENS_8internal12slot_do_bindENS_15adaptor_functorINS_18bound_mem_functor0Iv12ConfigDialogEEEEEEvRKT0_RKT1_
FNDA:0,_ZN4sigc15visit_each_typeIPNS_9trackableENS_8internal14slot_do_unbindENS_15adaptor_functorINS_18bound_mem_functor0Iv12ConfigDialogEEEEEEvRKT0_RKT1_
FNF:10
FNH:0
DA:87,0
DA:88,0
DA:98,0
DA:100,0
DA:101,0
DA:103,0
DA:104,0
DA:105,0
DA:143,0
DA:144,0
DA:152,0
DA:156,0
DA:170,0
DA:171,0
LF:14
LH:0
end_of_record
SF:/home/frechilla/workspace/headless/blockem_sourceforge/src/coordinate.h
FN:49,_ZN10CoordinateC1Ev
FN:53,_ZN10CoordinateC1Eii
FN:47,_ZN10CoordinateaSERKS_
FN:57,_ZN10CoordinateD0Ev
FN:57,_ZN10CoordinateD1Ev
FNDA:0,_ZN10CoordinateaSERKS_
FNDA:0,_ZN10CoordinateC1Ev
FNDA:0,_ZN10CoordinateC1Eii
FNDA:0,_ZN10CoordinateD0Ev
FNDA:0,_ZN10CoordinateD1Ev
FNF:5
FNH:0
DA:47,0
DA:49,0
DA:51,0
DA:52,0
DA:53,0
DA:55,0
DA:56,0
DA:57,0
DA:58,0
BA:58,0
BA:58,0
BA:58,0
BA:58,0
LF:9
LH:0
end_of_record
SF:/home/frechilla/workspace/headless/blockem_sourceforge/src/game1v1.h
DA:53,17
DA:56,17
LF:2
LH:2
end_of_record
SF:/home/frechilla/workspace/headless/blockem_sourceforge/src/gui_config_dialog.cpp
FN:604,_Z41__static_initialization_and_destruction_0ii
FN:604,_GLOBAL__I__ZN12ConfigDialogC2EP10_GtkDialogRKN4Glib6RefPtrIN3Gtk7BuilderEEE
FN:517,_ZN12ConfigDialog3runEv
FN:496,_ZNK12ConfigDialog19GetPlayer2HeuristicEv
FN:475,_ZNK12ConfigDialog19GetPlayer1HeuristicEv
FN:470,_ZNK12ConfigDialog25GetPlayer2SearchTreeDepthEv
FN:465,_ZNK12ConfigDialog25GetPlayer1SearchTreeDepthEv
FN:457,_ZNK12ConfigDialog23GetPlayer2StartingCoordER10Coordinate
FN:449,_ZNK12ConfigDialog23GetPlayer1StartingCoordER10Coordinate
FN:444,_ZNK12ConfigDialog21IsPlayer2TypeComputerEv
FN:439,_ZNK12ConfigDialog21IsPlayer1TypeComputerEv
FN:566,_ZNK12ConfigDialog35SaveCurrentConfigIntoGlobalSettingsEv
FN:406,_ZN12ConfigDialog35ComboHeuristicPlayer2_signalChangedEv
FN:373,_ZN12ConfigDialog35ComboHeuristicPlayer1_signalChangedEv
FN:361,_ZN12ConfigDialog30ComboPlayer2Type_signalChangedEv
FN:349,_ZN12ConfigDialog30ComboPlayer1Type_signalChangedEv
FN:307,_ZN12ConfigDialog32SetStartingCoordEditionSensitiveEb
FN:332,_ZN12ConfigDialog41SpinButtonDepthPlayer2_SignalValueChangedEv
FN:315,_ZN12ConfigDialog41SpinButtonDepthPlayer1_SignalValueChangedEv
FN:291,_ZN12ConfigDialog15on_expose_eventEP15_GdkEventExpose
FN:287,_ZN12ConfigDialogD0Ev
FN:287,_ZN12ConfigDialogD1Ev
FN:287,_ZN12ConfigDialogD2Ev
FN:47,_ZN12ConfigDialogC1EP10_GtkDialogRKN4Glib6RefPtrIN3Gtk7BuilderEEE
FN:47,_ZN12ConfigDialogC2EP10_GtkDialogRKN4Glib6RefPtrIN3Gtk7BuilderEEE
FNDA:0,_ZN12ConfigDialogC1EP10_GtkDialogRKN4Glib6RefPtrIN3Gtk7BuilderEEE
FNDA:0,_ZN12ConfigDialogC2EP10_GtkDialogRKN4Glib6RefPtrIN3Gtk7BuilderEEE
FNDA:0,_ZN12ConfigDialogD0Ev
FNDA:0,_ZN12ConfigDialogD1Ev
FNDA:0,_ZN12ConfigDialogD2Ev
FNDA:0,_ZN12ConfigDialog15on_expose_eventEP15_GdkEventExpose
FNDA:0,_ZN12ConfigDialog32SetStartingCoordEditionSensitiveEb
FNDA:0,_ZN12ConfigDialog41SpinButtonDepthPlayer1_SignalValueChangedEv
FNDA:0,_ZN12ConfigDialog41SpinButtonDepthPlayer2_SignalValueChangedEv
FNDA:0,_ZN12ConfigDialog30ComboPlayer1Type_signalChangedEv
FNDA:0,_ZN12ConfigDialog30ComboPlayer2Type_signalChangedEv
FNDA:0,_ZN12ConfigDialog35ComboHeuristicPlayer1_signalChangedEv
FNDA:0,_ZN12ConfigDialog35ComboHeuristicPlayer2_signalChangedEv
FNDA:0,_ZNK12ConfigDialog21IsPlayer1TypeComputerEv
FNDA:0,_ZNK12ConfigDialog21IsPlayer2TypeComputerEv
FNDA:0,_ZNK12ConfigDialog23GetPlayer1StartingCoordER10Coordinate
FNDA:0,_ZNK12ConfigDialog23GetPlayer2StartingCoordER10Coordinate
FNDA:0,_ZNK12ConfigDialog25GetPlayer1SearchTreeDepthEv
FNDA:0,_ZNK12ConfigDialog25GetPlayer2SearchTreeDepthEv
FNDA:0,_ZNK12ConfigDialog19GetPlayer1HeuristicEv
FNDA:0,_ZNK12ConfigDialog19GetPlayer2HeuristicEv
FNDA:0,_ZN12ConfigDialog3runEv
FNDA:0,_ZNK12ConfigDialog35SaveCurrentConfigIntoGlobalSettingsEv
FNDA:17,_Z41__static_initialization_and_destruction_0ii
FNDA:17,_GLOBAL__I__ZN12ConfigDialogC2EP10_GtkDialogRKN4Glib6RefPtrIN3Gtk7BuilderEEE
FNF:25
FNH:2
DA:47,0
DA:67,0
DA:77,0
DA:78,0
DA:82,0
DA:83,0
DA:85,0
DA:88,0
DA:89,0
DA:91,0
DA:94,0
DA:95,0
DA:97,0
DA:100,0
DA:101,0
DA:103,0
DA:106,0
DA:107,0
DA:109,0
DA:112,0
DA:113,0
DA:115,0
DA:118,0
DA:119,0
DA:121,0
DA:124,0
DA:125,0
DA:127,0
DA:130,0
DA:131,0
DA:133,0
DA:136,0
DA:137,0
DA:139,0
DA:142,0
DA:143,0
DA:145,0
DA:148,0
DA:149,0
DA:151,0
DA:154,0
DA:155,0
DA:157,0
DA:160,0
DA:161,0
DA:163,0
DA:167,0
DA:168,0
DA:169,0
DA:170,0
DA:173,0
DA:174,0
DA:178,0
DA:179,0
DA:180,0
DA:182,0
DA:183,0
DA:184,0
DA:186,0
DA:191,0
DA:193,0
DA:194,0
DA:197,0
DA:198,0
DA:202,0
DA:203,0
DA:204,0
DA:207,0
DA:208,0
DA:209,0
DA:231,0
DA:232,0
DA:243,0
DA:244,0
DA:256,0
DA:257,0
DA:268,0
DA:269,0
DA:273,0
DA:275,0
DA:277,0
DA:279,0
DA:282,0
DA:284,0
DA:285,0
DA:287,0
DA:289,0
DA:291,0
DA:297,0
DA:299,0
DA:300,0
DA:301,0
DA:304,0
DA:307,0
DA:309,0
DA:310,0
DA:311,0
DA:312,0
DA:313,0
DA:315,0
DA:317,0
DA:319,0
DA:321,0
DA:324,0
DA:326,0
DA:328,0
DA:330,0
DA:332,0
DA:334,0
DA:336,0
DA:338,0
DA:341,0
DA:343,0
DA:345,0
DA:347,0
DA:349,0
DA:351,0
DA:353,0
DA:357,0
DA:359,0
DA:361,0
DA:363,0
DA:365,0
DA:369,0
DA:371,0
DA:373,0
DA:376,0
DA:379,0
DA:387,0
DA:389,0
DA:391,0
DA:392,0
DA:396,0
DA:398,0
DA:399,0
DA:401,0
DA:404,0
DA:406,0
DA:409,0
DA:412,0
DA:421,0
DA:423,0
DA:425,0
DA:426,0
DA:430,0
DA:432,0
DA:433,0
DA:435,0
DA:437,0
DA:439,0
DA:441,0
DA:444,0
DA:446,0
DA:449,0
DA:454,0
DA:455,0
DA:457,0
DA:462,0
DA:463,0
DA:465,0
DA:467,0
DA:470,0
DA:472,0
DA:475,0
DA:477,0
DA:482,0
DA:484,0
DA:486,0
DA:491,0
DA:496,0
DA:498,0
DA:503,0
DA:505,0
DA:507,0
DA:512,0
DA:517,0
DA:522,0
DA:524,0
DA:528,0
DA:531,0
DA:533,0
DA:537,0
DA:542,0
DA:544,0
DA:546,0
DA:548,0
DA:551,0
DA:552,0
DA:556,0
DA:557,0
DA:559,0
DA:560,0
DA:563,0
DA:566,0
DA:571,0
DA:573,0
DA:577,0
DA:580,0
DA:582,0
DA:586,0
DA:590,0
DA:591,0
DA:592,0
DA:593,0
DA:594,0
DA:595,0
DA:598,0
DA:599,0
DA:602,0
DA:603,0
DA:604,51
BA:67,0
BA:67,0
BA:67,0
BA:67,0
BA:67,0
BA:67,0
BA:67,0
BA:67,0
BA:67,0
BA:67,0
BA:67,0
BA:67,0
BA:83,0
BA:83,0
BA:83,0
BA:83,0
BA:89,0
BA:89,0
BA:89,0
BA:89,0
BA:95,0
BA:95,0
BA:95,0
BA:95,0
BA:101,0
BA:101,0
BA:101,0
BA:101,0
BA:107,0
BA:107,0
BA:107,0
BA:107,0
BA:113,0
BA:113,0
BA:113,0
BA:113,0
BA:119,0
BA:119,0
BA:119,0
BA:119,0
BA:125,0
BA:125,0
BA:125,0
BA:125,0
BA:131,0
BA:131,0
BA:131,0
BA:131,0
BA:137,0
BA:137,0
BA:137,0
BA:137,0
BA:143,0
BA:143,0
BA:143,0
BA:143,0
BA:149,0
BA:149,0
BA:149,0
BA:149,0
BA:155,0
BA:155,0
BA:155,0
BA:155,0
BA:161,0
BA:161,0
BA:161,0
BA:161,0
BA:186,0
BA:186,0
BA:186,0
BA:186,0
BA:285,0
BA:285,0
BA:285,0
BA:285,0
BA:285,0
BA:285,0
BA:285,0
BA:285,0
BA:289,0
BA:289,0
BA:289,0
BA:289,0
BA:289,0
BA:289,0
BA:289,0
BA:289,0
BA:289,0
BA:289,0
BA:289,0
BA:289,0
BA:289,0
BA:289,0
BA:289,0
BA:289,0
BA:289,0
BA:289,0
BA:289,0
BA:289,0
BA:289,0
BA:289,0
BA:289,0
BA:289,0
BA:289,0
BA:289,0
BA:289,0
BA:289,0
BA:289,0
BA:289,0
BA:289,0
BA:289,0
BA:289,0
BA:289,0
BA:289,0
BA:289,0
BA:289,0
BA:289,0
BA:289,0
BA:289,0
BA:289,0
BA:289,0
BA:297,0
BA:297,0
BA:317,0
BA:317,0
BA:319,0
BA:319,0
BA:326,0
BA:326,0
BA:334,0
BA:334,0
BA:336,0
BA:336,0
BA:343,0
BA:343,0
BA:351,0
BA:351,0
BA:363,0
BA:363,0
BA:387,0
BA:387,0
BA:396,0
BA:396,0
BA:421,0
BA:421,0
BA:430,0
BA:430,0
BA:477,0
BA:477,0
BA:484,0
BA:484,0
BA:498,0
BA:498,0
BA:505,0
BA:505,0
BA:522,0
BA:522,0
BA:531,0
BA:531,0
BA:571,0
BA:571,0
BA:580,0
BA:580,0
BA:604,2
BA:604,1
BA:604,2
BA:604,1
LF:211
LH:1
end_of_record
SF:/home/frechilla/workspace/headless/blockem_sourceforge/src/gui_exception.h
FN:47,_ZNK12GUIException4whatEv
FN:39,_ZN12GUIExceptionC1ERKSs
FN:44,_ZN12GUIExceptionD0Ev
FN:44,_ZN12GUIExceptionD1Ev
FNDA:0,_ZN12GUIExceptionC1ERKSs
FNDA:0,_ZN12GUIExceptionD0Ev
FNDA:0,_ZN12GUIExceptionD1Ev
FNDA:0,_ZNK12GUIException4whatEv
FNF:4
FNH:0
DA:39,0
DA:41,0
DA:42,0
DA:44,0
DA:45,0
DA:47,0
DA:48,0
DA:49,0
BA:45,0
BA:45,0
BA:45,0
BA:45,0
LF:8
LH:0
end_of_record
SF:/home/frechilla/workspace/headless/blockem_sourceforge/src/gui_glade_defs.h
DA:97,17
DA:98,34
DA:99,34
DA:100,34
LF:4
LH:4
end_of_record
SF:/home/frechilla/workspace/headless/blockem_sourceforge/src/singleton.h
FN:39,_ZN9SingletonI13Game1v1ConfigE8InstanceEv
FNDA:0,_ZN9SingletonI13Game1v1ConfigE8InstanceEv
FNF:1
FNH:0
DA:39,0
DA:41,0
DA:43,0
DA:44,0
DA:47,0
BA:41,0
BA:41,0
BA:43,0
BA:43,0
BA:43,0
BA:43,0
BA:43,0
BA:43,0
LF:5
LH:0
end_of_record
TN:
SF:/usr/include/c++/4.4/bits/allocator.h
FN:121,_ZSteqIcEbRKSaIT_ES3_
FN:101,_ZNSaIcEC1Ev
FN:103,_ZNSaIcEC2ERKS_
FN:109,_ZNSaIcED1Ev
FN:103,_ZNSaIcEC1ERKS_
FN:109,_ZNSaIcED2Ev
FNDA:0,_ZNSaIcEC1Ev
FNDA:0,_ZNSaIcEC2ERKS_
FNDA:0,_ZNSaIcEC1ERKS_
FNDA:0,_ZNSaIcED1Ev
FNDA:0,_ZNSaIcED2Ev
FNDA:0,_ZSteqIcEbRKSaIT_ES3_
FNF:6
FNH:0
DA:101,0
DA:103,0
DA:104,0
DA:109,0
DA:121,0
DA:122,0
LF:6
LH:0
end_of_record
SF:/usr/include/c++/4.4/bits/basic_ios.h
FN:127,_ZNKSt9basic_iosIcSt11char_traitsIcEE7rdstateEv
FN:450,_ZNSt9basic_iosIcSt11char_traitsIcEEC2Ev
FN:272,_ZNSt9basic_iosIcSt11char_traitsIcEED2Ev
FN:46,_ZSt13__check_facetISt5ctypeIcEERKT_PS3_
FN:439,_ZNKSt9basic_iosIcSt11char_traitsIcEE5widenEc
FN:360,_ZNKSt9basic_iosIcSt11char_traitsIcEE4fillEv
FN:380,_ZNSt9basic_iosIcSt11char_traitsIcEE4fillEc
FN:147,_ZNSt9basic_iosIcSt11char_traitsIcEE8setstateESt12_Ios_Iostate
FNDA:0,_ZSt13__check_facetISt5ctypeIcEERKT_PS3_
FNDA:0,_ZNKSt9basic_iosIcSt11char_traitsIcEE7rdstateEv
FNDA:0,_ZNSt9basic_iosIcSt11char_traitsIcEE8setstateESt12_Ios_Iostate
FNDA:0,_ZNSt9basic_iosIcSt11char_traitsIcEED2Ev
FNDA:0,_ZNKSt9basic_iosIcSt11char_traitsIcEE4fillEv
FNDA:0,_ZNSt9basic_iosIcSt11char_traitsIcEE4fillEc
FNDA:0,_ZNKSt9basic_iosIcSt11char_traitsIcEE5widenEc
FNDA:0,_ZNSt9basic_iosIcSt11char_traitsIcEEC2Ev
FNF:8
FNH:0
DA:46,0
DA:48,0
DA:49,0
DA:50,0
DA:127,0
DA:128,0
DA:147,0
DA:148,0
DA:272,0
DA:360,0
DA:362,0
DA:364,0
DA:365,0
DA:367,0
DA:380,0
DA:382,0
DA:383,0
DA:384,0
DA:439,0
DA:440,0
DA:450,0
DA:452,0
DA:453,0
BA:48,0
BA:48,0
BA:272,0
BA:272,0
BA:362,0
BA:362,0
LF:23
LH:0
end_of_record
SF:/usr/include/c++/4.4/bits/basic_string.h
FN:272,_ZNKSs7_M_dataEv
FN:280,_ZNKSs6_M_repEv
FN:629,_ZNKSs6lengthEv
FN:1615,_ZNKSs5c_strEv
FN:209,_ZNSs4_Rep10_M_refdataEv
FN:1625,_ZNKSs4dataEv
FN:623,_ZNKSs4sizeEv
FN:173,_ZNSs4_Rep12_S_empty_repEv
FN:406,_ZNSs12_S_empty_repEv
FN:195,_ZNSs4_Rep15_M_set_sharableEv
FN:199,_ZNSs4_Rep26_M_set_length_and_sharableEj
FN:254,_ZNSs12_Alloc_hiderC1EPcRKSaIcE
FN:2147,_ZNSsC1Ev
FN:1632,_ZNKSs13get_allocatorEv
FN:253,_ZNSs12_Alloc_hiderD1Ev
FN:2501,_ZStlsIcSt11char_traitsIcESaIcEERSt13basic_ostreamIT_T0_ES7_RKSbIS4_S5_T1_E
FN:334,_ZNSs7_M_copyEPcPKcj
FN:379,_ZNSs13_S_copy_charsEPcS_S_
FN:1542,_ZNSs16_S_construct_auxIPcEES0_T_S1_RKSaIcESt12__false_type
FN:1559,_ZNSs12_S_constructIPcEES0_T_S1_RKSaIcE
FN:505,_ZNSsaSERKSs
FN:224,_ZNSs4_Rep10_M_disposeERKSaIcE
FN:497,_ZNSsD1Ev
FNDA:0,_ZNSs4_Rep12_S_empty_repEv
FNDA:0,_ZNSs4_Rep15_M_set_sharableEv
FNDA:0,_ZNSs4_Rep26_M_set_length_and_sharableEj
FNDA:0,_ZNSs4_Rep10_M_refdataEv
FNDA:0,_ZNSs4_Rep10_M_disposeERKSaIcE
FNDA:0,_ZNSs12_Alloc_hiderD1Ev
FNDA:0,_ZNSs12_Alloc_hiderC1EPcRKSaIcE
FNDA:0,_ZNKSs7_M_dataEv
FNDA:0,_ZNKSs6_M_repEv
FNDA:0,_ZNSs7_M_copyEPcPKcj
FNDA:0,_ZNSs13_S_copy_charsEPcS_S_
FNDA:0,_ZNSs12_S_empty_repEv
FNDA:0,_ZNSsD1Ev
FNDA:0,_ZNSsaSERKSs
FNDA:0,_ZNKSs4sizeEv
FNDA:0,_ZNKSs6lengthEv
FNDA:0,_ZNSs16_S_construct_auxIPcEES0_T_S1_RKSaIcESt12__false_type
FNDA:0,_ZNSs12_S_constructIPcEES0_T_S1_RKSaIcE
FNDA:0,_ZNKSs5c_strEv
FNDA:0,_ZNKSs4dataEv
FNDA:0,_ZNKSs13get_allocatorEv
FNDA:0,_ZNSsC1Ev
FNDA:0,_ZStlsIcSt11char_traitsIcESaIcEERSt13basic_ostreamIT_T0_ES7_RKSbIS4_S5_T1_E
FNF:23
FNH:0
DA:173,0
DA:178,0
DA:179,0
DA:195,0
DA:196,0
DA:199,0
DA:201,0
DA:202,0
DA:203,0
DA:206,0
DA:209,0
DA:210,0
DA:224,0
DA:227,0
DA:229,0
DA:231,0
DA:232,0
DA:253,0
DA:254,0
DA:255,0
DA:272,0
DA:273,0
DA:280,0
DA:281,0
DA:334,0
DA:336,0
DA:337,0
DA:339,0
DA:340,0
DA:379,0
DA:380,0
DA:406,0
DA:407,0
DA:497,0
DA:498,0
DA:505,0
DA:506,0
DA:623,0
DA:624,0
DA:629,0
DA:630,0
DA:1542,0
DA:1546,0
DA:1559,0
DA:1562,0
DA:1615,0
DA:1616,0
DA:1625,0
DA:1626,0
DA:1632,0
DA:1633,0
DA:2147,0
DA:2150,0
DA:2501,0
DA:2506,0
BA:227,0
BA:227,0
BA:229,0
BA:229,0
BA:336,0
BA:336,0
LF:55
LH:0
end_of_record
SF:/usr/include/c++/4.4/bits/basic_string.tcc
FN:123,_ZNSs12_S_constructIPcEES0_T_S1_RKSaIcESt20forward_iterator_tag
FN:228,_ZNSsC1IPcEET_S1_RKSaIcE
FNDA:0,_ZNSs12_S_constructIPcEES0_T_S1_RKSaIcESt20forward_iterator_tag
FNDA:0,_ZNSsC1IPcEET_S1_RKSaIcE
FNF:2
FNH:0
DA:123,0
DA:128,0
DA:129,0
DA:132,0
DA:134,0
DA:137,0
DA:139,0
DA:141,0
DA:142,0
DA:144,0
DA:145,0
DA:147,0
DA:148,0
DA:228,0
DA:230,0
DA:231,0
BA:128,0
BA:128,0
BA:128,0
BA:128,0
BA:128,0
BA:128,0
BA:128,0
BA:128,0
BA:128,0
BA:128,0
BA:132,0
BA:132,0
BA:132,0
BA:132,0
BA:132,0
BA:132,0
LF:16
LH:0
end_of_record
SF:/usr/include/c++/4.4/bits/char_traits.h
FN:246,_ZNSt11char_traitsIcE6assignERcRKc
FN:262,_ZNSt11char_traitsIcE6lengthEPKc
FN:274,_ZNSt11char_traitsIcE4copyEPcPKcj
FNDA:0,_ZNSt11char_traitsIcE6assignERcRKc
FNDA:0,_ZNSt11char_traitsIcE6lengthEPKc
FNDA:0,_ZNSt11char_traitsIcE4copyEPcPKcj
FNF:3
FNH:0
DA:246,0
DA:247,0
DA:262,0
DA:263,0
DA:274,0
DA:275,0
LF:6
LH:0
end_of_record
SF:/usr/include/c++/4.4/bits/ios_base.h
FN:128,_ZStorSt13_Ios_OpenmodeS_
FN:166,_ZStorSt12_Ios_IostateS_
FN:657,_ZNSt8ios_base5widthEi
FNDA:0,_ZStorSt13_Ios_OpenmodeS_
FNDA:0,_ZStorSt12_Ios_IostateS_
FNDA:0,_ZNSt8ios_base5widthEi
FNF:3
FNH:0
DA:128,0
DA:129,0
DA:166,0
DA:167,0
DA:657,0
DA:659,0
DA:660,0
DA:661,0
LF:8
LH:0
end_of_record
SF:/usr/include/c++/4.4/bits/locale_facets.h
FN:865,_ZNKSt5ctypeIcE5widenEc
FNDA:0,_ZNKSt5ctypeIcE5widenEc
FNF:1
FNH:0
DA:865,0
DA:867,0
DA:868,0
DA:869,0
DA:870,0
BA:867,0
BA:867,0
LF:5
LH:0
end_of_record
SF:/usr/include/c++/4.4/bits/stl_iterator_base_funcs.h
[...]
FNDA:0,_ZNSt4listISt6vectorI10CoordinateSaIS1_EESaIS3_EE25_M_check_equal_allocatorsERS5_
FNDA:0,_ZNSt4listIySaIyEE25_M_check_equal_allocatorsERS1_
FNF:90
FNH:0
DA:124,0
DA:125,0
DA:128,0
DA:129,0
DA:133,0
DA:134,0
DA:141,0
DA:143,0
DA:144,0
DA:175,0
DA:176,0
DA:204,0
DA:205,0
DA:207,0
DA:208,0
DA:213,0
DA:214,0
DA:217,0
DA:218,0
DA:221,0
DA:223,0
DA:224,0
DA:251,0
DA:252,0
DA:255,0
DA:256,0
DA:300,0
DA:307,0
DA:308,0
DA:309,0
DA:315,0
DA:316,0
DA:319,0
DA:320,0
DA:326,0
DA:327,0
DA:330,0
DA:331,0
DA:334,0
DA:335,0
DA:345,0
DA:346,0
DA:347,0
DA:359,0
DA:360,0
DA:366,0
DA:368,0
DA:369,0
DA:370,0
DA:418,0
DA:459,0
DA:461,0
DA:464,0
DA:466,0
DA:468,0
DA:469,0
DA:471,0
DA:571,0
DA:573,0
DA:577,0
DA:578,0
DA:689,0
DA:690,0
DA:698,0
DA:699,0
DA:707,0
DA:708,0
DA:716,0
DA:717,0
DA:799,0
DA:800,0
DA:919,0
DA:920,0
DA:1048,0
DA:1051,0
DA:1052,0
DA:1053,0
DA:1092,0
DA:1094,0
DA:1095,0
DA:1096,0
DA:1152,0
DA:1155,0
DA:1157,0
DA:1159,0
DA:1161,0
DA:1357,0
DA:1360,0
DA:1361,0
DA:1362,0
DA:1399,0
DA:1400,0
DA:1405,0
DA:1407,0
DA:1408,0
DA:1409,0
DA:1422,0
DA:1424,0
DA:1425,0
DA:1429,0
DA:1431,0
DA:1432,0
DA:1436,0
DA:1438,0
DA:1440,0
DA:1441,0
BA:1094,0
BA:1094,0
BA:1094,0
BA:1094,0
BA:1155,0
BA:1155,0
BA:1155,0
BA:1155,0
BA:1360,0
BA:1360,0
BA:1360,0
BA:1360,0
BA:1438,0
BA:1438,0
BA:1438,0
BA:1438,0
LF:106
LH:0
end_of_record
SF:/usr/include/c++/4.4/bits/stl_uninitialized.h
FN:67,_ZNSt20__uninitialized_copyILb0EE18uninitialized_copyIN9__gnu_cxx17__normal_iteratorIPK10CoordinateSt6vectorIS4_SaIS4_EEEEPS4_EET0_T_SD_SC_
FN:107,_ZSt18uninitialized_copyIN9__gnu_cxx17__normal_iteratorIPK10CoordinateSt6vectorIS2_SaIS2_EEEEPS2_ET0_T_SB_SA_
FN:255,_ZSt22__uninitialized_copy_aIN9__gnu_cxx17__normal_iteratorIPK10CoordinateSt6vectorIS2_SaIS2_EEEEPS2_S2_ET0_T_SB_SA_RSaIT1_E
FN:67,_ZNSt20__uninitialized_copyILb0EE18uninitialized_copyIP10CoordinateS3_EET0_T_S5_S4_
FN:107,_ZSt18uninitialized_copyIP10CoordinateS1_ET0_T_S3_S2_
FN:255,_ZSt22__uninitialized_copy_aIP10CoordinateS1_S0_ET0_T_S3_S2_RSaIT1_E
FNDA:0,_ZNSt20__uninitialized_copyILb0EE18uninitialized_copyIN9__gnu_cxx17__normal_iteratorIPK10CoordinateSt6vectorIS4_SaIS4_EEEEPS4_EET0_T_SD_SC_
FNDA:0,_ZNSt20__uninitialized_copyILb0EE18uninitialized_copyIP10CoordinateS3_EET0_T_S5_S4_
FNDA:0,_ZSt18uninitialized_copyIN9__gnu_cxx17__normal_iteratorIPK10CoordinateSt6vectorIS2_SaIS2_EEEEPS2_ET0_T_SB_SA_
FNDA:0,_ZSt18uninitialized_copyIP10CoordinateS1_ET0_T_S3_S2_
FNDA:0,_ZSt22__uninitialized_copy_aIN9__gnu_cxx17__normal_iteratorIPK10CoordinateSt6vectorIS2_SaIS2_EEEEPS2_S2_ET0_T_SB_SA_RSaIT1_E
FNDA:0,_ZSt22__uninitialized_copy_aIP10CoordinateS1_S0_ET0_T_S3_S2_RSaIT1_E
FNF:6
FNH:0
DA:67,0
DA:70,0
DA:73,0
DA:74,0
DA:76,0
DA:78,0
DA:80,0
DA:81,0
DA:107,0
DA:117,0
DA:255,0
DA:257,0
BA:73,0
BA:73,0
BA:73,0
BA:73,0
BA:74,0
BA:74,0
BA:74,0
BA:74,0
LF:12
LH:0
end_of_record
SF:/usr/include/c++/4.4/bits/stl_vector.h
FN:532,_ZNKSt6vectorI10CoordinateSaIS0_EE4sizeEv
FN:565,_ZNKSt6vectorI10CoordinateSaIS0_EE8capacityEv
FN:93,_ZNSt12_Vector_baseI10CoordinateSaIS0_EE19_M_get_Tp_allocatorEv
FN:452,_ZNKSt6vectorI10CoordinateSaIS0_EE3endEv
FN:434,_ZNKSt6vectorI10CoordinateSaIS0_EE5beginEv
FN:443,_ZNSt6vectorI10CoordinateSaIS0_EE3endEv
FN:425,_ZNSt6vectorI10CoordinateSaIS0_EE5beginEv
FN:97,_ZNKSt12_Vector_baseI10CoordinateSaIS0_EE19_M_get_Tp_allocatorEv
FN:143,_ZNSt12_Vector_baseI10CoordinateSaIS0_EE13_M_deallocateEPS0_j
FN:139,_ZNSt12_Vector_baseI10CoordinateSaIS0_EE11_M_allocateEj
FN:960,_ZNSt6vectorI10CoordinateSaIS0_EE20_M_allocate_and_copyIN9__gnu_cxx17__normal_iteratorIPKS0_S2_EEEEPS0_jT_SA_
FN:75,_ZNSt12_Vector_baseI10CoordinateSaIS0_EE12_Vector_implD1Ev
FN:131,_ZNSt12_Vector_baseI10CoordinateSaIS0_EED2Ev
FN:312,_ZNSt6vectorI10CoordinateSaIS0_EED1Ev
FN:84,_ZNSt12_Vector_baseI10CoordinateSaIS0_EE12_Vector_implC1ERKS1_
FN:110,_ZNSt12_Vector_baseI10CoordinateSaIS0_EEC2EjRKS1_
FN:241,_ZNSt6vectorI10CoordinateSaIS0_EEC1ERKS2_
FNDA:0,_ZNSt12_Vector_baseI10CoordinateSaIS0_EE12_Vector_implD1Ev
FNDA:0,_ZNSt12_Vector_baseI10CoordinateSaIS0_EE12_Vector_implC1ERKS1_
FNDA:0,_ZNSt12_Vector_baseI10CoordinateSaIS0_EE19_M_get_Tp_allocatorEv
FNDA:0,_ZNKSt12_Vector_baseI10CoordinateSaIS0_EE19_M_get_Tp_allocatorEv
FNDA:0,_ZNSt12_Vector_baseI10CoordinateSaIS0_EEC2EjRKS1_
FNDA:0,_ZNSt12_Vector_baseI10CoordinateSaIS0_EED2Ev
FNDA:0,_ZNSt12_Vector_baseI10CoordinateSaIS0_EE11_M_allocateEj
FNDA:0,_ZNSt12_Vector_baseI10CoordinateSaIS0_EE13_M_deallocateEPS0_j
FNDA:0,_ZNSt6vectorI10CoordinateSaIS0_EEC1ERKS2_
FNDA:0,_ZNSt6vectorI10CoordinateSaIS0_EED1Ev
FNDA:0,_ZNSt6vectorI10CoordinateSaIS0_EE5beginEv
FNDA:0,_ZNKSt6vectorI10CoordinateSaIS0_EE5beginEv
FNDA:0,_ZNSt6vectorI10CoordinateSaIS0_EE3endEv
FNDA:0,_ZNKSt6vectorI10CoordinateSaIS0_EE3endEv
FNDA:0,_ZNKSt6vectorI10CoordinateSaIS0_EE4sizeEv
FNDA:0,_ZNKSt6vectorI10CoordinateSaIS0_EE8capacityEv
FNDA:0,_ZNSt6vectorI10CoordinateSaIS0_EE20_M_allocate_and_copyIN9__gnu_cxx17__normal_iteratorIPKS0_S2_EEEEPS0_jT_SA_
FNF:17
FNH:0
DA:75,0
DA:84,0
DA:85,0
DA:86,0
DA:93,0
DA:94,0
DA:97,0
DA:98,0
DA:110,0
DA:111,0
DA:113,0
DA:114,0
DA:115,0
DA:116,0
DA:131,0
DA:132,0
DA:133,0
DA:139,0
DA:140,0
DA:143,0
DA:145,0
DA:146,0
DA:147,0
DA:241,0
DA:242,0
DA:243,0
DA:247,0
DA:312,0
DA:313,0
DA:314,0
DA:425,0
DA:426,0
DA:434,0
DA:435,0
DA:443,0
DA:444,0
DA:452,0
DA:453,0
DA:532,0
DA:533,0
DA:565,0
DA:567,0
DA:960,0
DA:963,0
DA:966,0
DA:968,0
DA:970,0
DA:972,0
DA:973,0
BA:140,0
BA:140,0
BA:145,0
BA:145,0
LF:49
LH:0
end_of_record
SF:/usr/include/c++/4.4/bits/vector.tcc
FN:156,_ZNSt6vectorI10CoordinateSaIS0_EEaSERKS2_
FNDA:0,_ZNSt6vectorI10CoordinateSaIS0_EEaSERKS2_
FNF:1
FNH:0
DA:156,0
DA:159,0
DA:161,0
DA:162,0
DA:165,0
DA:166,0
DA:168,0
DA:171,0
DA:172,0
DA:174,0
DA:176,0
DA:181,0
DA:183,0
DA:188,0
DA:190,0
BA:159,0
BA:159,0
BA:162,0
BA:162,0
BA:174,0
BA:174,0
LF:15
LH:0
end_of_record
SF:/usr/include/c++/4.4/ext/atomicity.h
FN:62,_ZN9__gnu_cxxL25__exchange_and_add_singleEPii
FN:45,_ZN9__gnu_cxxL18__exchange_and_addEPVii
FN:75,_ZN9__gnu_cxxL27__exchange_and_add_dispatchEPii
FNDA:0,_ZN9__gnu_cxxL18__exchange_and_addEPVii
FNDA:0,_ZN9__gnu_cxxL25__exchange_and_add_singleEPii
FNDA:0,_ZN9__gnu_cxxL27__exchange_and_add_dispatchEPii
FNF:3
FNH:0
DA:45,0
DA:46,0
DA:62,0
DA:64,0
DA:65,0
DA:66,0
DA:75,0
DA:78,0
DA:79,0
DA:81,0
BA:78,0
BA:78,0
LF:10
LH:0
end_of_record
SF:/usr/include/c++/4.4/ext/new_allocator.h
FN:66,_ZN9__gnu_cxx13new_allocatorIcEC2Ev
FN:73,_ZN9__gnu_cxx13new_allocatorIcED2Ev
FN:73,_ZN9__gnu_cxx13new_allocatorISt10_List_nodeIN4sigc9slot_baseEEED2Ev
FN:73,_ZN9__gnu_cxx13new_allocatorIN4sigc9slot_baseEED2Ev
FN:68,_ZN9__gnu_cxx13new_allocatorIcEC2ERKS1_
FN:66,_ZN9__gnu_cxx13new_allocatorISt6vectorI10CoordinateSaIS2_EEEC2Ev
FN:73,_ZN9__gnu_cxx13new_allocatorISt6vectorI10CoordinateSaIS2_EEED2Ev
FN:66,_ZN9__gnu_cxx13new_allocatorIyEC2Ev
FN:73,_ZN9__gnu_cxx13new_allocatorIyED2Ev
FN:66,_ZN9__gnu_cxx13new_allocatorIN4sigc9slot_baseEEC2Ev
FN:98,_ZNK9__gnu_cxx13new_allocatorISt10_List_nodeIN4sigc9slot_baseEEE8max_sizeEv
FN:98,_ZNK9__gnu_cxx13new_allocatorI10CoordinateE8max_sizeEv
FN:73,_ZN9__gnu_cxx13new_allocatorISt10_List_nodeISt6vectorI10CoordinateSaIS3_EEEED2Ev
FN:115,_ZN9__gnu_cxx13new_allocatorIyE7destroyEPy
FN:73,_ZN9__gnu_cxx13new_allocatorISt10_List_nodeIyEED2Ev
FN:66,_ZN9__gnu_cxx13new_allocatorISt10_List_nodeISt6vectorI10CoordinateSaIS3_EEEEC2Ev
FN:66,_ZN9__gnu_cxx13new_allocatorISt10_List_nodeIyEEC2Ev
FN:68,_ZN9__gnu_cxx13new_allocatorISt10_List_nodeISt6vectorI10CoordinateSaIS3_EEEEC2ERKS7_
FN:68,_ZN9__gnu_cxx13new_allocatorISt10_List_nodeIyEEC2ERKS3_
FN:104,_ZN9__gnu_cxx13new_allocatorIyE9constructEPyRKy
FN:73,_ZN9__gnu_cxx13new_allocatorI10CoordinateED2Ev
FN:98,_ZNK9__gnu_cxx13new_allocatorISt10_List_nodeISt6vectorI10CoordinateSaIS3_EEEE8max_sizeEv
FN:98,_ZNK9__gnu_cxx13new_allocatorISt10_List_nodeIyEE8max_sizeEv
FN:68,_ZN9__gnu_cxx13new_allocatorI10CoordinateEC2ERKS2_
FN:94,_ZN9__gnu_cxx13new_allocatorI10CoordinateE10deallocateEPS1_j
FN:94,_ZN9__gnu_cxx13new_allocatorISt10_List_nodeISt6vectorI10CoordinateSaIS3_EEEE10deallocateEPS6_j
FN:94,_ZN9__gnu_cxx13new_allocatorISt10_List_nodeIyEE10deallocateEPS2_j
FN:94,_ZN9__gnu_cxx13new_allocatorISt10_List_nodeIN4sigc9slot_baseEEE10deallocateEPS4_j
FN:84,_ZN9__gnu_cxx13new_allocatorI10CoordinateE8allocateEjPKv
FN:84,_ZN9__gnu_cxx13new_allocatorISt10_List_nodeISt6vectorI10CoordinateSaIS3_EEEE8allocateEjPKv
FN:84,_ZN9__gnu_cxx13new_allocatorISt10_List_nodeIyEE8allocateEjPKv
FN:84,_ZN9__gnu_cxx13new_allocatorISt10_List_nodeIN4sigc9slot_baseEEE8allocateEjPKv
FN:115,_ZN9__gnu_cxx13new_allocatorISt6vectorI10CoordinateSaIS2_EEE7destroyEPS4_
FN:104,_ZN9__gnu_cxx13new_allocatorISt6vectorI10CoordinateSaIS2_EEE9constructEPS4_RKS4_
FN:115,_ZN9__gnu_cxx13new_allocatorIN4sigc9slot_baseEE7destroyEPS2_
FN:104,_ZN9__gnu_cxx13new_allocatorIN4sigc9slot_baseEE9constructEPS2_RKS2_
FNDA:0,_ZN9__gnu_cxx13new_allocatorIcEC2Ev
FNDA:0,_ZN9__gnu_cxx13new_allocatorISt6vectorI10CoordinateSaIS2_EEEC2Ev
FNDA:0,_ZN9__gnu_cxx13new_allocatorIyEC2Ev
FNDA:0,_ZN9__gnu_cxx13new_allocatorIN4sigc9slot_baseEEC2Ev
FNDA:0,_ZN9__gnu_cxx13new_allocatorISt10_List_nodeISt6vectorI10CoordinateSaIS3_EEEEC2Ev
FNDA:0,_ZN9__gnu_cxx13new_allocatorISt10_List_nodeIyEEC2Ev
FNDA:0,_ZN9__gnu_cxx13new_allocatorIcEC2ERKS1_
FNDA:0,_ZN9__gnu_cxx13new_allocatorISt10_List_nodeISt6vectorI10CoordinateSaIS3_EEEEC2ERKS7_
FNDA:0,_ZN9__gnu_cxx13new_allocatorISt10_List_nodeIyEEC2ERKS3_
FNDA:0,_ZN9__gnu_cxx13new_allocatorI10CoordinateEC2ERKS2_
FNDA:0,_ZN9__gnu_cxx13new_allocatorIcED2Ev
FNDA:0,_ZN9__gnu_cxx13new_allocatorISt10_List_nodeIN4sigc9slot_baseEEED2Ev
FNDA:0,_ZN9__gnu_cxx13new_allocatorIN4sigc9slot_baseEED2Ev
FNDA:0,_ZN9__gnu_cxx13new_allocatorISt6vectorI10CoordinateSaIS2_EEED2Ev
FNDA:0,_ZN9__gnu_cxx13new_allocatorIyED2Ev
FNDA:0,_ZN9__gnu_cxx13new_allocatorISt10_List_nodeISt6vectorI10CoordinateSaIS3_EEEED2Ev
FNDA:0,_ZN9__gnu_cxx13new_allocatorISt10_List_nodeIyEED2Ev
FNDA:0,_ZN9__gnu_cxx13new_allocatorI10CoordinateED2Ev
FNDA:0,_ZN9__gnu_cxx13new_allocatorI10CoordinateE8allocateEjPKv
FNDA:0,_ZN9__gnu_cxx13new_allocatorISt10_List_nodeISt6vectorI10CoordinateSaIS3_EEEE8allocateEjPKv
FNDA:0,_ZN9__gnu_cxx13new_allocatorISt10_List_nodeIyEE8allocateEjPKv
FNDA:0,_ZN9__gnu_cxx13new_allocatorISt10_List_nodeIN4sigc9slot_baseEEE8allocateEjPKv
FNDA:0,_ZN9__gnu_cxx13new_allocatorI10CoordinateE10deallocateEPS1_j
FNDA:0,_ZN9__gnu_cxx13new_allocatorISt10_List_nodeISt6vectorI10CoordinateSaIS3_EEEE10deallocateEPS6_j
FNDA:0,_ZN9__gnu_cxx13new_allocatorISt10_List_nodeIyEE10deallocateEPS2_j
FNDA:0,_ZN9__gnu_cxx13new_allocatorISt10_List_nodeIN4sigc9slot_baseEEE10deallocateEPS4_j
FNDA:0,_ZNK9__gnu_cxx13new_allocatorISt10_List_nodeIN4sigc9slot_baseEEE8max_sizeEv
FNDA:0,_ZNK9__gnu_cxx13new_allocatorI10CoordinateE8max_sizeEv
FNDA:0,_ZNK9__gnu_cxx13new_allocatorISt10_List_nodeISt6vectorI10CoordinateSaIS3_EEEE8max_sizeEv
FNDA:0,_ZNK9__gnu_cxx13new_allocatorISt10_List_nodeIyEE8max_sizeEv
FNDA:0,_ZN9__gnu_cxx13new_allocatorIyE9constructEPyRKy
FNDA:0,_ZN9__gnu_cxx13new_allocatorISt6vectorI10CoordinateSaIS2_EEE9constructEPS4_RKS4_
FNDA:0,_ZN9__gnu_cxx13new_allocatorIN4sigc9slot_baseEE9constructEPS2_RKS2_
FNDA:0,_ZN9__gnu_cxx13new_allocatorIyE7destroyEPy
FNDA:0,_ZN9__gnu_cxx13new_allocatorISt6vectorI10CoordinateSaIS2_EEE7destroyEPS4_
FNDA:0,_ZN9__gnu_cxx13new_allocatorIN4sigc9slot_baseEE7destroyEPS2_
FNF:36
FNH:0
DA:66,0
DA:68,0
DA:73,0
DA:84,0
DA:86,0
DA:87,0
DA:89,0
DA:94,0
DA:95,0
DA:98,0
DA:99,0
DA:104,0
DA:105,0
DA:115,0
BA:86,0
BA:86,0
BA:86,0
BA:86,0
BA:86,0
BA:86,0
BA:86,0
BA:86,0
BA:105,0
BA:105,0
BA:105,0
BA:105,0
BA:105,0
BA:105,0
LF:14
LH:0
end_of_record
SF:/usr/include/c++/4.4/i486-linux-gnu/bits/gthr-default.h
FN:238,_ZL18__gthread_active_pv
FNDA:0,_ZL18__gthread_active_pv
FNF:1
FNH:0
DA:238,0
DA:242,0
LF:2
LH:0
end_of_record
SF:/usr/include/c++/4.4/new
FN:101,_ZnwjPv
FN:105,_ZdlPvS_
FNDA:0,_ZnwjPv
FNDA:0,_ZdlPvS_
FNF:2
FNH:0
DA:101,0
DA:105,0
LF:2
LH:0
end_of_record
SF:/usr/include/sigc++-2.0/sigc++/functors/slot_base.h
FN:272,_ZNK4sigc9slot_base5emptyEv
FN:278,_ZNK4sigc9slot_base7blockedEv
FNDA:0,_ZNK4sigc9slot_base5emptyEv
FNDA:0,_ZNK4sigc9slot_base7blockedEv
FNF:2
FNH:0
DA:272,0
DA:273,0
DA:278,0
DA:279,0
BA:273,0
BA:273,0
BA:273,0
BA:273,0
LF:4
LH:0
end_of_record
SF:/usr/include/sigc++-2.0/sigc++/signal.h
FN:1130,_ZN4sigc8internal12signal_emit4IvRK5PieceRK10CoordinateN7Game1v116eGame1v1Player_tEiNS_3nilEE4emitEPNS0_11signal_implES4_S7_RKS9_RKi
FN:2157,_ZNK4sigc7signal4IvRK5PieceRK10CoordinateN7Game1v116eGame1v1Player_tEiNS_3nilEE4emitES3_S6_RKS8_RKi
FN:2111,_ZN4sigc7signal4IvRK5PieceRK10CoordinateN7Game1v116eGame1v1Player_tEiNS_3nilEED2Ev
FN:2600,_ZN4sigc6signalIvRK5PieceRK10CoordinateN7Game1v116eGame1v1Player_tEiNS_3nilES9_S9_ED1Ev
FN:2188,_ZN4sigc7signal4IvRK5PieceRK10CoordinateN7Game1v116eGame1v1Player_tEiNS_3nilEEC2Ev
FN:2815,_ZN4sigc6signalIvRK5PieceRK10CoordinateN7Game1v116eGame1v1Player_tEiNS_3nilES9_S9_EC1Ev
FNDA:0,_ZN4sigc8internal12signal_emit4IvRK5PieceRK10CoordinateN7Game1v116eGame1v1Player_tEiNS_3nilEE4emitEPNS0_11signal_implES4_S7_RKS9_RKi
FNDA:0,_ZN4sigc7signal4IvRK5PieceRK10CoordinateN7Game1v116eGame1v1Player_tEiNS_3nilEED2Ev
FNDA:0,_ZNK4sigc7signal4IvRK5PieceRK10CoordinateN7Game1v116eGame1v1Player_tEiNS_3nilEE4emitES3_S6_RKS8_RKi
FNDA:0,_ZN4sigc7signal4IvRK5PieceRK10CoordinateN7Game1v116eGame1v1Player_tEiNS_3nilEEC2Ev
FNDA:0,_ZN4sigc6signalIvRK5PieceRK10CoordinateN7Game1v116eGame1v1Player_tEiNS_3nilES9_S9_ED1Ev
FNDA:0,_ZN4sigc6signalIvRK5PieceRK10CoordinateN7Game1v116eGame1v1Player_tEiNS_3nilES9_S9_EC1Ev
FNF:6
FNH:0
DA:1130,0
DA:1132,0
DA:1133,0
DA:1134,0
DA:1136,0
DA:1138,0
DA:1139,0
DA:1140,0
DA:2111,0
DA:2157,0
DA:2158,0
DA:2188,0
DA:2600,0
DA:2815,0
BA:1132,0
BA:1132,0
BA:1132,0
BA:1132,0
BA:1132,0
BA:1132,0
BA:1136,0
BA:1136,0
BA:1138,0
BA:1138,0
BA:1138,0
BA:1138,0
BA:1138,0
BA:1138,0
LF:14
LH:0
end_of_record
SF:/usr/include/sigc++-2.0/sigc++/signal_base.h
FN:64,_ZN4sigc8internal11signal_impl14reference_execEv
FN:155,_ZN4sigc8internal11signal_execC1EPKNS0_11signal_implE
FN:189,_ZN4sigc8internal14temp_slot_list3endEv
FN:188,_ZN4sigc8internal14temp_slot_list5beginEv
FN:183,_ZN4sigc8internal14temp_slot_listD1Ev
FN:45,_ZN4sigc8internal11signal_implD1Ev
FN:178,_ZN4sigc8internal14temp_slot_listC1ERSt4listINS_9slot_baseESaIS3_EE
FN:77,_ZN4sigc8internal11signal_impl16unreference_execEv
FN:160,_ZN4sigc8internal11signal_execD1Ev
FNDA:0,_ZN4sigc8internal11signal_implD1Ev
FNDA:0,_ZN4sigc8internal11signal_impl14reference_execEv
FNDA:0,_ZN4sigc8internal11signal_impl16unreference_execEv
FNDA:0,_ZN4sigc8internal11signal_execC1EPKNS0_11signal_implE
FNDA:0,_ZN4sigc8internal11signal_execD1Ev
FNDA:0,_ZN4sigc8internal14temp_slot_listC1ERSt4listINS_9slot_baseESaIS3_EE
FNDA:0,_ZN4sigc8internal14temp_slot_listD1Ev
FNDA:0,_ZN4sigc8internal14temp_slot_list5beginEv
FNDA:0,_ZN4sigc8internal14temp_slot_list3endEv
FNF:9
FNH:0
DA:45,0
DA:64,0
DA:65,0
DA:77,0
DA:79,0
DA:80,0
DA:81,0
DA:155,0
DA:156,0
DA:157,0
DA:160,0
DA:161,0
DA:178,0
DA:180,0
DA:181,0
DA:183,0
DA:185,0
DA:186,0
DA:188,0
DA:189,0
BA:79,0
BA:79,0
BA:79,0
BA:79,0
BA:80,0
BA:80,0
BA:80,0
BA:80,0
BA:80,0
BA:80,0
LF:20
LH:0
end_of_record
SF:/home/frechilla/workspace/headless/blockem_sourceforge/src/coordinate.h
FN:49,_ZN10CoordinateC1Ev
FN:53,_ZN10CoordinateC1Eii
FN:47,_ZN10CoordinateaSERKS_
FN:47,_ZN10CoordinateC1ERKS_
FN:57,_ZN10CoordinateD0Ev
FN:57,_ZN10CoordinateD1Ev
FNDA:0,_ZN10CoordinateaSERKS_
FNDA:0,_ZN10CoordinateC1ERKS_
FNDA:0,_ZN10CoordinateC1Ev
FNDA:0,_ZN10CoordinateC1Eii
FNDA:0,_ZN10CoordinateD0Ev
FNDA:0,_ZN10CoordinateD1Ev
FNF:6
FNH:0
DA:47,0
DA:49,0
DA:51,0
DA:52,0
DA:53,0
DA:55,0
DA:56,0
DA:57,0
DA:58,0
BA:58,0
BA:58,0
BA:58,0
BA:58,0
LF:9
LH:0
end_of_record
SF:/home/frechilla/workspace/headless/blockem_sourceforge/src/game1v1.h
FN:91,_ZNK7Game1v18GetBoardEv
FN:62,_ZN7Game1v1aSERKS_
FNDA:0,_ZN7Game1v1aSERKS_
FNDA:0,_ZNK7Game1v18GetBoardEv
FNF:2
FNH:0
DA:53,17
DA:56,17
DA:62,0
DA:91,0
DA:93,0
LF:5
LH:2
end_of_record
SF:/home/frechilla/workspace/headless/blockem_sourceforge/src/gui_exception.h
FN:47,_ZNK12GUIException4whatEv
FN:39,_ZN12GUIExceptionC1ERKSs
FN:44,_ZN12GUIExceptionD0Ev
FN:44,_ZN12GUIExceptionD1Ev
FNDA:0,_ZN12GUIExceptionC1ERKSs
FNDA:0,_ZN12GUIExceptionD0Ev
FNDA:0,_ZN12GUIExceptionD1Ev
FNDA:0,_ZNK12GUIException4whatEv
FNF:4
FNH:0
DA:39,0
DA:41,0
DA:42,0
DA:44,0
DA:45,0
DA:47,0
DA:48,0
DA:49,0
BA:45,0
BA:45,0
BA:45,0
BA:45,0
LF:8
LH:0
end_of_record
SF:/home/frechilla/workspace/headless/blockem_sourceforge/src/gui_main_window_worker_thread.cpp
FN:150,_ZN22MainWindowWorkerThread15CancelComputingEv
FN:170,_ZN22MainWindowWorkerThread21IsThreadComputingMoveEv
FN:331,_Z41__static_initialization_and_destruction_0ii
FN:331,_GLOBAL__I__ZN22MainWindowWorkerThreadC2Ev
FN:229,_ZN22MainWindowWorkerThread13ThreadRoutineEPv
FN:181,_ZN22MainWindowWorkerThread11ComputeMoveERK7Game1v1NS0_16eGame1v1Player_tEPFiRK5BoardRK6PlayerS9_EibRK10CoordinateRK5Piece
FN:132,_ZN22MainWindowWorkerThread4JoinEv
FN:105,_ZN22MainWindowWorkerThread11SpawnThreadEv
FN:99,_ZN22MainWindowWorkerThreadD0Ev
FN:99,_ZN22MainWindowWorkerThreadD1Ev
FN:99,_ZN22MainWindowWorkerThreadD2Ev
FN:66,_ZN22MainWindowWorkerThreadC1Ev
FN:66,_ZN22MainWindowWorkerThreadC2Ev
FNDA:0,_ZN22MainWindowWorkerThreadC1Ev
FNDA:0,_ZN22MainWindowWorkerThreadC2Ev
FNDA:0,_ZN22MainWindowWorkerThreadD0Ev
FNDA:0,_ZN22MainWindowWorkerThreadD1Ev
FNDA:0,_ZN22MainWindowWorkerThreadD2Ev
FNDA:0,_ZN22MainWindowWorkerThread11SpawnThreadEv
FNDA:0,_ZN22MainWindowWorkerThread4JoinEv
FNDA:0,_ZN22MainWindowWorkerThread15CancelComputingEv
FNDA:0,_ZN22MainWindowWorkerThread21IsThreadComputingMoveEv
FNDA:0,_ZN22MainWindowWorkerThread11ComputeMoveERK7Game1v1NS0_16eGame1v1Player_tEPFiRK5BoardRK6PlayerS9_EibRK10CoordinateRK5Piece
FNDA:0,_ZN22MainWindowWorkerThread13ThreadRoutineEPv
FNDA:17,_Z41__static_initialization_and_destruction_0ii
FNDA:17,_GLOBAL__I__ZN22MainWindowWorkerThreadC2Ev
FNF:13
FNH:2
DA:66,0
DA:76,0
DA:78,0
DA:79,0
DA:81,0
DA:87,0
DA:88,0
DA:90,0
DA:96,0
DA:97,0
DA:99,0
DA:101,0
DA:102,0
DA:103,0
DA:105,0
DA:108,0
DA:109,0
DA:119,0
DA:121,0
DA:124,0
DA:130,0
DA:132,0
DA:134,0
DA:139,0
DA:142,0
DA:144,0
DA:147,0
DA:148,0
DA:150,0
DA:152,0
DA:154,0
DA:158,0
DA:161,0
DA:163,0
DA:167,0
DA:168,0
DA:170,0
DA:174,0
DA:175,0
DA:176,0
DA:178,0
DA:181,0
DA:190,0
DA:192,0
DA:196,0
DA:200,0
DA:203,0
DA:207,0
DA:208,0
DA:209,0
DA:210,0
DA:211,0
DA:212,0
DA:215,0
DA:218,0
DA:221,0
DA:224,0
DA:226,0
DA:229,0
DA:232,0
DA:235,0
DA:237,0
DA:241,0
DA:243,0
DA:246,0
DA:250,0
DA:253,0
DA:258,0
DA:261,0
DA:264,0
DA:268,0
DA:269,0
DA:276,0
DA:280,0
DA:283,0
DA:285,0
DA:286,0
DA:296,0
DA:298,0
DA:300,0
DA:301,0
DA:304,0
DA:312,0
DA:316,0
DA:321,0
DA:330,0
DA:331,51
BA:79,0
BA:79,0
BA:79,0
BA:79,0
BA:88,0
BA:88,0
BA:88,0
BA:88,0
BA:101,0
BA:101,0
BA:101,0
BA:101,0
BA:101,0
BA:101,0
BA:102,0
BA:102,0
BA:102,0
BA:102,0
BA:102,0
BA:102,0
BA:103,0
BA:103,0
BA:103,0
BA:103,0
BA:103,0
BA:103,0
BA:121,0
BA:121,0
BA:134,0
BA:134,0
BA:142,0
BA:142,0
BA:144,0
BA:144,0
BA:152,0
BA:152,0
BA:154,0
BA:154,0
BA:161,0
BA:161,0
BA:163,0
BA:163,0
BA:167,0
BA:167,0
BA:174,0
BA:174,0
BA:176,0
BA:176,0
BA:192,0
BA:192,0
BA:196,0
BA:196,0
BA:196,0
BA:196,0
BA:196,0
BA:196,0
BA:196,0
BA:196,0
BA:200,0
BA:200,0
BA:203,0
BA:203,0
BA:218,0
BA:218,0
BA:224,0
BA:224,0
BA:241,0
BA:241,0
BA:243,0
BA:243,0
BA:246,0
BA:246,0
BA:253,0
BA:253,0
BA:258,0
BA:258,0
BA:261,0
BA:261,0
BA:264,0
BA:264,0
BA:268,0
BA:268,0
BA:276,0
BA:276,0
BA:283,0
BA:283,0
BA:283,0
BA:283,0
BA:283,0
BA:283,0
BA:298,0
BA:298,0
BA:316,0
BA:316,0
BA:331,2
BA:331,1
BA:331,2
BA:331,1
LF:87
LH:1
end_of_record
SF:/home/frechilla/workspace/headless/blockem_sourceforge/src/gui_main_window_worker_thread.h
FN:85,_ZN22MainWindowWorkerThread24signal_computingFinishedEv
FNDA:0,_ZN22MainWindowWorkerThread24signal_computingFinishedEv
FNF:1
FNH:0
DA:85,0
DA:87,0
LF:2
LH:0
end_of_record
SF:/home/frechilla/workspace/headless/blockem_sourceforge/src/piece.h
FN:152,_ZNK5Piece7GetTypeEv
FN:92,_ZN5PieceaSERKS_
FNDA:0,_ZN5PieceaSERKS_
FNDA:0,_ZNK5Piece7GetTypeEv
FNF:2
FNH:0
DA:92,0
DA:152,0
DA:154,0
LF:3
LH:0
end_of_record
